#
# There is insufficient memory for the Java Runtime Environment to continue.
# Native memory allocation (malloc) failed to allocate 1204656 bytes for Chunk::new
# Possible reasons:
#   The system is out of physical RAM or swap space
#   The process is running with CompressedOops enabled, and the Java Heap may be blocking the growth of the native heap
# Possible solutions:
#   Reduce memory load on the system
#   Increase physical memory or swap space
#   Check if swap backing store is full
#   Decrease Java heap size (-Xmx/-Xms)
#   Decrease number of Java threads
#   Decrease Java thread stack sizes (-Xss)
#   Set larger code cache with -XX:ReservedCodeCacheSize=
#   JVM is running with Unscaled Compressed Oops mode in which the Java heap is
#     placed in the first 4GB address space. The Java Heap base address is the
#     maximum limit for the native heap growth. Please use -XX:HeapBaseMinAddress
#     to set the Java Heap base and to place the Java Heap above 4GB virtual address.
# This output file may be truncated or incomplete.
#
#  Out of Memory Error (./open/src/hotspot/share/memory/arena.cpp:197), pid=89944, tid=28868
#
# JRE version: Java(TM) SE Runtime Environment 18.9 (11.0.18+9) (build 11.0.18+9-LTS-195)
# Java VM: Java HotSpot(TM) 64-Bit Server VM 18.9 (11.0.18+9-LTS-195, mixed mode, tiered, compressed oops, g1 gc, windows-amd64)
# No core dump will be written. Minidumps are not enabled by default on client versions of Windows
#

---------------  S U M M A R Y ------------

Command Line: -XX:MaxMetaspaceSize=512m --add-opens=java.base/java.util=ALL-UNNAMED --add-opens=java.base/java.lang=ALL-UNNAMED --add-opens=java.base/java.lang.invoke=ALL-UNNAMED --add-opens=java.prefs/java.util.prefs=ALL-UNNAMED --add-opens=java.base/java.nio.charset=ALL-UNNAMED --add-opens=java.base/java.net=ALL-UNNAMED --add-opens=java.base/java.util.concurrent.atomic=ALL-UNNAMED -Xmx2048m -Dfile.encoding=windows-1252 -Duser.country=IN -Duser.language=en -Duser.variant org.gradle.launcher.daemon.bootstrap.GradleDaemon 8.0.1

Host: 11th Gen Intel(R) Core(TM) i3-1115G4 @ 3.00GHz, 4 cores, 15G,  Windows 11 , 64 bit Build 22621 (10.0.22621.2506)
Time: Wed Nov 29 12:53:35 2023 India Standard Time elapsed time: 41.697021 seconds (0d 0h 0m 41s)

---------------  T H R E A D  ---------------

Current thread (0x000001552ed48800):  JavaThread "C2 CompilerThread0" daemon [_thread_in_native, id=28868, stack(0x0000001b68100000,0x0000001b68200000)]


Current CompileTask:
C2:  41697 3756       4       org.codehaus.groovy.runtime.metaclass.MetaMethodIndex::addMethodToList (131 bytes)

Stack: [0x0000001b68100000,0x0000001b68200000]
Native frames: (J=compiled Java code, j=interpreted, Vv=VM code, C=native code)
V  [jvm.dll+0x65d8aa]
V  [jvm.dll+0x79fc1f]
V  [jvm.dll+0x7a12e9]
V  [jvm.dll+0x7a1983]
V  [jvm.dll+0x2585b5]
V  [jvm.dll+0xb284c]
V  [jvm.dll+0xb2e0c]
V  [jvm.dll+0x365ddf]
V  [jvm.dll+0x32eb15]
V  [jvm.dll+0x32defa]
V  [jvm.dll+0x2113ad]
V  [jvm.dll+0x210378]
V  [jvm.dll+0x18c641]
V  [jvm.dll+0x220609]
V  [jvm.dll+0x21e92c]
V  [jvm.dll+0x763f61]
V  [jvm.dll+0x75c924]
V  [jvm.dll+0x65c755]
C  [ucrtbase.dll+0x29363]
C  [KERNEL32.DLL+0x1257d]
C  [ntdll.dll+0x5aa58]


---------------  P R O C E S S  ---------------

Threads class SMR info:
_java_thread_list=0x00000155312f8110, length=36, elements={
0x000001550ed67800, 0x000001552e4c1000, 0x000001552e4c3000, 0x000001552e4cd000,
0x000001552e4ce000, 0x000001552ed47000, 0x000001552ed48800, 0x000001552ed9f000,
0x000001552edb6000, 0x000001552eeb9800, 0x0000015530e7c000, 0x000001553074e000,
0x000001552ffc4800, 0x000001552ffc3800, 0x000001552ee6c800, 0x000001552fce7800,
0x000001553069d800, 0x000001553002f800, 0x0000015530034800, 0x0000015530697000,
0x0000015530693000, 0x0000015530693800, 0x0000015530692000, 0x0000015530691800,
0x0000015530698000, 0x0000015530694800, 0x0000015530695800, 0x0000015530696000,
0x0000015530c2e800, 0x0000015530c2c800, 0x0000015530c2a800, 0x0000015530c2b000,
0x0000015530c31800, 0x0000015530c2d800, 0x0000015530c32800, 0x0000015530c34000
}

Java Threads: ( => current thread )
  0x000001550ed67800 JavaThread "main" [_thread_blocked, id=99268, stack(0x0000001b67500000,0x0000001b67600000)]
  0x000001552e4c1000 JavaThread "Reference Handler" daemon [_thread_blocked, id=70168, stack(0x0000001b67c00000,0x0000001b67d00000)]
  0x000001552e4c3000 JavaThread "Finalizer" daemon [_thread_blocked, id=93428, stack(0x0000001b67d00000,0x0000001b67e00000)]
  0x000001552e4cd000 JavaThread "Signal Dispatcher" daemon [_thread_blocked, id=102364, stack(0x0000001b67e00000,0x0000001b67f00000)]
  0x000001552e4ce000 JavaThread "Attach Listener" daemon [_thread_blocked, id=94040, stack(0x0000001b67f00000,0x0000001b68000000)]
  0x000001552ed47000 JavaThread "Service Thread" daemon [_thread_blocked, id=94056, stack(0x0000001b68000000,0x0000001b68100000)]
=>0x000001552ed48800 JavaThread "C2 CompilerThread0" daemon [_thread_in_native, id=28868, stack(0x0000001b68100000,0x0000001b68200000)]
  0x000001552ed9f000 JavaThread "C1 CompilerThread0" daemon [_thread_blocked, id=20776, stack(0x0000001b68200000,0x0000001b68300000)]
  0x000001552edb6000 JavaThread "Sweeper thread" daemon [_thread_blocked, id=22212, stack(0x0000001b68300000,0x0000001b68400000)]
  0x000001552eeb9800 JavaThread "Common-Cleaner" daemon [_thread_blocked, id=88348, stack(0x0000001b68400000,0x0000001b68500000)]
  0x0000015530e7c000 JavaThread "Daemon health stats" [_thread_blocked, id=85636, stack(0x0000001b68900000,0x0000001b68a00000)]
  0x000001553074e000 JavaThread "Incoming local TCP Connector on port 55515" [_thread_in_native, id=104220, stack(0x0000001b68a00000,0x0000001b68b00000)]
  0x000001552ffc4800 JavaThread "Daemon" [_thread_blocked, id=9796, stack(0x0000001b68b00000,0x0000001b68c00000)]
  0x000001552ffc3800 JavaThread "Handler for socket connection from /127.0.0.1:55515 to /127.0.0.1:55517" [_thread_in_native, id=95280, stack(0x0000001b68c00000,0x0000001b68d00000)]
  0x000001552ee6c800 JavaThread "Daemon periodic checks" [_thread_blocked, id=97292, stack(0x0000001b68d00000,0x0000001b68e00000)]
  0x000001552fce7800 JavaThread "Cancel handler" [_thread_blocked, id=76860, stack(0x0000001b68e00000,0x0000001b68f00000)]
  0x000001553069d800 JavaThread "Daemon worker" [_thread_in_vm, id=84212, stack(0x0000001b68f00000,0x0000001b69000000)]
  0x000001553002f800 JavaThread "Asynchronous log dispatcher for DefaultDaemonConnection: socket connection from /127.0.0.1:55515 to /127.0.0.1:55517" [_thread_blocked, id=93748, stack(0x0000001b69000000,0x0000001b69100000)]
  0x0000015530034800 JavaThread "Stdin handler" [_thread_blocked, id=88300, stack(0x0000001b69100000,0x0000001b69200000)]
  0x0000015530697000 JavaThread "Daemon client event forwarder" [_thread_blocked, id=102912, stack(0x0000001b69200000,0x0000001b69300000)]
  0x0000015530693000 JavaThread "Cache worker for journal cache (C:\Users\Kishore Gurti\.gradle\caches\journal-1)" [_thread_blocked, id=102924, stack(0x0000001b69300000,0x0000001b69400000)]
  0x0000015530693800 JavaThread "File lock request listener" [_thread_in_native, id=98308, stack(0x0000001b69400000,0x0000001b69500000)]
  0x0000015530692000 JavaThread "Cache worker for file hash cache (C:\Users\Kishore Gurti\.gradle\caches\8.0.1\fileHashes)" [_thread_blocked, id=94416, stack(0x0000001b69500000,0x0000001b69600000)]
  0x0000015530691800 JavaThread "File lock release action executor" [_thread_blocked, id=95152, stack(0x0000001b69600000,0x0000001b69700000)]
  0x0000015530698000 JavaThread "File watcher server" daemon [_thread_in_native, id=100404, stack(0x0000001b69700000,0x0000001b69800000)]
  0x0000015530694800 JavaThread "File watcher consumer" daemon [_thread_blocked, id=94000, stack(0x0000001b69800000,0x0000001b69900000)]
  0x0000015530695800 JavaThread "Cache worker for checksums cache (C:\Users\Kishore Gurti\Desktop\my-fda\FoodDeliveryApp\android\.gradle\8.0.1\checksums)" [_thread_blocked, id=101536, stack(0x0000001b69900000,0x0000001b69a00000)]
  0x0000015530696000 JavaThread "Cache worker for cache directory md-rule (C:\Users\Kishore Gurti\.gradle\caches\8.0.1\md-rule)" [_thread_blocked, id=91888, stack(0x0000001b69a00000,0x0000001b69b00000)]
  0x0000015530c2e800 JavaThread "Cache worker for file content cache (C:\Users\Kishore Gurti\.gradle\caches\8.0.1\fileContent)" [_thread_blocked, id=97356, stack(0x0000001b69b00000,0x0000001b69c00000)]
  0x0000015530c2c800 JavaThread "Cache worker for file hash cache (C:\Users\Kishore Gurti\Desktop\my-fda\FoodDeliveryApp\android\.gradle\8.0.1\fileHashes)" [_thread_blocked, id=95268, stack(0x0000001b69c00000,0x0000001b69d00000)]
  0x0000015530c2a800 JavaThread "Cache worker for cache directory md-supplier (C:\Users\Kishore Gurti\.gradle\caches\8.0.1\md-supplier)" [_thread_blocked, id=85084, stack(0x0000001b69d00000,0x0000001b69e00000)]
  0x0000015530c2b000 JavaThread "Cache worker for execution history cache (C:\Users\Kishore Gurti\.gradle\caches\8.0.1\executionHistory)" [_thread_blocked, id=87380, stack(0x0000001b69e00000,0x0000001b69f00000)]
  0x0000015530c31800 JavaThread "jar transforms" [_thread_blocked, id=93360, stack(0x0000001b6a000000,0x0000001b6a100000)]
  0x0000015530c2d800 JavaThread "jar transforms Thread 2" [_thread_blocked, id=99600, stack(0x0000001b6a100000,0x0000001b6a200000)]
  0x0000015530c32800 JavaThread "jar transforms Thread 3" [_thread_blocked, id=103704, stack(0x0000001b6a200000,0x0000001b6a300000)]
  0x0000015530c34000 JavaThread "jar transforms Thread 4" [_thread_blocked, id=97756, stack(0x0000001b6a300000,0x0000001b6a400000)]

Other Threads:
  0x000001552e4bd000 VMThread "VM Thread" [stack: 0x0000001b67b00000,0x0000001b67c00000] [id=103152]
  0x000001552ef04800 WatcherThread [stack: 0x0000001b68500000,0x0000001b68600000] [id=103748]
  0x000001550ed7f000 GCTaskThread "GC Thread#0" [stack: 0x0000001b67600000,0x0000001b67700000] [id=91048]
  0x000001552f0cb000 GCTaskThread "GC Thread#1" [stack: 0x0000001b68600000,0x0000001b68700000] [id=66448]
  0x000001552f7fb800 GCTaskThread "GC Thread#2" [stack: 0x0000001b68700000,0x0000001b68800000] [id=75724]
  0x000001552f7fc000 GCTaskThread "GC Thread#3" [stack: 0x0000001b68800000,0x0000001b68900000] [id=82176]
  0x000001550eda9000 ConcurrentGCThread "G1 Main Marker" [stack: 0x0000001b67700000,0x0000001b67800000] [id=101708]
  0x000001550edab800 ConcurrentGCThread "G1 Conc#0" [stack: 0x0000001b67800000,0x0000001b67900000] [id=97388]
  0x000001552e34b000 ConcurrentGCThread "G1 Refine#0" [stack: 0x0000001b67900000,0x0000001b67a00000] [id=99408]
  0x000001552e34c000 ConcurrentGCThread "G1 Young RemSet Sampling" [stack: 0x0000001b67a00000,0x0000001b67b00000] [id=103744]

Threads with active compile tasks:
C2 CompilerThread0    41723 3756       4       org.codehaus.groovy.runtime.metaclass.MetaMethodIndex::addMethodToList (131 bytes)

VM state:not at safepoint (normal execution)

VM Mutex/Monitor currently owned by a thread: None

Heap address: 0x0000000080000000, size: 2048 MB, Compressed Oops mode: 32-bit
Narrow klass base: 0x0000000000000000, Narrow klass shift: 3
Compressed class space size: 528482304 Address: 0x0000000100000000

Heap:
 garbage-first heap   total 258048K, used 80556K [0x0000000080000000, 0x0000000100000000)
  region size 1024K, 61 young (62464K), 7 survivors (7168K)
 Metaspace       used 40240K, capacity 41156K, committed 41372K, reserved 552960K
  class space    used 5128K, capacity 5531K, committed 5632K, reserved 516096K
Heap Regions: E=young(eden), S=young(survivor), O=old, HS=humongous(starts), HC=humongous(continues), CS=collection set, F=free, A=archive, TAMS=top-at-mark-start (previous, next)
|   0|0x0000000080000000, 0x0000000080100000, 0x0000000080100000|100%| O|  |TAMS 0x0000000080100000, 0x0000000080000000| Untracked 
|   1|0x0000000080100000, 0x0000000080200000, 0x0000000080200000|100%| O|  |TAMS 0x0000000080200000, 0x0000000080100000| Untracked 
|   2|0x0000000080200000, 0x0000000080300000, 0x0000000080300000|100%|HS|  |TAMS 0x0000000080300000, 0x0000000080200000| Complete 
|   3|0x0000000080300000, 0x0000000080400000, 0x0000000080400000|100%|HC|  |TAMS 0x0000000080400000, 0x0000000080300000| Complete 
|   4|0x0000000080400000, 0x0000000080500000, 0x0000000080500000|100%|HC|  |TAMS 0x0000000080500000, 0x0000000080400000| Complete 
|   5|0x0000000080500000, 0x0000000080600000, 0x0000000080600000|100%|HC|  |TAMS 0x0000000080600000, 0x0000000080500000| Complete 
|   6|0x0000000080600000, 0x0000000080700000, 0x0000000080700000|100%| O|  |TAMS 0x0000000080700000, 0x0000000080600000| Untracked 
|   7|0x0000000080700000, 0x0000000080800000, 0x0000000080800000|100%| O|  |TAMS 0x0000000080800000, 0x0000000080700000| Untracked 
|   8|0x0000000080800000, 0x0000000080900000, 0x0000000080900000|100%| O|  |TAMS 0x0000000080900000, 0x0000000080800000| Untracked 
|   9|0x0000000080900000, 0x0000000080a00000, 0x0000000080a00000|100%| O|  |TAMS 0x0000000080a00000, 0x0000000080900000| Untracked 
|  10|0x0000000080a00000, 0x0000000080b00000, 0x0000000080b00000|100%| O|  |TAMS 0x0000000080b00000, 0x0000000080a00000| Untracked 
|  11|0x0000000080b00000, 0x0000000080c00000, 0x0000000080c00000|100%| O|  |TAMS 0x0000000080c00000, 0x0000000080b00000| Untracked 
|  12|0x0000000080c00000, 0x0000000080d00000, 0x0000000080d00000|100%| O|  |TAMS 0x0000000080d00000, 0x0000000080c00000| Untracked 
|  13|0x0000000080d00000, 0x0000000080e00000, 0x0000000080e00000|100%| O|  |TAMS 0x0000000080e00000, 0x0000000080d00000| Untracked 
|  14|0x0000000080e00000, 0x0000000080f00000, 0x0000000080f00000|100%| O|  |TAMS 0x0000000080f00000, 0x0000000080e00000| Untracked 
|  15|0x0000000080f00000, 0x0000000081000000, 0x0000000081000000|100%| O|  |TAMS 0x0000000081000000, 0x0000000080f00000| Untracked 
|  16|0x0000000081000000, 0x0000000081100000, 0x0000000081100000|100%| O|  |TAMS 0x0000000081100000, 0x0000000081000000| Untracked 
|  17|0x0000000081100000, 0x0000000081133200, 0x0000000081200000| 19%| O|  |TAMS 0x0000000081133200, 0x0000000081100000| Untracked 
|  18|0x0000000081200000, 0x0000000081300000, 0x0000000081300000|100%|HS|  |TAMS 0x0000000081200000, 0x0000000081200000| Complete 
|  19|0x0000000081300000, 0x0000000081400000, 0x0000000081400000|100%|HS|  |TAMS 0x0000000081300000, 0x0000000081300000| Complete 
|  20|0x0000000081400000, 0x0000000081500000, 0x0000000081500000|100%|HC|  |TAMS 0x0000000081400000, 0x0000000081400000| Complete 
|  21|0x0000000081500000, 0x0000000081500000, 0x0000000081600000|  0%| F|  |TAMS 0x0000000081500000, 0x0000000081500000| Untracked 
|  22|0x0000000081600000, 0x0000000081600000, 0x0000000081700000|  0%| F|  |TAMS 0x0000000081600000, 0x0000000081600000| Untracked 
|  23|0x0000000081700000, 0x0000000081700000, 0x0000000081800000|  0%| F|  |TAMS 0x0000000081700000, 0x0000000081700000| Untracked 
|  24|0x0000000081800000, 0x0000000081800000, 0x0000000081900000|  0%| F|  |TAMS 0x0000000081800000, 0x0000000081800000| Untracked 
|  25|0x0000000081900000, 0x0000000081900000, 0x0000000081a00000|  0%| F|  |TAMS 0x0000000081900000, 0x0000000081900000| Untracked 
|  26|0x0000000081a00000, 0x0000000081a00000, 0x0000000081b00000|  0%| F|  |TAMS 0x0000000081a00000, 0x0000000081a00000| Untracked 
|  27|0x0000000081b00000, 0x0000000081b00000, 0x0000000081c00000|  0%| F|  |TAMS 0x0000000081b00000, 0x0000000081b00000| Untracked 
|  28|0x0000000081c00000, 0x0000000081c00000, 0x0000000081d00000|  0%| F|  |TAMS 0x0000000081c00000, 0x0000000081c00000| Untracked 
|  29|0x0000000081d00000, 0x0000000081d00000, 0x0000000081e00000|  0%| F|  |TAMS 0x0000000081d00000, 0x0000000081d00000| Untracked 
|  30|0x0000000081e00000, 0x0000000081e00000, 0x0000000081f00000|  0%| F|  |TAMS 0x0000000081e00000, 0x0000000081e00000| Untracked 
|  31|0x0000000081f00000, 0x0000000081f00000, 0x0000000082000000|  0%| F|  |TAMS 0x0000000081f00000, 0x0000000081f00000| Untracked 
|  32|0x0000000082000000, 0x0000000082000000, 0x0000000082100000|  0%| F|  |TAMS 0x0000000082000000, 0x0000000082000000| Untracked 
|  33|0x0000000082100000, 0x0000000082100000, 0x0000000082200000|  0%| F|  |TAMS 0x0000000082100000, 0x0000000082100000| Untracked 
|  34|0x0000000082200000, 0x0000000082200000, 0x0000000082300000|  0%| F|  |TAMS 0x0000000082200000, 0x0000000082200000| Untracked 
|  35|0x0000000082300000, 0x0000000082300000, 0x0000000082400000|  0%| F|  |TAMS 0x0000000082300000, 0x0000000082300000| Untracked 
|  36|0x0000000082400000, 0x0000000082400000, 0x0000000082500000|  0%| F|  |TAMS 0x0000000082400000, 0x0000000082400000| Untracked 
|  37|0x0000000082500000, 0x0000000082500000, 0x0000000082600000|  0%| F|  |TAMS 0x0000000082500000, 0x0000000082500000| Untracked 
|  38|0x0000000082600000, 0x0000000082600000, 0x0000000082700000|  0%| F|  |TAMS 0x0000000082600000, 0x0000000082600000| Untracked 
|  39|0x0000000082700000, 0x0000000082700000, 0x0000000082800000|  0%| F|  |TAMS 0x0000000082700000, 0x0000000082700000| Untracked 
|  40|0x0000000082800000, 0x0000000082800000, 0x0000000082900000|  0%| F|  |TAMS 0x0000000082800000, 0x0000000082800000| Untracked 
|  41|0x0000000082900000, 0x0000000082900000, 0x0000000082a00000|  0%| F|  |TAMS 0x0000000082900000, 0x0000000082900000| Untracked 
|  42|0x0000000082a00000, 0x0000000082a00000, 0x0000000082b00000|  0%| F|  |TAMS 0x0000000082a00000, 0x0000000082a00000| Untracked 
|  43|0x0000000082b00000, 0x0000000082b00000, 0x0000000082c00000|  0%| F|  |TAMS 0x0000000082b00000, 0x0000000082b00000| Untracked 
|  44|0x0000000082c00000, 0x0000000082c00000, 0x0000000082d00000|  0%| F|  |TAMS 0x0000000082c00000, 0x0000000082c00000| Untracked 
|  45|0x0000000082d00000, 0x0000000082d00000, 0x0000000082e00000|  0%| F|  |TAMS 0x0000000082d00000, 0x0000000082d00000| Untracked 
|  46|0x0000000082e00000, 0x0000000082e00000, 0x0000000082f00000|  0%| F|  |TAMS 0x0000000082e00000, 0x0000000082e00000| Untracked 
|  47|0x0000000082f00000, 0x0000000082f00000, 0x0000000083000000|  0%| F|  |TAMS 0x0000000082f00000, 0x0000000082f00000| Untracked 
|  48|0x0000000083000000, 0x0000000083000000, 0x0000000083100000|  0%| F|  |TAMS 0x0000000083000000, 0x0000000083000000| Untracked 
|  49|0x0000000083100000, 0x0000000083100000, 0x0000000083200000|  0%| F|  |TAMS 0x0000000083100000, 0x0000000083100000| Untracked 
|  50|0x0000000083200000, 0x0000000083200000, 0x0000000083300000|  0%| F|  |TAMS 0x0000000083200000, 0x0000000083200000| Untracked 
|  51|0x0000000083300000, 0x0000000083300000, 0x0000000083400000|  0%| F|  |TAMS 0x0000000083300000, 0x0000000083300000| Untracked 
|  52|0x0000000083400000, 0x0000000083400000, 0x0000000083500000|  0%| F|  |TAMS 0x0000000083400000, 0x0000000083400000| Untracked 
|  53|0x0000000083500000, 0x0000000083500000, 0x0000000083600000|  0%| F|  |TAMS 0x0000000083500000, 0x0000000083500000| Untracked 
|  54|0x0000000083600000, 0x0000000083600000, 0x0000000083700000|  0%| F|  |TAMS 0x0000000083600000, 0x0000000083600000| Untracked 
|  55|0x0000000083700000, 0x0000000083700000, 0x0000000083800000|  0%| F|  |TAMS 0x0000000083700000, 0x0000000083700000| Untracked 
|  56|0x0000000083800000, 0x0000000083800000, 0x0000000083900000|  0%| F|  |TAMS 0x0000000083800000, 0x0000000083800000| Untracked 
|  57|0x0000000083900000, 0x0000000083900000, 0x0000000083a00000|  0%| F|  |TAMS 0x0000000083900000, 0x0000000083900000| Untracked 
|  58|0x0000000083a00000, 0x0000000083a00000, 0x0000000083b00000|  0%| F|  |TAMS 0x0000000083a00000, 0x0000000083a00000| Untracked 
|  59|0x0000000083b00000, 0x0000000083b00000, 0x0000000083c00000|  0%| F|  |TAMS 0x0000000083b00000, 0x0000000083b00000| Untracked 
|  60|0x0000000083c00000, 0x0000000083c00000, 0x0000000083d00000|  0%| F|  |TAMS 0x0000000083c00000, 0x0000000083c00000| Untracked 
|  61|0x0000000083d00000, 0x0000000083d00000, 0x0000000083e00000|  0%| F|  |TAMS 0x0000000083d00000, 0x0000000083d00000| Untracked 
|  62|0x0000000083e00000, 0x0000000083e00000, 0x0000000083f00000|  0%| F|  |TAMS 0x0000000083e00000, 0x0000000083e00000| Untracked 
|  63|0x0000000083f00000, 0x0000000083f00000, 0x0000000084000000|  0%| F|  |TAMS 0x0000000083f00000, 0x0000000083f00000| Untracked 
|  64|0x0000000084000000, 0x0000000084000000, 0x0000000084100000|  0%| F|  |TAMS 0x0000000084000000, 0x0000000084000000| Untracked 
|  65|0x0000000084100000, 0x0000000084100000, 0x0000000084200000|  0%| F|  |TAMS 0x0000000084100000, 0x0000000084100000| Untracked 
|  66|0x0000000084200000, 0x0000000084200000, 0x0000000084300000|  0%| F|  |TAMS 0x0000000084200000, 0x0000000084200000| Untracked 
|  67|0x0000000084300000, 0x0000000084300000, 0x0000000084400000|  0%| F|  |TAMS 0x0000000084300000, 0x0000000084300000| Untracked 
|  68|0x0000000084400000, 0x0000000084400000, 0x0000000084500000|  0%| F|  |TAMS 0x0000000084400000, 0x0000000084400000| Untracked 
|  69|0x0000000084500000, 0x0000000084500000, 0x0000000084600000|  0%| F|  |TAMS 0x0000000084500000, 0x0000000084500000| Untracked 
|  70|0x0000000084600000, 0x0000000084600000, 0x0000000084700000|  0%| F|  |TAMS 0x0000000084600000, 0x0000000084600000| Untracked 
|  71|0x0000000084700000, 0x0000000084700000, 0x0000000084800000|  0%| F|  |TAMS 0x0000000084700000, 0x0000000084700000| Untracked 
|  72|0x0000000084800000, 0x0000000084800000, 0x0000000084900000|  0%| F|  |TAMS 0x0000000084800000, 0x0000000084800000| Untracked 
|  73|0x0000000084900000, 0x0000000084900000, 0x0000000084a00000|  0%| F|  |TAMS 0x0000000084900000, 0x0000000084900000| Untracked 
|  74|0x0000000084a00000, 0x0000000084a00000, 0x0000000084b00000|  0%| F|  |TAMS 0x0000000084a00000, 0x0000000084a00000| Untracked 
|  75|0x0000000084b00000, 0x0000000084b00000, 0x0000000084c00000|  0%| F|  |TAMS 0x0000000084b00000, 0x0000000084b00000| Untracked 
|  76|0x0000000084c00000, 0x0000000084c00000, 0x0000000084d00000|  0%| F|  |TAMS 0x0000000084c00000, 0x0000000084c00000| Untracked 
|  77|0x0000000084d00000, 0x0000000084d00000, 0x0000000084e00000|  0%| F|  |TAMS 0x0000000084d00000, 0x0000000084d00000| Untracked 
|  78|0x0000000084e00000, 0x0000000084e00000, 0x0000000084f00000|  0%| F|  |TAMS 0x0000000084e00000, 0x0000000084e00000| Untracked 
|  79|0x0000000084f00000, 0x0000000084f00000, 0x0000000085000000|  0%| F|  |TAMS 0x0000000084f00000, 0x0000000084f00000| Untracked 
|  80|0x0000000085000000, 0x0000000085000000, 0x0000000085100000|  0%| F|  |TAMS 0x0000000085000000, 0x0000000085000000| Untracked 
|  81|0x0000000085100000, 0x0000000085100000, 0x0000000085200000|  0%| F|  |TAMS 0x0000000085100000, 0x0000000085100000| Untracked 
|  82|0x0000000085200000, 0x0000000085200000, 0x0000000085300000|  0%| F|  |TAMS 0x0000000085200000, 0x0000000085200000| Untracked 
|  83|0x0000000085300000, 0x0000000085300000, 0x0000000085400000|  0%| F|  |TAMS 0x0000000085300000, 0x0000000085300000| Untracked 
|  84|0x0000000085400000, 0x0000000085400000, 0x0000000085500000|  0%| F|  |TAMS 0x0000000085400000, 0x0000000085400000| Untracked 
|  85|0x0000000085500000, 0x0000000085500000, 0x0000000085600000|  0%| F|  |TAMS 0x0000000085500000, 0x0000000085500000| Untracked 
|  86|0x0000000085600000, 0x0000000085600000, 0x0000000085700000|  0%| F|  |TAMS 0x0000000085600000, 0x0000000085600000| Untracked 
|  87|0x0000000085700000, 0x0000000085700000, 0x0000000085800000|  0%| F|  |TAMS 0x0000000085700000, 0x0000000085700000| Untracked 
|  88|0x0000000085800000, 0x0000000085800000, 0x0000000085900000|  0%| F|  |TAMS 0x0000000085800000, 0x0000000085800000| Untracked 
|  89|0x0000000085900000, 0x0000000085900000, 0x0000000085a00000|  0%| F|  |TAMS 0x0000000085900000, 0x0000000085900000| Untracked 
|  90|0x0000000085a00000, 0x0000000085a00000, 0x0000000085b00000|  0%| F|  |TAMS 0x0000000085a00000, 0x0000000085a00000| Untracked 
|  91|0x0000000085b00000, 0x0000000085b00000, 0x0000000085c00000|  0%| F|  |TAMS 0x0000000085b00000, 0x0000000085b00000| Untracked 
|  92|0x0000000085c00000, 0x0000000085c00000, 0x0000000085d00000|  0%| F|  |TAMS 0x0000000085c00000, 0x0000000085c00000| Untracked 
|  93|0x0000000085d00000, 0x0000000085d00000, 0x0000000085e00000|  0%| F|  |TAMS 0x0000000085d00000, 0x0000000085d00000| Untracked 
|  94|0x0000000085e00000, 0x0000000085e00000, 0x0000000085f00000|  0%| F|  |TAMS 0x0000000085e00000, 0x0000000085e00000| Untracked 
|  95|0x0000000085f00000, 0x0000000085f00000, 0x0000000086000000|  0%| F|  |TAMS 0x0000000085f00000, 0x0000000085f00000| Untracked 
|  96|0x0000000086000000, 0x0000000086000000, 0x0000000086100000|  0%| F|  |TAMS 0x0000000086000000, 0x0000000086000000| Untracked 
|  97|0x0000000086100000, 0x0000000086100000, 0x0000000086200000|  0%| F|  |TAMS 0x0000000086100000, 0x0000000086100000| Untracked 
|  98|0x0000000086200000, 0x0000000086200000, 0x0000000086300000|  0%| F|  |TAMS 0x0000000086200000, 0x0000000086200000| Untracked 
|  99|0x0000000086300000, 0x0000000086300000, 0x0000000086400000|  0%| F|  |TAMS 0x0000000086300000, 0x0000000086300000| Untracked 
| 100|0x0000000086400000, 0x0000000086400000, 0x0000000086500000|  0%| F|  |TAMS 0x0000000086400000, 0x0000000086400000| Untracked 
| 101|0x0000000086500000, 0x0000000086500000, 0x0000000086600000|  0%| F|  |TAMS 0x0000000086500000, 0x0000000086500000| Untracked 
| 102|0x0000000086600000, 0x0000000086600000, 0x0000000086700000|  0%| F|  |TAMS 0x0000000086600000, 0x0000000086600000| Untracked 
| 103|0x0000000086700000, 0x0000000086700000, 0x0000000086800000|  0%| F|  |TAMS 0x0000000086700000, 0x0000000086700000| Untracked 
| 104|0x0000000086800000, 0x0000000086800000, 0x0000000086900000|  0%| F|  |TAMS 0x0000000086800000, 0x0000000086800000| Untracked 
| 105|0x0000000086900000, 0x0000000086900000, 0x0000000086a00000|  0%| F|  |TAMS 0x0000000086900000, 0x0000000086900000| Untracked 
| 106|0x0000000086a00000, 0x0000000086a00000, 0x0000000086b00000|  0%| F|  |TAMS 0x0000000086a00000, 0x0000000086a00000| Untracked 
| 107|0x0000000086b00000, 0x0000000086b00000, 0x0000000086c00000|  0%| F|  |TAMS 0x0000000086b00000, 0x0000000086b00000| Untracked 
| 108|0x0000000086c00000, 0x0000000086c00000, 0x0000000086d00000|  0%| F|  |TAMS 0x0000000086c00000, 0x0000000086c00000| Untracked 
| 109|0x0000000086d00000, 0x0000000086d00000, 0x0000000086e00000|  0%| F|  |TAMS 0x0000000086d00000, 0x0000000086d00000| Untracked 
| 110|0x0000000086e00000, 0x0000000086e00000, 0x0000000086f00000|  0%| F|  |TAMS 0x0000000086e00000, 0x0000000086e00000| Untracked 
| 111|0x0000000086f00000, 0x0000000086f00000, 0x0000000087000000|  0%| F|  |TAMS 0x0000000086f00000, 0x0000000086f00000| Untracked 
| 112|0x0000000087000000, 0x0000000087000000, 0x0000000087100000|  0%| F|  |TAMS 0x0000000087000000, 0x0000000087000000| Untracked 
| 113|0x0000000087100000, 0x0000000087100000, 0x0000000087200000|  0%| F|  |TAMS 0x0000000087100000, 0x0000000087100000| Untracked 
| 114|0x0000000087200000, 0x0000000087200000, 0x0000000087300000|  0%| F|  |TAMS 0x0000000087200000, 0x0000000087200000| Untracked 
| 115|0x0000000087300000, 0x0000000087300000, 0x0000000087400000|  0%| F|  |TAMS 0x0000000087300000, 0x0000000087300000| Untracked 
| 116|0x0000000087400000, 0x0000000087400000, 0x0000000087500000|  0%| F|  |TAMS 0x0000000087400000, 0x0000000087400000| Untracked 
| 117|0x0000000087500000, 0x0000000087500000, 0x0000000087600000|  0%| F|  |TAMS 0x0000000087500000, 0x0000000087500000| Untracked 
| 118|0x0000000087600000, 0x0000000087600000, 0x0000000087700000|  0%| F|  |TAMS 0x0000000087600000, 0x0000000087600000| Untracked 
| 119|0x0000000087700000, 0x0000000087700000, 0x0000000087800000|  0%| F|  |TAMS 0x0000000087700000, 0x0000000087700000| Untracked 
| 120|0x0000000087800000, 0x0000000087800000, 0x0000000087900000|  0%| F|  |TAMS 0x0000000087800000, 0x0000000087800000| Untracked 
| 121|0x0000000087900000, 0x0000000087900000, 0x0000000087a00000|  0%| F|  |TAMS 0x0000000087900000, 0x0000000087900000| Untracked 
| 122|0x0000000087a00000, 0x0000000087a00000, 0x0000000087b00000|  0%| F|  |TAMS 0x0000000087a00000, 0x0000000087a00000| Untracked 
| 123|0x0000000087b00000, 0x0000000087b00000, 0x0000000087c00000|  0%| F|  |TAMS 0x0000000087b00000, 0x0000000087b00000| Untracked 
| 124|0x0000000087c00000, 0x0000000087c00000, 0x0000000087d00000|  0%| F|  |TAMS 0x0000000087c00000, 0x0000000087c00000| Untracked 
| 125|0x0000000087d00000, 0x0000000087d00000, 0x0000000087e00000|  0%| F|  |TAMS 0x0000000087d00000, 0x0000000087d00000| Untracked 
| 126|0x0000000087e00000, 0x0000000087e00000, 0x0000000087f00000|  0%| F|  |TAMS 0x0000000087e00000, 0x0000000087e00000| Untracked 
| 127|0x0000000087f00000, 0x0000000087f00000, 0x0000000088000000|  0%| F|  |TAMS 0x0000000087f00000, 0x0000000087f00000| Untracked 
| 128|0x0000000088000000, 0x0000000088000000, 0x0000000088100000|  0%| F|  |TAMS 0x0000000088000000, 0x0000000088000000| Untracked 
| 129|0x0000000088100000, 0x0000000088100000, 0x0000000088200000|  0%| F|  |TAMS 0x0000000088100000, 0x0000000088100000| Untracked 
| 130|0x0000000088200000, 0x0000000088200000, 0x0000000088300000|  0%| F|  |TAMS 0x0000000088200000, 0x0000000088200000| Untracked 
| 131|0x0000000088300000, 0x0000000088300000, 0x0000000088400000|  0%| F|  |TAMS 0x0000000088300000, 0x0000000088300000| Untracked 
| 132|0x0000000088400000, 0x0000000088400000, 0x0000000088500000|  0%| F|  |TAMS 0x0000000088400000, 0x0000000088400000| Untracked 
| 133|0x0000000088500000, 0x0000000088500000, 0x0000000088600000|  0%| F|  |TAMS 0x0000000088500000, 0x0000000088500000| Untracked 
| 134|0x0000000088600000, 0x0000000088600000, 0x0000000088700000|  0%| F|  |TAMS 0x0000000088600000, 0x0000000088600000| Untracked 
| 135|0x0000000088700000, 0x0000000088700000, 0x0000000088800000|  0%| F|  |TAMS 0x0000000088700000, 0x0000000088700000| Untracked 
| 136|0x0000000088800000, 0x0000000088800000, 0x0000000088900000|  0%| F|  |TAMS 0x0000000088800000, 0x0000000088800000| Untracked 
| 137|0x0000000088900000, 0x0000000088900000, 0x0000000088a00000|  0%| F|  |TAMS 0x0000000088900000, 0x0000000088900000| Untracked 
| 138|0x0000000088a00000, 0x0000000088a00000, 0x0000000088b00000|  0%| F|  |TAMS 0x0000000088a00000, 0x0000000088a00000| Untracked 
| 139|0x0000000088b00000, 0x0000000088b00000, 0x0000000088c00000|  0%| F|  |TAMS 0x0000000088b00000, 0x0000000088b00000| Untracked 
| 140|0x0000000088c00000, 0x0000000088c00000, 0x0000000088d00000|  0%| F|  |TAMS 0x0000000088c00000, 0x0000000088c00000| Untracked 
| 141|0x0000000088d00000, 0x0000000088d00000, 0x0000000088e00000|  0%| F|  |TAMS 0x0000000088d00000, 0x0000000088d00000| Untracked 
| 142|0x0000000088e00000, 0x0000000088e00000, 0x0000000088f00000|  0%| F|  |TAMS 0x0000000088e00000, 0x0000000088e00000| Untracked 
| 143|0x0000000088f00000, 0x0000000088f00000, 0x0000000089000000|  0%| F|  |TAMS 0x0000000088f00000, 0x0000000088f00000| Untracked 
| 144|0x0000000089000000, 0x0000000089000000, 0x0000000089100000|  0%| F|  |TAMS 0x0000000089000000, 0x0000000089000000| Untracked 
| 145|0x0000000089100000, 0x0000000089100000, 0x0000000089200000|  0%| F|  |TAMS 0x0000000089100000, 0x0000000089100000| Untracked 
| 146|0x0000000089200000, 0x0000000089200000, 0x0000000089300000|  0%| F|  |TAMS 0x0000000089200000, 0x0000000089200000| Untracked 
| 147|0x0000000089300000, 0x0000000089300000, 0x0000000089400000|  0%| F|  |TAMS 0x0000000089300000, 0x0000000089300000| Untracked 
| 148|0x0000000089400000, 0x0000000089400000, 0x0000000089500000|  0%| F|  |TAMS 0x0000000089400000, 0x0000000089400000| Untracked 
| 149|0x0000000089500000, 0x0000000089500000, 0x0000000089600000|  0%| F|  |TAMS 0x0000000089500000, 0x0000000089500000| Untracked 
| 150|0x0000000089600000, 0x0000000089600000, 0x0000000089700000|  0%| F|  |TAMS 0x0000000089600000, 0x0000000089600000| Untracked 
| 151|0x0000000089700000, 0x0000000089700000, 0x0000000089800000|  0%| F|  |TAMS 0x0000000089700000, 0x0000000089700000| Untracked 
| 152|0x0000000089800000, 0x0000000089800000, 0x0000000089900000|  0%| F|  |TAMS 0x0000000089800000, 0x0000000089800000| Untracked 
| 153|0x0000000089900000, 0x0000000089900000, 0x0000000089a00000|  0%| F|  |TAMS 0x0000000089900000, 0x0000000089900000| Untracked 
| 154|0x0000000089a00000, 0x0000000089a00000, 0x0000000089b00000|  0%| F|  |TAMS 0x0000000089a00000, 0x0000000089a00000| Untracked 
| 155|0x0000000089b00000, 0x0000000089b00000, 0x0000000089c00000|  0%| F|  |TAMS 0x0000000089b00000, 0x0000000089b00000| Untracked 
| 156|0x0000000089c00000, 0x0000000089c00000, 0x0000000089d00000|  0%| F|  |TAMS 0x0000000089c00000, 0x0000000089c00000| Untracked 
| 157|0x0000000089d00000, 0x0000000089d00000, 0x0000000089e00000|  0%| F|  |TAMS 0x0000000089d00000, 0x0000000089d00000| Untracked 
| 158|0x0000000089e00000, 0x0000000089e00000, 0x0000000089f00000|  0%| F|  |TAMS 0x0000000089e00000, 0x0000000089e00000| Untracked 
| 159|0x0000000089f00000, 0x0000000089f00000, 0x000000008a000000|  0%| F|  |TAMS 0x0000000089f00000, 0x0000000089f00000| Untracked 
| 160|0x000000008a000000, 0x000000008a000000, 0x000000008a100000|  0%| F|  |TAMS 0x000000008a000000, 0x000000008a000000| Untracked 
| 161|0x000000008a100000, 0x000000008a100000, 0x000000008a200000|  0%| F|  |TAMS 0x000000008a100000, 0x000000008a100000| Untracked 
| 162|0x000000008a200000, 0x000000008a200000, 0x000000008a300000|  0%| F|  |TAMS 0x000000008a200000, 0x000000008a200000| Untracked 
| 163|0x000000008a300000, 0x000000008a300000, 0x000000008a400000|  0%| F|  |TAMS 0x000000008a300000, 0x000000008a300000| Untracked 
| 164|0x000000008a400000, 0x000000008a400000, 0x000000008a500000|  0%| F|  |TAMS 0x000000008a400000, 0x000000008a400000| Untracked 
| 165|0x000000008a500000, 0x000000008a500000, 0x000000008a600000|  0%| F|  |TAMS 0x000000008a500000, 0x000000008a500000| Untracked 
| 166|0x000000008a600000, 0x000000008a600000, 0x000000008a700000|  0%| F|  |TAMS 0x000000008a600000, 0x000000008a600000| Untracked 
| 167|0x000000008a700000, 0x000000008a700000, 0x000000008a800000|  0%| F|  |TAMS 0x000000008a700000, 0x000000008a700000| Untracked 
| 168|0x000000008a800000, 0x000000008a800000, 0x000000008a900000|  0%| F|  |TAMS 0x000000008a800000, 0x000000008a800000| Untracked 
| 169|0x000000008a900000, 0x000000008a900000, 0x000000008aa00000|  0%| F|  |TAMS 0x000000008a900000, 0x000000008a900000| Untracked 
| 170|0x000000008aa00000, 0x000000008aa00000, 0x000000008ab00000|  0%| F|  |TAMS 0x000000008aa00000, 0x000000008aa00000| Untracked 
| 171|0x000000008ab00000, 0x000000008ab77f50, 0x000000008ac00000| 46%| S|CS|TAMS 0x000000008ab00000, 0x000000008ab00000| Complete 
| 172|0x000000008ac00000, 0x000000008ad00000, 0x000000008ad00000|100%| S|CS|TAMS 0x000000008ac00000, 0x000000008ac00000| Complete 
| 173|0x000000008ad00000, 0x000000008ae00000, 0x000000008ae00000|100%| S|CS|TAMS 0x000000008ad00000, 0x000000008ad00000| Complete 
| 174|0x000000008ae00000, 0x000000008af00000, 0x000000008af00000|100%| S|CS|TAMS 0x000000008ae00000, 0x000000008ae00000| Complete 
| 175|0x000000008af00000, 0x000000008b000000, 0x000000008b000000|100%| S|CS|TAMS 0x000000008af00000, 0x000000008af00000| Complete 
| 176|0x000000008b000000, 0x000000008b100000, 0x000000008b100000|100%| S|CS|TAMS 0x000000008b000000, 0x000000008b000000| Complete 
| 177|0x000000008b100000, 0x000000008b200000, 0x000000008b200000|100%| S|CS|TAMS 0x000000008b100000, 0x000000008b100000| Complete 
| 178|0x000000008b200000, 0x000000008b200000, 0x000000008b300000|  0%| F|  |TAMS 0x000000008b200000, 0x000000008b200000| Untracked 
| 179|0x000000008b300000, 0x000000008b300000, 0x000000008b400000|  0%| F|  |TAMS 0x000000008b300000, 0x000000008b300000| Untracked 
| 180|0x000000008b400000, 0x000000008b400000, 0x000000008b500000|  0%| F|  |TAMS 0x000000008b400000, 0x000000008b400000| Untracked 
| 181|0x000000008b500000, 0x000000008b500000, 0x000000008b600000|  0%| F|  |TAMS 0x000000008b500000, 0x000000008b500000| Untracked 
| 182|0x000000008b600000, 0x000000008b600000, 0x000000008b700000|  0%| F|  |TAMS 0x000000008b600000, 0x000000008b600000| Untracked 
| 183|0x000000008b700000, 0x000000008b700000, 0x000000008b800000|  0%| F|  |TAMS 0x000000008b700000, 0x000000008b700000| Untracked 
| 184|0x000000008b800000, 0x000000008b800000, 0x000000008b900000|  0%| F|  |TAMS 0x000000008b800000, 0x000000008b800000| Untracked 
| 185|0x000000008b900000, 0x000000008b900000, 0x000000008ba00000|  0%| F|  |TAMS 0x000000008b900000, 0x000000008b900000| Untracked 
| 186|0x000000008ba00000, 0x000000008ba00000, 0x000000008bb00000|  0%| F|  |TAMS 0x000000008ba00000, 0x000000008ba00000| Untracked 
| 187|0x000000008bb00000, 0x000000008bb00000, 0x000000008bc00000|  0%| F|  |TAMS 0x000000008bb00000, 0x000000008bb00000| Untracked 
| 188|0x000000008bc00000, 0x000000008bc00000, 0x000000008bd00000|  0%| F|  |TAMS 0x000000008bc00000, 0x000000008bc00000| Untracked 
| 189|0x000000008bd00000, 0x000000008bd00000, 0x000000008be00000|  0%| F|  |TAMS 0x000000008bd00000, 0x000000008bd00000| Untracked 
| 190|0x000000008be00000, 0x000000008be00000, 0x000000008bf00000|  0%| F|  |TAMS 0x000000008be00000, 0x000000008be00000| Untracked 
| 191|0x000000008bf00000, 0x000000008bf00000, 0x000000008c000000|  0%| F|  |TAMS 0x000000008bf00000, 0x000000008bf00000| Untracked 
| 192|0x000000008c000000, 0x000000008c000000, 0x000000008c100000|  0%| F|  |TAMS 0x000000008c000000, 0x000000008c000000| Untracked 
| 193|0x000000008c100000, 0x000000008c100000, 0x000000008c200000|  0%| F|  |TAMS 0x000000008c100000, 0x000000008c100000| Untracked 
| 194|0x000000008c200000, 0x000000008c200000, 0x000000008c300000|  0%| F|  |TAMS 0x000000008c200000, 0x000000008c200000| Untracked 
| 195|0x000000008c300000, 0x000000008c300000, 0x000000008c400000|  0%| F|  |TAMS 0x000000008c300000, 0x000000008c300000| Untracked 
| 196|0x000000008c400000, 0x000000008c400000, 0x000000008c500000|  0%| F|  |TAMS 0x000000008c400000, 0x000000008c400000| Untracked 
| 197|0x000000008c500000, 0x000000008c500000, 0x000000008c600000|  0%| F|  |TAMS 0x000000008c500000, 0x000000008c500000| Untracked 
| 198|0x000000008c600000, 0x000000008c700000, 0x000000008c700000|100%| E|  |TAMS 0x000000008c600000, 0x000000008c600000| Complete 
| 199|0x000000008c700000, 0x000000008c800000, 0x000000008c800000|100%| E|CS|TAMS 0x000000008c700000, 0x000000008c700000| Complete 
| 200|0x000000008c800000, 0x000000008c900000, 0x000000008c900000|100%| E|CS|TAMS 0x000000008c800000, 0x000000008c800000| Complete 
| 201|0x000000008c900000, 0x000000008ca00000, 0x000000008ca00000|100%| E|CS|TAMS 0x000000008c900000, 0x000000008c900000| Complete 
| 202|0x000000008ca00000, 0x000000008cb00000, 0x000000008cb00000|100%| E|CS|TAMS 0x000000008ca00000, 0x000000008ca00000| Complete 
| 203|0x000000008cb00000, 0x000000008cc00000, 0x000000008cc00000|100%| E|CS|TAMS 0x000000008cb00000, 0x000000008cb00000| Complete 
| 204|0x000000008cc00000, 0x000000008cd00000, 0x000000008cd00000|100%| E|CS|TAMS 0x000000008cc00000, 0x000000008cc00000| Complete 
| 205|0x000000008cd00000, 0x000000008ce00000, 0x000000008ce00000|100%| E|CS|TAMS 0x000000008cd00000, 0x000000008cd00000| Complete 
| 206|0x000000008ce00000, 0x000000008cf00000, 0x000000008cf00000|100%| E|CS|TAMS 0x000000008ce00000, 0x000000008ce00000| Complete 
| 207|0x000000008cf00000, 0x000000008d000000, 0x000000008d000000|100%| E|CS|TAMS 0x000000008cf00000, 0x000000008cf00000| Complete 
| 208|0x000000008d000000, 0x000000008d100000, 0x000000008d100000|100%| E|  |TAMS 0x000000008d000000, 0x000000008d000000| Complete 
| 209|0x000000008d100000, 0x000000008d200000, 0x000000008d200000|100%| E|CS|TAMS 0x000000008d100000, 0x000000008d100000| Complete 
| 210|0x000000008d200000, 0x000000008d300000, 0x000000008d300000|100%| E|CS|TAMS 0x000000008d200000, 0x000000008d200000| Complete 
| 211|0x000000008d300000, 0x000000008d400000, 0x000000008d400000|100%| E|CS|TAMS 0x000000008d300000, 0x000000008d300000| Complete 
| 212|0x000000008d400000, 0x000000008d500000, 0x000000008d500000|100%| E|CS|TAMS 0x000000008d400000, 0x000000008d400000| Complete 
| 213|0x000000008d500000, 0x000000008d600000, 0x000000008d600000|100%| E|CS|TAMS 0x000000008d500000, 0x000000008d500000| Complete 
| 214|0x000000008d600000, 0x000000008d700000, 0x000000008d700000|100%| E|CS|TAMS 0x000000008d600000, 0x000000008d600000| Complete 
| 215|0x000000008d700000, 0x000000008d800000, 0x000000008d800000|100%| E|CS|TAMS 0x000000008d700000, 0x000000008d700000| Complete 
| 216|0x000000008d800000, 0x000000008d900000, 0x000000008d900000|100%| E|CS|TAMS 0x000000008d800000, 0x000000008d800000| Complete 
| 217|0x000000008d900000, 0x000000008da00000, 0x000000008da00000|100%| E|CS|TAMS 0x000000008d900000, 0x000000008d900000| Complete 
| 218|0x000000008da00000, 0x000000008db00000, 0x000000008db00000|100%| E|CS|TAMS 0x000000008da00000, 0x000000008da00000| Complete 
| 219|0x000000008db00000, 0x000000008dc00000, 0x000000008dc00000|100%| E|CS|TAMS 0x000000008db00000, 0x000000008db00000| Complete 
| 220|0x000000008dc00000, 0x000000008dd00000, 0x000000008dd00000|100%| E|CS|TAMS 0x000000008dc00000, 0x000000008dc00000| Complete 
| 221|0x000000008dd00000, 0x000000008de00000, 0x000000008de00000|100%| E|CS|TAMS 0x000000008dd00000, 0x000000008dd00000| Complete 
| 222|0x000000008de00000, 0x000000008df00000, 0x000000008df00000|100%| E|CS|TAMS 0x000000008de00000, 0x000000008de00000| Complete 
| 223|0x000000008df00000, 0x000000008e000000, 0x000000008e000000|100%| E|CS|TAMS 0x000000008df00000, 0x000000008df00000| Complete 
| 224|0x000000008e000000, 0x000000008e100000, 0x000000008e100000|100%| E|CS|TAMS 0x000000008e000000, 0x000000008e000000| Complete 
| 225|0x000000008e100000, 0x000000008e200000, 0x000000008e200000|100%| E|CS|TAMS 0x000000008e100000, 0x000000008e100000| Complete 
| 226|0x000000008e200000, 0x000000008e300000, 0x000000008e300000|100%| E|CS|TAMS 0x000000008e200000, 0x000000008e200000| Complete 
| 227|0x000000008e300000, 0x000000008e400000, 0x000000008e400000|100%| E|CS|TAMS 0x000000008e300000, 0x000000008e300000| Complete 
| 228|0x000000008e400000, 0x000000008e500000, 0x000000008e500000|100%| E|CS|TAMS 0x000000008e400000, 0x000000008e400000| Complete 
| 229|0x000000008e500000, 0x000000008e600000, 0x000000008e600000|100%| E|CS|TAMS 0x000000008e500000, 0x000000008e500000| Complete 
| 230|0x000000008e600000, 0x000000008e700000, 0x000000008e700000|100%| E|CS|TAMS 0x000000008e600000, 0x000000008e600000| Complete 
| 231|0x000000008e700000, 0x000000008e800000, 0x000000008e800000|100%| E|CS|TAMS 0x000000008e700000, 0x000000008e700000| Complete 
| 232|0x000000008e800000, 0x000000008e900000, 0x000000008e900000|100%| E|CS|TAMS 0x000000008e800000, 0x000000008e800000| Complete 
| 233|0x000000008e900000, 0x000000008ea00000, 0x000000008ea00000|100%| E|CS|TAMS 0x000000008e900000, 0x000000008e900000| Complete 
| 234|0x000000008ea00000, 0x000000008eb00000, 0x000000008eb00000|100%| E|CS|TAMS 0x000000008ea00000, 0x000000008ea00000| Complete 
| 235|0x000000008eb00000, 0x000000008ec00000, 0x000000008ec00000|100%| E|CS|TAMS 0x000000008eb00000, 0x000000008eb00000| Complete 
| 236|0x000000008ec00000, 0x000000008ed00000, 0x000000008ed00000|100%| E|CS|TAMS 0x000000008ec00000, 0x000000008ec00000| Complete 
| 237|0x000000008ed00000, 0x000000008ee00000, 0x000000008ee00000|100%| E|CS|TAMS 0x000000008ed00000, 0x000000008ed00000| Complete 
| 238|0x000000008ee00000, 0x000000008ef00000, 0x000000008ef00000|100%| E|CS|TAMS 0x000000008ee00000, 0x000000008ee00000| Complete 
| 239|0x000000008ef00000, 0x000000008f000000, 0x000000008f000000|100%| E|CS|TAMS 0x000000008ef00000, 0x000000008ef00000| Complete 
| 240|0x000000008f000000, 0x000000008f100000, 0x000000008f100000|100%| E|CS|TAMS 0x000000008f000000, 0x000000008f000000| Complete 
| 241|0x000000008f100000, 0x000000008f200000, 0x000000008f200000|100%| E|CS|TAMS 0x000000008f100000, 0x000000008f100000| Complete 
| 242|0x000000008f200000, 0x000000008f300000, 0x000000008f300000|100%| E|CS|TAMS 0x000000008f200000, 0x000000008f200000| Complete 
| 243|0x000000008f300000, 0x000000008f400000, 0x000000008f400000|100%| E|CS|TAMS 0x000000008f300000, 0x000000008f300000| Complete 
| 244|0x000000008f400000, 0x000000008f500000, 0x000000008f500000|100%| E|CS|TAMS 0x000000008f400000, 0x000000008f400000| Complete 
| 245|0x000000008f500000, 0x000000008f600000, 0x000000008f600000|100%| E|CS|TAMS 0x000000008f500000, 0x000000008f500000| Complete 
| 246|0x000000008f600000, 0x000000008f700000, 0x000000008f700000|100%| E|CS|TAMS 0x000000008f600000, 0x000000008f600000| Complete 
| 247|0x000000008f700000, 0x000000008f800000, 0x000000008f800000|100%| E|CS|TAMS 0x000000008f700000, 0x000000008f700000| Complete 
| 248|0x000000008f800000, 0x000000008f900000, 0x000000008f900000|100%| E|CS|TAMS 0x000000008f800000, 0x000000008f800000| Complete 
| 249|0x000000008f900000, 0x000000008fa00000, 0x000000008fa00000|100%| E|CS|TAMS 0x000000008f900000, 0x000000008f900000| Complete 
| 250|0x000000008fa00000, 0x000000008fb00000, 0x000000008fb00000|100%| E|CS|TAMS 0x000000008fa00000, 0x000000008fa00000| Complete 
| 251|0x000000008fb00000, 0x000000008fc00000, 0x000000008fc00000|100%| E|CS|TAMS 0x000000008fb00000, 0x000000008fb00000| Complete 

Card table byte_map: [0x0000015527640000,0x0000015527a40000] _byte_map_base: 0x0000015527240000

Marking Bits (Prev, Next): (CMBitMap*) 0x000001550ebde888, (CMBitMap*) 0x000001550ebde8c0
 Prev Bits: [0x0000015527e40000, 0x0000015529e40000)
 Next Bits: [0x0000015529e40000, 0x000001552be40000)

Polling page: 0x0000015517be0000

Metaspace:

Usage:
  Non-class:     34.79 MB capacity,    34.29 MB ( 99%) used,   412.17 KB (  1%) free+waste,   101.44 KB ( <1%) overhead. 
      Class:      5.40 MB capacity,     5.01 MB ( 93%) used,   351.61 KB (  6%) free+waste,    50.62 KB ( <1%) overhead. 
       Both:     40.19 MB capacity,    39.30 MB ( 98%) used,   763.78 KB (  2%) free+waste,   152.06 KB ( <1%) overhead. 

Virtual space:
  Non-class space:       36.00 MB reserved,      34.90 MB ( 97%) committed 
      Class space:      504.00 MB reserved,       5.50 MB (  1%) committed 
             Both:      540.00 MB reserved,      40.40 MB (  7%) committed 

Chunk freelists:
   Non-Class:  6.38 KB
       Class:  640 bytes
        Both:  7.00 KB

CodeHeap 'non-profiled nmethods': size=120064Kb used=1988Kb max_used=1988Kb free=118075Kb
 bounds [0x000001551f6c0000, 0x000001551f930000, 0x0000015526c00000]
CodeHeap 'profiled nmethods': size=120000Kb used=7940Kb max_used=7940Kb free=112059Kb
 bounds [0x0000015518190000, 0x0000015518960000, 0x000001551f6c0000]
CodeHeap 'non-nmethods': size=5696Kb used=2215Kb max_used=2244Kb free=3480Kb
 bounds [0x0000015517c00000, 0x0000015517e70000, 0x0000015518190000]
 total_blobs=4517 nmethods=3749 adapters=679
 compilation: enabled
              stopped_count=0, restarted_count=0
 full_count=0

Compilation events (10 events):
Event: 41.631 Thread 0x000001552ed9f000 nmethod 3752 0x0000015518950010 code [0x00000155189501a0, 0x00000155189502b8]
Event: 41.631 Thread 0x000001552ed9f000 3753       3       com.google.common.collect.MapMakerInternalMap::segmentFor (17 bytes)
Event: 41.631 Thread 0x000001552ed9f000 nmethod 3753 0x0000015518950390 code [0x0000015518950520, 0x0000015518950658]
Event: 41.631 Thread 0x000001552ed9f000 3755       3       org.codehaus.groovy.reflection.CachedClass::getMethods (11 bytes)
Event: 41.631 Thread 0x000001552ed9f000 nmethod 3755 0x0000015518950710 code [0x00000155189508c0, 0x0000015518950b68]
Event: 41.631 Thread 0x000001552ed48800 3756       4       org.codehaus.groovy.runtime.metaclass.MetaMethodIndex::addMethodToList (131 bytes)
Event: 41.635 Thread 0x000001552ed9f000 3758       3       org.codehaus.groovy.reflection.CachedClass::isAssignableFrom (21 bytes)
Event: 41.635 Thread 0x000001552ed9f000 nmethod 3758 0x0000015518950c90 code [0x0000015518950e40, 0x00000155189510c8]
Event: 41.645 Thread 0x000001552ed9f000 3759       1       java.lang.Thread::getThreadGroup (5 bytes)
Event: 41.646 Thread 0x000001552ed9f000 nmethod 3759 0x000001551f8b0f10 code [0x000001551f8b10a0, 0x000001551f8b1158]

GC Heap History (10 events):
Event: 5.544 GC heap before
{Heap before GC invocations=2 (full 0):
 garbage-first heap   total 258048K, used 43335K [0x0000000080000000, 0x0000000100000000)
  region size 1024K, 34 young (34816K), 2 survivors (2048K)
 Metaspace       used 11183K, capacity 11387K, committed 11520K, reserved 526336K
  class space    used 1157K, capacity 1244K, committed 1280K, reserved 516096K
}
Event: 5.549 GC heap after
{Heap after GC invocations=3 (full 0):
 garbage-first heap   total 258048K, used 14802K [0x0000000080000000, 0x0000000100000000)
  region size 1024K, 5 young (5120K), 5 survivors (5120K)
 Metaspace       used 11183K, capacity 11387K, committed 11520K, reserved 526336K
  class space    used 1157K, capacity 1244K, committed 1280K, reserved 516096K
}
Event: 12.703 GC heap before
{Heap before GC invocations=3 (full 0):
 garbage-first heap   total 258048K, used 60882K [0x0000000080000000, 0x0000000100000000)
  region size 1024K, 50 young (51200K), 5 survivors (5120K)
 Metaspace       used 19179K, capacity 19571K, committed 19712K, reserved 534528K
  class space    used 2277K, capacity 2445K, committed 2560K, reserved 516096K
}
Event: 12.713 GC heap after
{Heap after GC invocations=4 (full 0):
 garbage-first heap   total 258048K, used 17786K [0x0000000080000000, 0x0000000100000000)
  region size 1024K, 6 young (6144K), 6 survivors (6144K)
 Metaspace       used 19179K, capacity 19571K, committed 19712K, reserved 534528K
  class space    used 2277K, capacity 2445K, committed 2560K, reserved 516096K
}
Event: 13.279 GC heap before
{Heap before GC invocations=4 (full 0):
 garbage-first heap   total 258048K, used 32122K [0x0000000080000000, 0x0000000100000000)
  region size 1024K, 21 young (21504K), 6 survivors (6144K)
 Metaspace       used 20720K, capacity 21240K, committed 21296K, reserved 536576K
  class space    used 2518K, capacity 2688K, committed 2688K, reserved 516096K
}
Event: 13.290 GC heap after
{Heap after GC invocations=5 (full 0):
 garbage-first heap   total 258048K, used 18674K [0x0000000080000000, 0x0000000100000000)
  region size 1024K, 4 young (4096K), 4 survivors (4096K)
 Metaspace       used 20720K, capacity 21240K, committed 21296K, reserved 536576K
  class space    used 2518K, capacity 2688K, committed 2688K, reserved 516096K
}
Event: 21.076 GC heap before
{Heap before GC invocations=6 (full 0):
 garbage-first heap   total 258048K, used 76018K [0x0000000080000000, 0x0000000100000000)
  region size 1024K, 60 young (61440K), 4 survivors (4096K)
 Metaspace       used 26075K, capacity 26689K, committed 26752K, reserved 540672K
  class space    used 3402K, capacity 3659K, committed 3712K, reserved 516096K
}
Event: 21.086 GC heap after
{Heap after GC invocations=7 (full 0):
 garbage-first heap   total 258048K, used 20662K [0x0000000080000000, 0x0000000100000000)
  region size 1024K, 6 young (6144K), 6 survivors (6144K)
 Metaspace       used 26075K, capacity 26689K, committed 26752K, reserved 540672K
  class space    used 3402K, capacity 3659K, committed 3712K, reserved 516096K
}
Event: 32.959 GC heap before
{Heap before GC invocations=7 (full 0):
 garbage-first heap   total 258048K, used 89270K [0x0000000080000000, 0x0000000100000000)
  region size 1024K, 74 young (75776K), 6 survivors (6144K)
 Metaspace       used 34998K, capacity 35806K, committed 35968K, reserved 548864K
  class space    used 4534K, capacity 4879K, committed 4992K, reserved 516096K
}
Event: 32.972 GC heap after
{Heap after GC invocations=8 (full 0):
 garbage-first heap   total 258048K, used 24236K [0x0000000080000000, 0x0000000100000000)
  region size 1024K, 7 young (7168K), 7 survivors (7168K)
 Metaspace       used 34998K, capacity 35806K, committed 35968K, reserved 548864K
  class space    used 4534K, capacity 4879K, committed 4992K, reserved 516096K
}

Deoptimization events (10 events):
Event: 39.482 Thread 0x000001553069d800 Uncommon trap: reason=unstable_if action=reinterpret pc=0x000001551f818f58 method=java.lang.Class.getPackageName()Ljava/lang/String; @ 55 c2
Event: 39.497 Thread 0x000001553069d800 Uncommon trap: reason=unstable_if action=reinterpret pc=0x000001551f87e7cc method=java.util.stream.StreamOpFlag.fromCharacteristics(Ljava/util/Spliterator;)I @ 10 c2
Event: 39.660 Thread 0x000001553069d800 Uncommon trap: reason=bimorphic_or_optimized_type_check action=maybe_recompile pc=0x000001551f8804cc method=java.util.stream.Sink$ChainedReference.begin(J)V @ 5 c2
Event: 39.688 Thread 0x000001553069d800 Uncommon trap: reason=class_check action=maybe_recompile pc=0x000001551f87b02c method=java.util.regex.Pattern$Start.match(Ljava/util/regex/Matcher;ILjava/lang/CharSequence;)Z @ 44 c2
Event: 39.688 Thread 0x000001553069d800 Uncommon trap: reason=class_check action=maybe_recompile pc=0x000001551f87b02c method=java.util.regex.Pattern$Start.match(Ljava/util/regex/Matcher;ILjava/lang/CharSequence;)Z @ 44 c2
Event: 39.777 Thread 0x000001553069d800 Uncommon trap: reason=profile_predicate action=maybe_recompile pc=0x000001551f89904c method=java.lang.PublicMethods$MethodList.filter([Ljava/lang/reflect/Method;Ljava/lang/String;[Ljava/lang/Class;Z)Ljava/lang/PublicMethods$MethodList; @ 21 c2
Event: 39.778 Thread 0x000001553069d800 Uncommon trap: reason=profile_predicate action=maybe_recompile pc=0x000001551f89904c method=java.lang.PublicMethods$MethodList.filter([Ljava/lang/reflect/Method;Ljava/lang/String;[Ljava/lang/Class;Z)Ljava/lang/PublicMethods$MethodList; @ 21 c2
Event: 39.794 Thread 0x000001553069d800 Uncommon trap: reason=profile_predicate action=maybe_recompile pc=0x000001551f89904c method=java.lang.PublicMethods$MethodList.filter([Ljava/lang/reflect/Method;Ljava/lang/String;[Ljava/lang/Class;Z)Ljava/lang/PublicMethods$MethodList; @ 21 c2
Event: 39.794 Thread 0x000001553069d800 Uncommon trap: reason=profile_predicate action=maybe_recompile pc=0x000001551f89904c method=java.lang.PublicMethods$MethodList.filter([Ljava/lang/reflect/Method;Ljava/lang/String;[Ljava/lang/Class;Z)Ljava/lang/PublicMethods$MethodList; @ 21 c2
Event: 40.862 Thread 0x000001553069d800 Uncommon trap: reason=class_check action=maybe_recompile pc=0x000001551f87b02c method=java.util.regex.Pattern$Start.match(Ljava/util/regex/Matcher;ILjava/lang/CharSequence;)Z @ 44 c2

Classes redefined (0 events):
No events

Internal exceptions (10 events):
Event: 40.861 Thread 0x000001553069d800 Exception <a 'java/lang/ClassNotFoundException'{0x000000008cd09a28}: org/gradle/api/internal/plugins/DefaultObjectConfigurationActionBeanInfo> (0x000000008cd09a28) thrown at [./open/src/hotspot/share/classfile/systemDictionary.cpp, line 226]
Event: 40.862 Thread 0x000001553069d800 Exception <a 'java/lang/ClassNotFoundException'{0x000000008cd347c0}: org/gradle/api/internal/plugins/DefaultObjectConfigurationActionCustomizer> (0x000000008cd347c0) thrown at [./open/src/hotspot/share/classfile/systemDictionary.cpp, line 226]
Event: 41.604 Thread 0x000001553069d800 Exception <a 'java/lang/ClassNotFoundException'{0x000000008c8d8620}: native_modules_8e3ofdnwsoh089ubxsxcdbvw1BeanInfo> (0x000000008c8d8620) thrown at [./open/src/hotspot/share/classfile/systemDictionary.cpp, line 226]
Event: 41.604 Thread 0x000001553069d800 Exception <a 'java/lang/ClassNotFoundException'{0x000000008c8de8c0}: native_modules_8e3ofdnwsoh089ubxsxcdbvw1Customizer> (0x000000008c8de8c0) thrown at [./open/src/hotspot/share/classfile/systemDictionary.cpp, line 226]
Event: 41.613 Thread 0x000001553069d800 Exception <a 'java/lang/ClassNotFoundException'{0x000000008c740f30}: groovy/lang/ReferenceBeanInfo> (0x000000008c740f30) thrown at [./open/src/hotspot/share/classfile/systemDictionary.cpp, line 226]
Event: 41.619 Thread 0x000001553069d800 Exception <a 'java/lang/ClassNotFoundException'{0x000000008c776c90}: groovy/lang/ReferenceCustomizer> (0x000000008c776c90) thrown at [./open/src/hotspot/share/classfile/systemDictionary.cpp, line 226]
Event: 41.645 Thread 0x000001553069d800 Exception <a 'java/lang/ClassNotFoundException'{0x000000008c63e550}: groovy/lang/GString$1BeanInfo> (0x000000008c63e550) thrown at [./open/src/hotspot/share/classfile/systemDictionary.cpp, line 226]
Event: 41.651 Thread 0x000001553069d800 Exception <a 'java/lang/ClassNotFoundException'{0x000000008c673cf8}: groovy/lang/GStringBeanInfo> (0x000000008c673cf8) thrown at [./open/src/hotspot/share/classfile/systemDictionary.cpp, line 226]
Event: 41.653 Thread 0x000001553069d800 Exception <a 'java/lang/ClassNotFoundException'{0x000000008c6a9818}: groovy/lang/GStringCustomizer> (0x000000008c6a9818) thrown at [./open/src/hotspot/share/classfile/systemDictionary.cpp, line 226]
Event: 41.657 Thread 0x000001553069d800 Exception <a 'java/lang/ClassNotFoundException'{0x000000008c6e8fd8}: groovy/lang/GString$1Customizer> (0x000000008c6e8fd8) thrown at [./open/src/hotspot/share/classfile/systemDictionary.cpp, line 226]

Events (10 events):
Event: 41.653 loading class groovy/lang/GStringCustomizer done
Event: 41.656 loading class groovy/lang/GString$1Customizer
Event: 41.656 loading class groovy/lang/GString$1Customizer done
Event: 41.656 loading class groovy/lang/GString$1Customizer
Event: 41.656 loading class groovy/lang/GString$1Customizer done
Event: 41.656 loading class groovy/lang/GString$1Customizer
Event: 41.656 loading class groovy/lang/GString$1Customizer done
Event: 41.657 loading class groovy/lang/GString$1Customizer
Event: 41.657 loading class groovy/lang/GString$1Customizer done
Event: 41.657 loading class com/sun/beans/finder/MethodFinder


Dynamic libraries:
0x00007ff7ea230000 - 0x00007ff7ea240000 	C:\Program Files\Java\jdk-11.0.18\bin\java.exe
0x00007ff89a350000 - 0x00007ff89a567000 	C:\WINDOWS\SYSTEM32\ntdll.dll
0x00007ff898590000 - 0x00007ff898654000 	C:\WINDOWS\System32\KERNEL32.DLL
0x00007ff8979d0000 - 0x00007ff897d75000 	C:\WINDOWS\System32\KERNELBASE.dll
0x00007ff897760000 - 0x00007ff897871000 	C:\WINDOWS\System32\ucrtbase.dll
0x00007ff8643d0000 - 0x00007ff8643eb000 	C:\Program Files\Java\jdk-11.0.18\bin\VCRUNTIME140.dll
0x00007ff866a40000 - 0x00007ff866a58000 	C:\Program Files\Java\jdk-11.0.18\bin\jli.dll
0x00007ff8990b0000 - 0x00007ff899161000 	C:\WINDOWS\System32\ADVAPI32.dll
0x00007ff8999a0000 - 0x00007ff899a47000 	C:\WINDOWS\System32\msvcrt.dll
0x00007ff899b50000 - 0x00007ff899bf6000 	C:\WINDOWS\System32\sechost.dll
0x00007ff899cd0000 - 0x00007ff899de7000 	C:\WINDOWS\System32\RPCRT4.dll
0x00007ff89a060000 - 0x00007ff89a20e000 	C:\WINDOWS\System32\USER32.dll
0x00007ff897880000 - 0x00007ff8978a6000 	C:\WINDOWS\System32\win32u.dll
0x00007ff899df0000 - 0x00007ff899e19000 	C:\WINDOWS\System32\GDI32.dll
0x00007ff8978b0000 - 0x00007ff8979c9000 	C:\WINDOWS\System32\gdi32full.dll
0x00007ff8976c0000 - 0x00007ff89775a000 	C:\WINDOWS\System32\msvcp_win.dll
0x00007ff87aa30000 - 0x00007ff87acc3000 	C:\WINDOWS\WinSxS\amd64_microsoft.windows.common-controls_6595b64144ccf1df_6.0.22621.2506_none_270c5ae97388e100\COMCTL32.dll
0x00007ff884b10000 - 0x00007ff884b1a000 	C:\WINDOWS\SYSTEM32\VERSION.dll
0x00007ff898760000 - 0x00007ff898791000 	C:\WINDOWS\System32\IMM32.DLL
0x00007ff87a960000 - 0x00007ff87a96c000 	C:\Program Files\Java\jdk-11.0.18\bin\vcruntime140_1.dll
0x00007ff8394b0000 - 0x00007ff83953e000 	C:\Program Files\Java\jdk-11.0.18\bin\msvcp140.dll
0x00007fffdf6a0000 - 0x00007fffe0208000 	C:\Program Files\Java\jdk-11.0.18\bin\server\jvm.dll
0x00007ff899170000 - 0x00007ff899178000 	C:\WINDOWS\System32\PSAPI.DLL
0x00007ff86f440000 - 0x00007ff86f449000 	C:\WINDOWS\SYSTEM32\WSOCK32.dll
0x00007ff8980a0000 - 0x00007ff898111000 	C:\WINDOWS\System32\WS2_32.dll
0x00007ff88a660000 - 0x00007ff88a694000 	C:\WINDOWS\SYSTEM32\WINMM.dll
0x00007ff896620000 - 0x00007ff896638000 	C:\WINDOWS\SYSTEM32\kernel.appcore.dll
0x00007ff87a670000 - 0x00007ff87a680000 	C:\Program Files\Java\jdk-11.0.18\bin\verify.dll
0x00007ff895110000 - 0x00007ff895343000 	C:\WINDOWS\SYSTEM32\DBGHELP.DLL
0x00007ff899600000 - 0x00007ff899989000 	C:\WINDOWS\System32\combase.dll
0x00007ff899a70000 - 0x00007ff899b47000 	C:\WINDOWS\System32\OLEAUT32.dll
0x00007ff8708e0000 - 0x00007ff870912000 	C:\WINDOWS\SYSTEM32\dbgcore.DLL
0x00007ff898020000 - 0x00007ff89809a000 	C:\WINDOWS\System32\bcryptPrimitives.dll
0x00007ff85b7e0000 - 0x00007ff85b808000 	C:\Program Files\Java\jdk-11.0.18\bin\java.dll
0x00007ff879df0000 - 0x00007ff879dfa000 	C:\Program Files\Java\jdk-11.0.18\bin\jimage.dll
0x00007ff860390000 - 0x00007ff8603a7000 	C:\Program Files\Java\jdk-11.0.18\bin\zip.dll
0x00007ff898850000 - 0x00007ff8990a9000 	C:\WINDOWS\System32\SHELL32.dll
0x00007ff895590000 - 0x00007ff895e84000 	C:\WINDOWS\SYSTEM32\windows.storage.dll
0x00007ff895450000 - 0x00007ff89558e000 	C:\WINDOWS\SYSTEM32\wintypes.dll
0x00007ff89a210000 - 0x00007ff89a303000 	C:\WINDOWS\System32\SHCORE.dll
0x00007ff898210000 - 0x00007ff89826e000 	C:\WINDOWS\System32\shlwapi.dll
0x00007ff8975f0000 - 0x00007ff897616000 	C:\WINDOWS\SYSTEM32\profapi.dll
0x00007ff85c7b0000 - 0x00007ff85c7c9000 	C:\Program Files\Java\jdk-11.0.18\bin\net.dll
0x00007ff88c4b0000 - 0x00007ff88c5e7000 	C:\WINDOWS\SYSTEM32\WINHTTP.dll
0x00007ff896af0000 - 0x00007ff896b59000 	C:\WINDOWS\system32\mswsock.dll
0x00007ff858160000 - 0x00007ff858172000 	C:\Program Files\Java\jdk-11.0.18\bin\nio.dll
0x00007ff853e60000 - 0x00007ff853e87000 	C:\Users\Kishore Gurti\.gradle\native\68d5fa5c4cc2d200863cafc0d521ce42e7d3e7ee720ec0a83991735586a16f82\windows-amd64\native-platform.dll
0x00007ff8268d0000 - 0x00007ff826a14000 	C:\Users\Kishore Gurti\.gradle\native\e376f236ea51e6404a007f0833ffe2c6e607c4080706a723a18a27aeea778392\windows-amd64\native-platform-file-events.dll
0x00007ff8798a0000 - 0x00007ff8798a9000 	C:\Program Files\Java\jdk-11.0.18\bin\management.dll
0x00007ff879670000 - 0x00007ff87967b000 	C:\Program Files\Java\jdk-11.0.18\bin\management_ext.dll
0x00007ff896e40000 - 0x00007ff896e5b000 	C:\WINDOWS\SYSTEM32\CRYPTSP.dll
0x00007ff8965e0000 - 0x00007ff896615000 	C:\WINDOWS\system32\rsaenh.dll
0x00007ff896b90000 - 0x00007ff896bbc000 	C:\WINDOWS\SYSTEM32\USERENV.dll
0x00007ff896f80000 - 0x00007ff896fa8000 	C:\WINDOWS\SYSTEM32\bcrypt.dll
0x00007ff896e20000 - 0x00007ff896e2c000 	C:\WINDOWS\SYSTEM32\CRYPTBASE.dll
0x00007ff8960f0000 - 0x00007ff89611d000 	C:\WINDOWS\SYSTEM32\IPHLPAPI.DLL
0x00007ff899990000 - 0x00007ff899999000 	C:\WINDOWS\System32\NSI.dll
0x00007ff88cf90000 - 0x00007ff88cfa9000 	C:\WINDOWS\SYSTEM32\dhcpcsvc6.DLL
0x00007ff88c3e0000 - 0x00007ff88c3ff000 	C:\WINDOWS\SYSTEM32\dhcpcsvc.DLL
0x00007ff896120000 - 0x00007ff896219000 	C:\WINDOWS\SYSTEM32\DNSAPI.dll

dbghelp: loaded successfully - version: 4.0.5 - missing functions: none
symbol engine: initialized successfully - sym options: 0x614 - pdb path: .;C:\Program Files\Java\jdk-11.0.18\bin;C:\WINDOWS\SYSTEM32;C:\WINDOWS\WinSxS\amd64_microsoft.windows.common-controls_6595b64144ccf1df_6.0.22621.2506_none_270c5ae97388e100;C:\Program Files\Java\jdk-11.0.18\bin\server;C:\Users\Kishore Gurti\.gradle\native\68d5fa5c4cc2d200863cafc0d521ce42e7d3e7ee720ec0a83991735586a16f82\windows-amd64;C:\Users\Kishore Gurti\.gradle\native\e376f236ea51e6404a007f0833ffe2c6e607c4080706a723a18a27aeea778392\windows-amd64

VM Arguments:
jvm_args: -XX:MaxMetaspaceSize=512m --add-opens=java.base/java.util=ALL-UNNAMED --add-opens=java.base/java.lang=ALL-UNNAMED --add-opens=java.base/java.lang.invoke=ALL-UNNAMED --add-opens=java.prefs/java.util.prefs=ALL-UNNAMED --add-opens=java.base/java.nio.charset=ALL-UNNAMED --add-opens=java.base/java.net=ALL-UNNAMED --add-opens=java.base/java.util.concurrent.atomic=ALL-UNNAMED -Xmx2048m -Dfile.encoding=windows-1252 -Duser.country=IN -Duser.language=en -Duser.variant 
java_command: org.gradle.launcher.daemon.bootstrap.GradleDaemon 8.0.1
java_class_path (initial): C:\Users\Kishore Gurti\.gradle\wrapper\dists\gradle-8.0.1-all\aro4hu1c3oeioove7l0i4i14o\gradle-8.0.1\lib\gradle-launcher-8.0.1.jar
Launcher Type: SUN_STANDARD

[Global flags]
     intx CICompilerCount                          = 3                                         {product} {ergonomic}
   size_t CompressedClassSpaceSize                 = 528482304                                 {product} {ergonomic}
     uint ConcGCThreads                            = 1                                         {product} {ergonomic}
     uint G1ConcRefinementThreads                  = 4                                         {product} {ergonomic}
   size_t G1HeapRegionSize                         = 1048576                                   {product} {ergonomic}
    uintx GCDrainStackTargetSize                   = 64                                        {product} {ergonomic}
   size_t InitialHeapSize                          = 264241152                                 {product} {ergonomic}
   size_t MarkStackSize                            = 4194304                                   {product} {ergonomic}
   size_t MaxHeapSize                              = 2147483648                                {product} {command line}
   size_t MaxMetaspaceSize                         = 536870912                                 {product} {command line}
   size_t MaxNewSize                               = 1287651328                                {product} {ergonomic}
   size_t MinHeapDeltaBytes                        = 1048576                                   {product} {ergonomic}
    uintx NonNMethodCodeHeapSize                   = 5830732                                {pd product} {ergonomic}
    uintx NonProfiledCodeHeapSize                  = 122913754                              {pd product} {ergonomic}
    uintx ProfiledCodeHeapSize                     = 122913754                              {pd product} {ergonomic}
    uintx ReservedCodeCacheSize                    = 251658240                              {pd product} {ergonomic}
     bool SegmentedCodeCache                       = true                                      {product} {ergonomic}
     bool UseCompressedClassPointers               = true                                 {lp64_product} {ergonomic}
     bool UseCompressedOops                        = true                                 {lp64_product} {ergonomic}
     bool UseG1GC                                  = true                                      {product} {ergonomic}
     bool UseLargePagesIndividualAllocation        = false                                  {pd product} {ergonomic}

Logging:
Log output configuration:
 #0: stdout all=warning uptime,level,tags
 #1: stderr all=off uptime,level,tags

Environment Variables:
JAVA_HOME=C:\Program Files\Java\jdk-11.0.18
CLASSPATH=C:\Users\Kishore Gurti\Desktop\my-fda\FoodDeliveryApp\android\\gradle\wrapper\gradle-wrapper.jar
PATH=C:\Users\Kishore Gurti\Desktop\my-fda\FoodDeliveryApp\node_modules\.bin;C:\Users\Kishore Gurti\Desktop\my-fda\FoodDeliveryApp\node_modules\.bin;C:\Users\Kishore Gurti\Desktop\my-fda\node_modules\.bin;C:\Users\Kishore Gurti\Desktop\node_modules\.bin;C:\Users\Kishore Gurti\node_modules\.bin;C:\Users\node_modules\.bin;C:\node_modules\.bin;C:\Users\Kishore Gurti\AppData\Roaming\npm\node_modules\npm\node_modules\@npmcli\run-script\lib\node-gyp-bin;C:\Users\Kishore Gurti\Desktop\my-fda\FoodDeliveryApp\node_modules\.bin;C:\Users\Kishore Gurti\Desktop\my-fda\FoodDeliveryApp\node_modules\.bin;C:\Users\Kishore Gurti\Desktop\my-fda\node_modules\.bin;C:\Users\Kishore Gurti\Desktop\node_modules\.bin;C:\Users\Kishore Gurti\node_modules\.bin;C:\Users\node_modules\.bin;C:\node_modules\.bin;C:\Users\Kishore Gurti\AppData\Roaming\npm\node_modules\npm\node_modules\@npmcli\run-script\lib\node-gyp-bin;C:\Program Files\Common Files\Oracle\Java\javapath;C:\WINDOWS\system32;C:\WINDOWS;C:\WINDOWS\System32\Wbem;C:\WINDOWS\System32\WindowsPowerShell\v1.0\;C:\WINDOWS\System32\OpenSSH\;C:\Program Files\Git\cmd;C:\ProgramData\chocolatey\bin;C:\Program Files\Java\jdk-11\bin;C:\Program Files\PuTTY\;C:\Program Files\nodejs\;C:\Program Files\Java\jdk-17\bin;C:\Program Files\Java\javaPaths;C:\Program Files\Java\jdk-11.0.18\bin;;C:\Program Files\Docker\Docker\resources\bin;C:\Users\Kishore Gurti\AppData\Local\Microsoft\WindowsApps;C:\Users\Kishore Gurti\AppData\Local\Programs\Microsoft VS Code\bin;C:\Users\Kishore Gurti\AppData\Local\GitHubDesktop\bin;C:\Users\Kishore Gurti\AppData\Local\Android\Sdk\platform-tools;C:\Program Files\Java\jdk-11\bin;C:\Users\Kishore Gurti\AppData\Roaming\npm;C:\Software\apache-maven-3.6.3\bin;
USERNAME=Kishor Guriti
OS=Windows_NT
PROCESSOR_IDENTIFIER=Intel64 Family 6 Model 140 Stepping 1, GenuineIntel



---------------  S Y S T E M  ---------------

OS: Windows 11 , 64 bit Build 22621 (10.0.22621.2506)
Hyper-V role detected

CPU:total 4 (initial active 4) (2 cores per cpu, 2 threads per core) family 6 model 140 stepping 1 microcode 0xac, cmov, cx8, fxsr, mmx, sse, sse2, sse3, ssse3, sse4.1, sse4.2, popcnt, avx, avx2, aes, clmul, erms, 3dnowpref, lzcnt, ht, tsc, tscinvbit, bmi1, bmi2, adx, evex, sha, fma

Memory: 4k page, system-wide physical 16124M (158M free)
TotalPageFile size 65276M (AvailPageFile size 6M)
current process WorkingSet (physical memory assigned to process): 220M, peak: 224M
current process commit charge ("private bytes"): 411M, peak: 414M

vm_info: Java HotSpot(TM) 64-Bit Server VM (11.0.18+9-LTS-195) for windows-amd64 JRE (11.0.18+9-LTS-195), built on Dec  6 2022 15:50:58 by "mach5one" with MS VC++ 17.1 (VS2022)

END.
