#
# There is insufficient memory for the Java Runtime Environment to continue.
# Native memory allocation (malloc) failed to allocate 1843696 bytes for Chunk::new
# Possible reasons:
#   The system is out of physical RAM or swap space
#   The process is running with CompressedOops enabled, and the Java Heap may be blocking the growth of the native heap
# Possible solutions:
#   Reduce memory load on the system
#   Increase physical memory or swap space
#   Check if swap backing store is full
#   Decrease Java heap size (-Xmx/-Xms)
#   Decrease number of Java threads
#   Decrease Java thread stack sizes (-Xss)
#   Set larger code cache with -XX:ReservedCodeCacheSize=
#   JVM is running with Unscaled Compressed Oops mode in which the Java heap is
#     placed in the first 4GB address space. The Java Heap base address is the
#     maximum limit for the native heap growth. Please use -XX:HeapBaseMinAddress
#     to set the Java Heap base and to place the Java Heap above 4GB virtual address.
# This output file may be truncated or incomplete.
#
#  Out of Memory Error (./open/src/hotspot/share/memory/arena.cpp:197), pid=107112, tid=106216
#
# JRE version: Java(TM) SE Runtime Environment 18.9 (11.0.18+9) (build 11.0.18+9-LTS-195)
# Java VM: Java HotSpot(TM) 64-Bit Server VM 18.9 (11.0.18+9-LTS-195, mixed mode, tiered, compressed oops, g1 gc, windows-amd64)
# No core dump will be written. Minidumps are not enabled by default on client versions of Windows
#

---------------  S U M M A R Y ------------

Command Line: -XX:MaxMetaspaceSize=512m --add-opens=java.base/java.util=ALL-UNNAMED --add-opens=java.base/java.lang=ALL-UNNAMED --add-opens=java.base/java.lang.invoke=ALL-UNNAMED --add-opens=java.prefs/java.util.prefs=ALL-UNNAMED --add-opens=java.base/java.nio.charset=ALL-UNNAMED --add-opens=java.base/java.net=ALL-UNNAMED --add-opens=java.base/java.util.concurrent.atomic=ALL-UNNAMED -Xmx2048m -Dfile.encoding=windows-1252 -Duser.country=IN -Duser.language=en -Duser.variant org.gradle.launcher.daemon.bootstrap.GradleDaemon 8.0.1

Host: 11th Gen Intel(R) Core(TM) i3-1115G4 @ 3.00GHz, 4 cores, 15G,  Windows 11 , 64 bit Build 22621 (10.0.22621.2506)
Time: Wed Nov 29 14:13:05 2023 India Standard Time elapsed time: 19.825635 seconds (0d 0h 0m 19s)

---------------  T H R E A D  ---------------

Current thread (0x000001a47aea5800):  JavaThread "C2 CompilerThread0" daemon [_thread_in_native, id=106216, stack(0x00000001b9f00000,0x00000001ba000000)]


Current CompileTask:
C2:  19825 3469       4       java.lang.invoke.MethodType::makeImpl (108 bytes)

Stack: [0x00000001b9f00000,0x00000001ba000000]
Native frames: (J=compiled Java code, j=interpreted, Vv=VM code, C=native code)
V  [jvm.dll+0x65d8aa]
V  [jvm.dll+0x79fc1f]
V  [jvm.dll+0x7a12e9]
V  [jvm.dll+0x7a1983]
V  [jvm.dll+0x2585b5]
V  [jvm.dll+0xb284c]
V  [jvm.dll+0xb2e0c]
V  [jvm.dll+0x365e21]
V  [jvm.dll+0x32eb15]
V  [jvm.dll+0x32defa]
V  [jvm.dll+0x2113ad]
V  [jvm.dll+0x210378]
V  [jvm.dll+0x18c641]
V  [jvm.dll+0x220609]
V  [jvm.dll+0x21e92c]
V  [jvm.dll+0x763f61]
V  [jvm.dll+0x75c924]
V  [jvm.dll+0x65c755]
C  [ucrtbase.dll+0x29363]
C  [KERNEL32.DLL+0x1257d]
C  [ntdll.dll+0x5aa58]


---------------  P R O C E S S  ---------------

Threads class SMR info:
_java_thread_list=0x000001a47c2a89c0, length=33, elements={
0x000001a45ce30000, 0x000001a47a61a800, 0x000001a47a61c800, 0x000001a47ae57000,
0x000001a47aea0800, 0x000001a47aea1800, 0x000001a47aea5800, 0x000001a47aea7800,
0x000001a47af0a800, 0x000001a47af6b800, 0x000001a47bfb0800, 0x000001a47ce16800,
0x000001a47cd5f800, 0x000001a47c694800, 0x000001a47c814000, 0x000001a47e2e0800,
0x000001a47bb0f000, 0x000001a47caf9000, 0x000001a47c298800, 0x000001a47c28c000,
0x000001a47c28f800, 0x000001a47c28a800, 0x000001a47c28a000, 0x000001a47c28d000,
0x000001a47c290800, 0x000001a47c28b800, 0x000001a47c28e000, 0x000001a47c28e800,
0x000001a47bd20000, 0x000001a47bd22000, 0x000001a47bd1e000, 0x000001a47bd23000,
0x000001a47bd24000
}

Java Threads: ( => current thread )
  0x000001a45ce30000 JavaThread "main" [_thread_blocked, id=115276, stack(0x00000001b9200000,0x00000001b9300000)]
  0x000001a47a61a800 JavaThread "Reference Handler" daemon [_thread_blocked, id=96740, stack(0x00000001b9a00000,0x00000001b9b00000)]
  0x000001a47a61c800 JavaThread "Finalizer" daemon [_thread_blocked, id=106580, stack(0x00000001b9b00000,0x00000001b9c00000)]
  0x000001a47ae57000 JavaThread "Signal Dispatcher" daemon [_thread_blocked, id=119480, stack(0x00000001b9c00000,0x00000001b9d00000)]
  0x000001a47aea0800 JavaThread "Attach Listener" daemon [_thread_blocked, id=119428, stack(0x00000001b9d00000,0x00000001b9e00000)]
  0x000001a47aea1800 JavaThread "Service Thread" daemon [_thread_blocked, id=106192, stack(0x00000001b9e00000,0x00000001b9f00000)]
=>0x000001a47aea5800 JavaThread "C2 CompilerThread0" daemon [_thread_in_native, id=106216, stack(0x00000001b9f00000,0x00000001ba000000)]
  0x000001a47aea7800 JavaThread "C1 CompilerThread0" daemon [_thread_blocked, id=107508, stack(0x00000001ba000000,0x00000001ba100000)]
  0x000001a47af0a800 JavaThread "Sweeper thread" daemon [_thread_blocked, id=106132, stack(0x00000001ba100000,0x00000001ba200000)]
  0x000001a47af6b800 JavaThread "Common-Cleaner" daemon [_thread_blocked, id=107184, stack(0x00000001ba200000,0x00000001ba300000)]
  0x000001a47bfb0800 JavaThread "Daemon health stats" [_thread_blocked, id=116396, stack(0x00000001ba800000,0x00000001ba900000)]
  0x000001a47ce16800 JavaThread "Incoming local TCP Connector on port 57347" [_thread_in_native, id=116980, stack(0x00000001ba400000,0x00000001ba500000)]
  0x000001a47cd5f800 JavaThread "Daemon periodic checks" [_thread_blocked, id=117644, stack(0x00000001ba900000,0x00000001baa00000)]
  0x000001a47c694800 JavaThread "Daemon" [_thread_blocked, id=116768, stack(0x00000001baa00000,0x00000001bab00000)]
  0x000001a47c814000 JavaThread "Handler for socket connection from /127.0.0.1:57347 to /127.0.0.1:57348" [_thread_in_native, id=116584, stack(0x00000001bab00000,0x00000001bac00000)]
  0x000001a47e2e0800 JavaThread "Cancel handler" [_thread_blocked, id=95868, stack(0x00000001bac00000,0x00000001bad00000)]
  0x000001a47bb0f000 JavaThread "Daemon worker" [_thread_in_native, id=118792, stack(0x00000001bad00000,0x00000001bae00000)]
  0x000001a47caf9000 JavaThread "Asynchronous log dispatcher for DefaultDaemonConnection: socket connection from /127.0.0.1:57347 to /127.0.0.1:57348" [_thread_blocked, id=116992, stack(0x00000001bae00000,0x00000001baf00000)]
  0x000001a47c298800 JavaThread "Stdin handler" [_thread_blocked, id=105764, stack(0x00000001baf00000,0x00000001bb000000)]
  0x000001a47c28c000 JavaThread "Daemon client event forwarder" [_thread_blocked, id=119560, stack(0x00000001bb000000,0x00000001bb100000)]
  0x000001a47c28f800 JavaThread "Cache worker for journal cache (C:\Users\Kishore Gurti\.gradle\caches\journal-1)" [_thread_blocked, id=108228, stack(0x00000001bb100000,0x00000001bb200000)]
  0x000001a47c28a800 JavaThread "File lock request listener" [_thread_in_native, id=118240, stack(0x00000001bb200000,0x00000001bb300000)]
  0x000001a47c28a000 JavaThread "Cache worker for file hash cache (C:\Users\Kishore Gurti\.gradle\caches\8.0.1\fileHashes)" [_thread_blocked, id=112260, stack(0x00000001bb300000,0x00000001bb400000)]
  0x000001a47c28d000 JavaThread "File watcher server" daemon [_thread_in_native, id=113784, stack(0x00000001bb400000,0x00000001bb500000)]
  0x000001a47c290800 JavaThread "File watcher consumer" daemon [_thread_blocked, id=120176, stack(0x00000001bb500000,0x00000001bb600000)]
  0x000001a47c28b800 JavaThread "Cache worker for checksums cache (C:\Users\Kishore Gurti\Desktop\my-fda\FoodDeliveryApp\android\.gradle\8.0.1\checksums)" [_thread_blocked, id=111152, stack(0x00000001bb600000,0x00000001bb700000)]
  0x000001a47c28e000 JavaThread "Cache worker for cache directory md-rule (C:\Users\Kishore Gurti\.gradle\caches\8.0.1\md-rule)" [_thread_blocked, id=111736, stack(0x00000001bb700000,0x00000001bb800000)]
  0x000001a47c28e800 JavaThread "Cache worker for file content cache (C:\Users\Kishore Gurti\.gradle\caches\8.0.1\fileContent)" [_thread_blocked, id=113416, stack(0x00000001bb800000,0x00000001bb900000)]
  0x000001a47bd20000 JavaThread "Cache worker for file hash cache (C:\Users\Kishore Gurti\Desktop\my-fda\FoodDeliveryApp\android\.gradle\8.0.1\fileHashes)" [_thread_blocked, id=111828, stack(0x00000001bb900000,0x00000001bba00000)]
  0x000001a47bd22000 JavaThread "Cache worker for cache directory md-supplier (C:\Users\Kishore Gurti\.gradle\caches\8.0.1\md-supplier)" [_thread_blocked, id=112936, stack(0x00000001bba00000,0x00000001bbb00000)]
  0x000001a47bd1e000 JavaThread "Cache worker for execution history cache (C:\Users\Kishore Gurti\.gradle\caches\8.0.1\executionHistory)" [_thread_blocked, id=114260, stack(0x00000001bbb00000,0x00000001bbc00000)]
  0x000001a47bd23000 JavaThread "jar transforms" [_thread_blocked, id=120092, stack(0x00000001bbc00000,0x00000001bbd00000)]
  0x000001a47bd24000 JavaThread "jar transforms Thread 2" [_thread_blocked, id=122116, stack(0x00000001bbd00000,0x00000001bbe00000)]

Other Threads:
  0x000001a47a615800 VMThread "VM Thread" [stack: 0x00000001b9900000,0x00000001b9a00000] [id=19848]
  0x000001a47afa3800 WatcherThread [stack: 0x00000001ba300000,0x00000001ba400000] [id=91688]
  0x000001a45ce47000 GCTaskThread "GC Thread#0" [stack: 0x00000001b9400000,0x00000001b9500000] [id=105880]
  0x000001a47bbe6800 GCTaskThread "GC Thread#1" [stack: 0x00000001ba500000,0x00000001ba600000] [id=106236]
  0x000001a47b97c000 GCTaskThread "GC Thread#2" [stack: 0x00000001ba600000,0x00000001ba700000] [id=106632]
  0x000001a47b97d000 GCTaskThread "GC Thread#3" [stack: 0x00000001ba700000,0x00000001ba800000] [id=106312]
  0x000001a45ce76800 ConcurrentGCThread "G1 Main Marker" [stack: 0x00000001b9500000,0x00000001b9600000] [id=105908]
  0x000001a45ce78800 ConcurrentGCThread "G1 Conc#0" [stack: 0x00000001b9600000,0x00000001b9700000] [id=105828]
  0x000001a45cefe000 ConcurrentGCThread "G1 Refine#0" [stack: 0x00000001b9700000,0x00000001b9800000] [id=105800]
  0x000001a47a4a6800 ConcurrentGCThread "G1 Young RemSet Sampling" [stack: 0x00000001b9800000,0x00000001b9900000] [id=103104]

Threads with active compile tasks:
C2 CompilerThread0    19870 3469       4       java.lang.invoke.MethodType::makeImpl (108 bytes)

VM state:not at safepoint (normal execution)

VM Mutex/Monitor currently owned by a thread: None

Heap address: 0x0000000080000000, size: 2048 MB, Compressed Oops mode: 32-bit
Narrow klass base: 0x0000000000000000, Narrow klass shift: 3
Compressed class space size: 528482304 Address: 0x0000000100000000

Heap:
 garbage-first heap   total 258048K, used 63563K [0x0000000080000000, 0x0000000100000000)
  region size 1024K, 46 young (47104K), 6 survivors (6144K)
 Metaspace       used 38793K, capacity 39720K, committed 39808K, reserved 550912K
  class space    used 5030K, capacity 5419K, committed 5504K, reserved 516096K
Heap Regions: E=young(eden), S=young(survivor), O=old, HS=humongous(starts), HC=humongous(continues), CS=collection set, F=free, A=archive, TAMS=top-at-mark-start (previous, next)
|   0|0x0000000080000000, 0x0000000080100000, 0x0000000080100000|100%| O|  |TAMS 0x0000000080100000, 0x0000000080000000| Untracked 
|   1|0x0000000080100000, 0x0000000080200000, 0x0000000080200000|100%| O|  |TAMS 0x0000000080200000, 0x0000000080100000| Untracked 
|   2|0x0000000080200000, 0x0000000080300000, 0x0000000080300000|100%|HS|  |TAMS 0x0000000080300000, 0x0000000080200000| Complete 
|   3|0x0000000080300000, 0x0000000080400000, 0x0000000080400000|100%|HC|  |TAMS 0x0000000080400000, 0x0000000080300000| Complete 
|   4|0x0000000080400000, 0x0000000080500000, 0x0000000080500000|100%|HC|  |TAMS 0x0000000080500000, 0x0000000080400000| Complete 
|   5|0x0000000080500000, 0x0000000080600000, 0x0000000080600000|100%|HC|  |TAMS 0x0000000080600000, 0x0000000080500000| Complete 
|   6|0x0000000080600000, 0x0000000080700000, 0x0000000080700000|100%| O|  |TAMS 0x0000000080700000, 0x0000000080600000| Untracked 
|   7|0x0000000080700000, 0x0000000080800000, 0x0000000080800000|100%| O|  |TAMS 0x0000000080800000, 0x0000000080700000| Untracked 
|   8|0x0000000080800000, 0x0000000080900000, 0x0000000080900000|100%| O|  |TAMS 0x0000000080900000, 0x0000000080800000| Untracked 
|   9|0x0000000080900000, 0x0000000080a00000, 0x0000000080a00000|100%| O|  |TAMS 0x0000000080a00000, 0x0000000080900000| Untracked 
|  10|0x0000000080a00000, 0x0000000080b00000, 0x0000000080b00000|100%| O|  |TAMS 0x0000000080b00000, 0x0000000080a00000| Untracked 
|  11|0x0000000080b00000, 0x0000000080c00000, 0x0000000080c00000|100%| O|  |TAMS 0x0000000080c00000, 0x0000000080b00000| Untracked 
|  12|0x0000000080c00000, 0x0000000080d00000, 0x0000000080d00000|100%| O|  |TAMS 0x0000000080d00000, 0x0000000080c00000| Untracked 
|  13|0x0000000080d00000, 0x0000000080e00000, 0x0000000080e00000|100%| O|  |TAMS 0x0000000080e00000, 0x0000000080d00000| Untracked 
|  14|0x0000000080e00000, 0x0000000080f00000, 0x0000000080f00000|100%| O|  |TAMS 0x0000000080f00000, 0x0000000080e00000| Untracked 
|  15|0x0000000080f00000, 0x0000000081000000, 0x0000000081000000|100%| O|  |TAMS 0x0000000081000000, 0x0000000080f00000| Untracked 
|  16|0x0000000081000000, 0x0000000081100000, 0x0000000081100000|100%| O|  |TAMS 0x0000000081100000, 0x0000000081000000| Untracked 
|  17|0x0000000081100000, 0x000000008114b800, 0x0000000081200000| 29%| O|  |TAMS 0x000000008114b800, 0x0000000081100000| Untracked 
|  18|0x0000000081200000, 0x0000000081200000, 0x0000000081300000|  0%| F|  |TAMS 0x0000000081200000, 0x0000000081200000| Untracked 
|  19|0x0000000081300000, 0x0000000081300000, 0x0000000081400000|  0%| F|  |TAMS 0x0000000081300000, 0x0000000081300000| Untracked 
|  20|0x0000000081400000, 0x0000000081400000, 0x0000000081500000|  0%| F|  |TAMS 0x0000000081400000, 0x0000000081400000| Untracked 
|  21|0x0000000081500000, 0x0000000081500000, 0x0000000081600000|  0%| F|  |TAMS 0x0000000081500000, 0x0000000081500000| Untracked 
|  22|0x0000000081600000, 0x0000000081600000, 0x0000000081700000|  0%| F|  |TAMS 0x0000000081600000, 0x0000000081600000| Untracked 
|  23|0x0000000081700000, 0x0000000081700000, 0x0000000081800000|  0%| F|  |TAMS 0x0000000081700000, 0x0000000081700000| Untracked 
|  24|0x0000000081800000, 0x0000000081800000, 0x0000000081900000|  0%| F|  |TAMS 0x0000000081800000, 0x0000000081800000| Untracked 
|  25|0x0000000081900000, 0x0000000081900000, 0x0000000081a00000|  0%| F|  |TAMS 0x0000000081900000, 0x0000000081900000| Untracked 
|  26|0x0000000081a00000, 0x0000000081a00000, 0x0000000081b00000|  0%| F|  |TAMS 0x0000000081a00000, 0x0000000081a00000| Untracked 
|  27|0x0000000081b00000, 0x0000000081b00000, 0x0000000081c00000|  0%| F|  |TAMS 0x0000000081b00000, 0x0000000081b00000| Untracked 
|  28|0x0000000081c00000, 0x0000000081c00000, 0x0000000081d00000|  0%| F|  |TAMS 0x0000000081c00000, 0x0000000081c00000| Untracked 
|  29|0x0000000081d00000, 0x0000000081d00000, 0x0000000081e00000|  0%| F|  |TAMS 0x0000000081d00000, 0x0000000081d00000| Untracked 
|  30|0x0000000081e00000, 0x0000000081e00000, 0x0000000081f00000|  0%| F|  |TAMS 0x0000000081e00000, 0x0000000081e00000| Untracked 
|  31|0x0000000081f00000, 0x0000000081f00000, 0x0000000082000000|  0%| F|  |TAMS 0x0000000081f00000, 0x0000000081f00000| Untracked 
|  32|0x0000000082000000, 0x0000000082000000, 0x0000000082100000|  0%| F|  |TAMS 0x0000000082000000, 0x0000000082000000| Untracked 
|  33|0x0000000082100000, 0x0000000082100000, 0x0000000082200000|  0%| F|  |TAMS 0x0000000082100000, 0x0000000082100000| Untracked 
|  34|0x0000000082200000, 0x0000000082200000, 0x0000000082300000|  0%| F|  |TAMS 0x0000000082200000, 0x0000000082200000| Untracked 
|  35|0x0000000082300000, 0x0000000082300000, 0x0000000082400000|  0%| F|  |TAMS 0x0000000082300000, 0x0000000082300000| Untracked 
|  36|0x0000000082400000, 0x0000000082400000, 0x0000000082500000|  0%| F|  |TAMS 0x0000000082400000, 0x0000000082400000| Untracked 
|  37|0x0000000082500000, 0x0000000082500000, 0x0000000082600000|  0%| F|  |TAMS 0x0000000082500000, 0x0000000082500000| Untracked 
|  38|0x0000000082600000, 0x0000000082600000, 0x0000000082700000|  0%| F|  |TAMS 0x0000000082600000, 0x0000000082600000| Untracked 
|  39|0x0000000082700000, 0x0000000082700000, 0x0000000082800000|  0%| F|  |TAMS 0x0000000082700000, 0x0000000082700000| Untracked 
|  40|0x0000000082800000, 0x0000000082800000, 0x0000000082900000|  0%| F|  |TAMS 0x0000000082800000, 0x0000000082800000| Untracked 
|  41|0x0000000082900000, 0x0000000082900000, 0x0000000082a00000|  0%| F|  |TAMS 0x0000000082900000, 0x0000000082900000| Untracked 
|  42|0x0000000082a00000, 0x0000000082a00000, 0x0000000082b00000|  0%| F|  |TAMS 0x0000000082a00000, 0x0000000082a00000| Untracked 
|  43|0x0000000082b00000, 0x0000000082b00000, 0x0000000082c00000|  0%| F|  |TAMS 0x0000000082b00000, 0x0000000082b00000| Untracked 
|  44|0x0000000082c00000, 0x0000000082c00000, 0x0000000082d00000|  0%| F|  |TAMS 0x0000000082c00000, 0x0000000082c00000| Untracked 
|  45|0x0000000082d00000, 0x0000000082d00000, 0x0000000082e00000|  0%| F|  |TAMS 0x0000000082d00000, 0x0000000082d00000| Untracked 
|  46|0x0000000082e00000, 0x0000000082e00000, 0x0000000082f00000|  0%| F|  |TAMS 0x0000000082e00000, 0x0000000082e00000| Untracked 
|  47|0x0000000082f00000, 0x0000000082f00000, 0x0000000083000000|  0%| F|  |TAMS 0x0000000082f00000, 0x0000000082f00000| Untracked 
|  48|0x0000000083000000, 0x0000000083000000, 0x0000000083100000|  0%| F|  |TAMS 0x0000000083000000, 0x0000000083000000| Untracked 
|  49|0x0000000083100000, 0x0000000083100000, 0x0000000083200000|  0%| F|  |TAMS 0x0000000083100000, 0x0000000083100000| Untracked 
|  50|0x0000000083200000, 0x0000000083200000, 0x0000000083300000|  0%| F|  |TAMS 0x0000000083200000, 0x0000000083200000| Untracked 
|  51|0x0000000083300000, 0x0000000083300000, 0x0000000083400000|  0%| F|  |TAMS 0x0000000083300000, 0x0000000083300000| Untracked 
|  52|0x0000000083400000, 0x0000000083400000, 0x0000000083500000|  0%| F|  |TAMS 0x0000000083400000, 0x0000000083400000| Untracked 
|  53|0x0000000083500000, 0x0000000083500000, 0x0000000083600000|  0%| F|  |TAMS 0x0000000083500000, 0x0000000083500000| Untracked 
|  54|0x0000000083600000, 0x0000000083600000, 0x0000000083700000|  0%| F|  |TAMS 0x0000000083600000, 0x0000000083600000| Untracked 
|  55|0x0000000083700000, 0x0000000083700000, 0x0000000083800000|  0%| F|  |TAMS 0x0000000083700000, 0x0000000083700000| Untracked 
|  56|0x0000000083800000, 0x0000000083800000, 0x0000000083900000|  0%| F|  |TAMS 0x0000000083800000, 0x0000000083800000| Untracked 
|  57|0x0000000083900000, 0x0000000083900000, 0x0000000083a00000|  0%| F|  |TAMS 0x0000000083900000, 0x0000000083900000| Untracked 
|  58|0x0000000083a00000, 0x0000000083a00000, 0x0000000083b00000|  0%| F|  |TAMS 0x0000000083a00000, 0x0000000083a00000| Untracked 
|  59|0x0000000083b00000, 0x0000000083b00000, 0x0000000083c00000|  0%| F|  |TAMS 0x0000000083b00000, 0x0000000083b00000| Untracked 
|  60|0x0000000083c00000, 0x0000000083c00000, 0x0000000083d00000|  0%| F|  |TAMS 0x0000000083c00000, 0x0000000083c00000| Untracked 
|  61|0x0000000083d00000, 0x0000000083d00000, 0x0000000083e00000|  0%| F|  |TAMS 0x0000000083d00000, 0x0000000083d00000| Untracked 
|  62|0x0000000083e00000, 0x0000000083e00000, 0x0000000083f00000|  0%| F|  |TAMS 0x0000000083e00000, 0x0000000083e00000| Untracked 
|  63|0x0000000083f00000, 0x0000000083f00000, 0x0000000084000000|  0%| F|  |TAMS 0x0000000083f00000, 0x0000000083f00000| Untracked 
|  64|0x0000000084000000, 0x0000000084000000, 0x0000000084100000|  0%| F|  |TAMS 0x0000000084000000, 0x0000000084000000| Untracked 
|  65|0x0000000084100000, 0x0000000084100000, 0x0000000084200000|  0%| F|  |TAMS 0x0000000084100000, 0x0000000084100000| Untracked 
|  66|0x0000000084200000, 0x0000000084200000, 0x0000000084300000|  0%| F|  |TAMS 0x0000000084200000, 0x0000000084200000| Untracked 
|  67|0x0000000084300000, 0x0000000084300000, 0x0000000084400000|  0%| F|  |TAMS 0x0000000084300000, 0x0000000084300000| Untracked 
|  68|0x0000000084400000, 0x0000000084400000, 0x0000000084500000|  0%| F|  |TAMS 0x0000000084400000, 0x0000000084400000| Untracked 
|  69|0x0000000084500000, 0x0000000084500000, 0x0000000084600000|  0%| F|  |TAMS 0x0000000084500000, 0x0000000084500000| Untracked 
|  70|0x0000000084600000, 0x0000000084600000, 0x0000000084700000|  0%| F|  |TAMS 0x0000000084600000, 0x0000000084600000| Untracked 
|  71|0x0000000084700000, 0x0000000084700000, 0x0000000084800000|  0%| F|  |TAMS 0x0000000084700000, 0x0000000084700000| Untracked 
|  72|0x0000000084800000, 0x0000000084800000, 0x0000000084900000|  0%| F|  |TAMS 0x0000000084800000, 0x0000000084800000| Untracked 
|  73|0x0000000084900000, 0x0000000084900000, 0x0000000084a00000|  0%| F|  |TAMS 0x0000000084900000, 0x0000000084900000| Untracked 
|  74|0x0000000084a00000, 0x0000000084a00000, 0x0000000084b00000|  0%| F|  |TAMS 0x0000000084a00000, 0x0000000084a00000| Untracked 
|  75|0x0000000084b00000, 0x0000000084b00000, 0x0000000084c00000|  0%| F|  |TAMS 0x0000000084b00000, 0x0000000084b00000| Untracked 
|  76|0x0000000084c00000, 0x0000000084c00000, 0x0000000084d00000|  0%| F|  |TAMS 0x0000000084c00000, 0x0000000084c00000| Untracked 
|  77|0x0000000084d00000, 0x0000000084d00000, 0x0000000084e00000|  0%| F|  |TAMS 0x0000000084d00000, 0x0000000084d00000| Untracked 
|  78|0x0000000084e00000, 0x0000000084e00000, 0x0000000084f00000|  0%| F|  |TAMS 0x0000000084e00000, 0x0000000084e00000| Untracked 
|  79|0x0000000084f00000, 0x0000000084f00000, 0x0000000085000000|  0%| F|  |TAMS 0x0000000084f00000, 0x0000000084f00000| Untracked 
|  80|0x0000000085000000, 0x0000000085000000, 0x0000000085100000|  0%| F|  |TAMS 0x0000000085000000, 0x0000000085000000| Untracked 
|  81|0x0000000085100000, 0x0000000085100000, 0x0000000085200000|  0%| F|  |TAMS 0x0000000085100000, 0x0000000085100000| Untracked 
|  82|0x0000000085200000, 0x0000000085200000, 0x0000000085300000|  0%| F|  |TAMS 0x0000000085200000, 0x0000000085200000| Untracked 
|  83|0x0000000085300000, 0x0000000085300000, 0x0000000085400000|  0%| F|  |TAMS 0x0000000085300000, 0x0000000085300000| Untracked 
|  84|0x0000000085400000, 0x0000000085400000, 0x0000000085500000|  0%| F|  |TAMS 0x0000000085400000, 0x0000000085400000| Untracked 
|  85|0x0000000085500000, 0x0000000085500000, 0x0000000085600000|  0%| F|  |TAMS 0x0000000085500000, 0x0000000085500000| Untracked 
|  86|0x0000000085600000, 0x0000000085600000, 0x0000000085700000|  0%| F|  |TAMS 0x0000000085600000, 0x0000000085600000| Untracked 
|  87|0x0000000085700000, 0x0000000085700000, 0x0000000085800000|  0%| F|  |TAMS 0x0000000085700000, 0x0000000085700000| Untracked 
|  88|0x0000000085800000, 0x0000000085800000, 0x0000000085900000|  0%| F|  |TAMS 0x0000000085800000, 0x0000000085800000| Untracked 
|  89|0x0000000085900000, 0x0000000085900000, 0x0000000085a00000|  0%| F|  |TAMS 0x0000000085900000, 0x0000000085900000| Untracked 
|  90|0x0000000085a00000, 0x0000000085a00000, 0x0000000085b00000|  0%| F|  |TAMS 0x0000000085a00000, 0x0000000085a00000| Untracked 
|  91|0x0000000085b00000, 0x0000000085b00000, 0x0000000085c00000|  0%| F|  |TAMS 0x0000000085b00000, 0x0000000085b00000| Untracked 
|  92|0x0000000085c00000, 0x0000000085c00000, 0x0000000085d00000|  0%| F|  |TAMS 0x0000000085c00000, 0x0000000085c00000| Untracked 
|  93|0x0000000085d00000, 0x0000000085d00000, 0x0000000085e00000|  0%| F|  |TAMS 0x0000000085d00000, 0x0000000085d00000| Untracked 
|  94|0x0000000085e00000, 0x0000000085e00000, 0x0000000085f00000|  0%| F|  |TAMS 0x0000000085e00000, 0x0000000085e00000| Untracked 
|  95|0x0000000085f00000, 0x0000000085f00000, 0x0000000086000000|  0%| F|  |TAMS 0x0000000085f00000, 0x0000000085f00000| Untracked 
|  96|0x0000000086000000, 0x0000000086000000, 0x0000000086100000|  0%| F|  |TAMS 0x0000000086000000, 0x0000000086000000| Untracked 
|  97|0x0000000086100000, 0x0000000086100000, 0x0000000086200000|  0%| F|  |TAMS 0x0000000086100000, 0x0000000086100000| Untracked 
|  98|0x0000000086200000, 0x0000000086200000, 0x0000000086300000|  0%| F|  |TAMS 0x0000000086200000, 0x0000000086200000| Untracked 
|  99|0x0000000086300000, 0x0000000086300000, 0x0000000086400000|  0%| F|  |TAMS 0x0000000086300000, 0x0000000086300000| Untracked 
| 100|0x0000000086400000, 0x0000000086400000, 0x0000000086500000|  0%| F|  |TAMS 0x0000000086400000, 0x0000000086400000| Untracked 
| 101|0x0000000086500000, 0x0000000086500000, 0x0000000086600000|  0%| F|  |TAMS 0x0000000086500000, 0x0000000086500000| Untracked 
| 102|0x0000000086600000, 0x0000000086600000, 0x0000000086700000|  0%| F|  |TAMS 0x0000000086600000, 0x0000000086600000| Untracked 
| 103|0x0000000086700000, 0x0000000086700000, 0x0000000086800000|  0%| F|  |TAMS 0x0000000086700000, 0x0000000086700000| Untracked 
| 104|0x0000000086800000, 0x0000000086800000, 0x0000000086900000|  0%| F|  |TAMS 0x0000000086800000, 0x0000000086800000| Untracked 
| 105|0x0000000086900000, 0x0000000086900000, 0x0000000086a00000|  0%| F|  |TAMS 0x0000000086900000, 0x0000000086900000| Untracked 
| 106|0x0000000086a00000, 0x0000000086a00000, 0x0000000086b00000|  0%| F|  |TAMS 0x0000000086a00000, 0x0000000086a00000| Untracked 
| 107|0x0000000086b00000, 0x0000000086b00000, 0x0000000086c00000|  0%| F|  |TAMS 0x0000000086b00000, 0x0000000086b00000| Untracked 
| 108|0x0000000086c00000, 0x0000000086c00000, 0x0000000086d00000|  0%| F|  |TAMS 0x0000000086c00000, 0x0000000086c00000| Untracked 
| 109|0x0000000086d00000, 0x0000000086d00000, 0x0000000086e00000|  0%| F|  |TAMS 0x0000000086d00000, 0x0000000086d00000| Untracked 
| 110|0x0000000086e00000, 0x0000000086e00000, 0x0000000086f00000|  0%| F|  |TAMS 0x0000000086e00000, 0x0000000086e00000| Untracked 
| 111|0x0000000086f00000, 0x0000000086f00000, 0x0000000087000000|  0%| F|  |TAMS 0x0000000086f00000, 0x0000000086f00000| Untracked 
| 112|0x0000000087000000, 0x0000000087000000, 0x0000000087100000|  0%| F|  |TAMS 0x0000000087000000, 0x0000000087000000| Untracked 
| 113|0x0000000087100000, 0x0000000087100000, 0x0000000087200000|  0%| F|  |TAMS 0x0000000087100000, 0x0000000087100000| Untracked 
| 114|0x0000000087200000, 0x0000000087200000, 0x0000000087300000|  0%| F|  |TAMS 0x0000000087200000, 0x0000000087200000| Untracked 
| 115|0x0000000087300000, 0x0000000087300000, 0x0000000087400000|  0%| F|  |TAMS 0x0000000087300000, 0x0000000087300000| Untracked 
| 116|0x0000000087400000, 0x0000000087400000, 0x0000000087500000|  0%| F|  |TAMS 0x0000000087400000, 0x0000000087400000| Untracked 
| 117|0x0000000087500000, 0x0000000087500000, 0x0000000087600000|  0%| F|  |TAMS 0x0000000087500000, 0x0000000087500000| Untracked 
| 118|0x0000000087600000, 0x0000000087600000, 0x0000000087700000|  0%| F|  |TAMS 0x0000000087600000, 0x0000000087600000| Untracked 
| 119|0x0000000087700000, 0x0000000087700000, 0x0000000087800000|  0%| F|  |TAMS 0x0000000087700000, 0x0000000087700000| Untracked 
| 120|0x0000000087800000, 0x0000000087800000, 0x0000000087900000|  0%| F|  |TAMS 0x0000000087800000, 0x0000000087800000| Untracked 
| 121|0x0000000087900000, 0x0000000087900000, 0x0000000087a00000|  0%| F|  |TAMS 0x0000000087900000, 0x0000000087900000| Untracked 
| 122|0x0000000087a00000, 0x0000000087a00000, 0x0000000087b00000|  0%| F|  |TAMS 0x0000000087a00000, 0x0000000087a00000| Untracked 
| 123|0x0000000087b00000, 0x0000000087b00000, 0x0000000087c00000|  0%| F|  |TAMS 0x0000000087b00000, 0x0000000087b00000| Untracked 
| 124|0x0000000087c00000, 0x0000000087c00000, 0x0000000087d00000|  0%| F|  |TAMS 0x0000000087c00000, 0x0000000087c00000| Untracked 
| 125|0x0000000087d00000, 0x0000000087d00000, 0x0000000087e00000|  0%| F|  |TAMS 0x0000000087d00000, 0x0000000087d00000| Untracked 
| 126|0x0000000087e00000, 0x0000000087e00000, 0x0000000087f00000|  0%| F|  |TAMS 0x0000000087e00000, 0x0000000087e00000| Untracked 
| 127|0x0000000087f00000, 0x0000000087f00000, 0x0000000088000000|  0%| F|  |TAMS 0x0000000087f00000, 0x0000000087f00000| Untracked 
| 128|0x0000000088000000, 0x0000000088000000, 0x0000000088100000|  0%| F|  |TAMS 0x0000000088000000, 0x0000000088000000| Untracked 
| 129|0x0000000088100000, 0x0000000088100000, 0x0000000088200000|  0%| F|  |TAMS 0x0000000088100000, 0x0000000088100000| Untracked 
| 130|0x0000000088200000, 0x0000000088200000, 0x0000000088300000|  0%| F|  |TAMS 0x0000000088200000, 0x0000000088200000| Untracked 
| 131|0x0000000088300000, 0x0000000088300000, 0x0000000088400000|  0%| F|  |TAMS 0x0000000088300000, 0x0000000088300000| Untracked 
| 132|0x0000000088400000, 0x0000000088400000, 0x0000000088500000|  0%| F|  |TAMS 0x0000000088400000, 0x0000000088400000| Untracked 
| 133|0x0000000088500000, 0x0000000088500000, 0x0000000088600000|  0%| F|  |TAMS 0x0000000088500000, 0x0000000088500000| Untracked 
| 134|0x0000000088600000, 0x0000000088600000, 0x0000000088700000|  0%| F|  |TAMS 0x0000000088600000, 0x0000000088600000| Untracked 
| 135|0x0000000088700000, 0x0000000088700000, 0x0000000088800000|  0%| F|  |TAMS 0x0000000088700000, 0x0000000088700000| Untracked 
| 136|0x0000000088800000, 0x0000000088800000, 0x0000000088900000|  0%| F|  |TAMS 0x0000000088800000, 0x0000000088800000| Untracked 
| 137|0x0000000088900000, 0x0000000088900000, 0x0000000088a00000|  0%| F|  |TAMS 0x0000000088900000, 0x0000000088900000| Untracked 
| 138|0x0000000088a00000, 0x0000000088a00000, 0x0000000088b00000|  0%| F|  |TAMS 0x0000000088a00000, 0x0000000088a00000| Untracked 
| 139|0x0000000088b00000, 0x0000000088b00000, 0x0000000088c00000|  0%| F|  |TAMS 0x0000000088b00000, 0x0000000088b00000| Untracked 
| 140|0x0000000088c00000, 0x0000000088c00000, 0x0000000088d00000|  0%| F|  |TAMS 0x0000000088c00000, 0x0000000088c00000| Untracked 
| 141|0x0000000088d00000, 0x0000000088d00000, 0x0000000088e00000|  0%| F|  |TAMS 0x0000000088d00000, 0x0000000088d00000| Untracked 
| 142|0x0000000088e00000, 0x0000000088e00000, 0x0000000088f00000|  0%| F|  |TAMS 0x0000000088e00000, 0x0000000088e00000| Untracked 
| 143|0x0000000088f00000, 0x0000000088f00000, 0x0000000089000000|  0%| F|  |TAMS 0x0000000088f00000, 0x0000000088f00000| Untracked 
| 144|0x0000000089000000, 0x0000000089000000, 0x0000000089100000|  0%| F|  |TAMS 0x0000000089000000, 0x0000000089000000| Untracked 
| 145|0x0000000089100000, 0x0000000089100000, 0x0000000089200000|  0%| F|  |TAMS 0x0000000089100000, 0x0000000089100000| Untracked 
| 146|0x0000000089200000, 0x0000000089200000, 0x0000000089300000|  0%| F|  |TAMS 0x0000000089200000, 0x0000000089200000| Untracked 
| 147|0x0000000089300000, 0x0000000089300000, 0x0000000089400000|  0%| F|  |TAMS 0x0000000089300000, 0x0000000089300000| Untracked 
| 148|0x0000000089400000, 0x0000000089400000, 0x0000000089500000|  0%| F|  |TAMS 0x0000000089400000, 0x0000000089400000| Untracked 
| 149|0x0000000089500000, 0x0000000089500000, 0x0000000089600000|  0%| F|  |TAMS 0x0000000089500000, 0x0000000089500000| Untracked 
| 150|0x0000000089600000, 0x0000000089600000, 0x0000000089700000|  0%| F|  |TAMS 0x0000000089600000, 0x0000000089600000| Untracked 
| 151|0x0000000089700000, 0x0000000089700000, 0x0000000089800000|  0%| F|  |TAMS 0x0000000089700000, 0x0000000089700000| Untracked 
| 152|0x0000000089800000, 0x0000000089800000, 0x0000000089900000|  0%| F|  |TAMS 0x0000000089800000, 0x0000000089800000| Untracked 
| 153|0x0000000089900000, 0x0000000089900000, 0x0000000089a00000|  0%| F|  |TAMS 0x0000000089900000, 0x0000000089900000| Untracked 
| 154|0x0000000089a00000, 0x0000000089a00000, 0x0000000089b00000|  0%| F|  |TAMS 0x0000000089a00000, 0x0000000089a00000| Untracked 
| 155|0x0000000089b00000, 0x0000000089b00000, 0x0000000089c00000|  0%| F|  |TAMS 0x0000000089b00000, 0x0000000089b00000| Untracked 
| 156|0x0000000089c00000, 0x0000000089c00000, 0x0000000089d00000|  0%| F|  |TAMS 0x0000000089c00000, 0x0000000089c00000| Untracked 
| 157|0x0000000089d00000, 0x0000000089d00000, 0x0000000089e00000|  0%| F|  |TAMS 0x0000000089d00000, 0x0000000089d00000| Untracked 
| 158|0x0000000089e00000, 0x0000000089e00000, 0x0000000089f00000|  0%| F|  |TAMS 0x0000000089e00000, 0x0000000089e00000| Untracked 
| 159|0x0000000089f00000, 0x0000000089f00000, 0x000000008a000000|  0%| F|  |TAMS 0x0000000089f00000, 0x0000000089f00000| Untracked 
| 160|0x000000008a000000, 0x000000008a000000, 0x000000008a100000|  0%| F|  |TAMS 0x000000008a000000, 0x000000008a000000| Untracked 
| 161|0x000000008a100000, 0x000000008a100000, 0x000000008a200000|  0%| F|  |TAMS 0x000000008a100000, 0x000000008a100000| Untracked 
| 162|0x000000008a200000, 0x000000008a200000, 0x000000008a300000|  0%| F|  |TAMS 0x000000008a200000, 0x000000008a200000| Untracked 
| 163|0x000000008a300000, 0x000000008a300000, 0x000000008a400000|  0%| F|  |TAMS 0x000000008a300000, 0x000000008a300000| Untracked 
| 164|0x000000008a400000, 0x000000008a400000, 0x000000008a500000|  0%| F|  |TAMS 0x000000008a400000, 0x000000008a400000| Untracked 
| 165|0x000000008a500000, 0x000000008a500000, 0x000000008a600000|  0%| F|  |TAMS 0x000000008a500000, 0x000000008a500000| Untracked 
| 166|0x000000008a600000, 0x000000008a600000, 0x000000008a700000|  0%| F|  |TAMS 0x000000008a600000, 0x000000008a600000| Untracked 
| 167|0x000000008a700000, 0x000000008a700000, 0x000000008a800000|  0%| F|  |TAMS 0x000000008a700000, 0x000000008a700000| Untracked 
| 168|0x000000008a800000, 0x000000008a800000, 0x000000008a900000|  0%| F|  |TAMS 0x000000008a800000, 0x000000008a800000| Untracked 
| 169|0x000000008a900000, 0x000000008a900000, 0x000000008aa00000|  0%| F|  |TAMS 0x000000008a900000, 0x000000008a900000| Untracked 
| 170|0x000000008aa00000, 0x000000008aa00000, 0x000000008ab00000|  0%| F|  |TAMS 0x000000008aa00000, 0x000000008aa00000| Untracked 
| 171|0x000000008ab00000, 0x000000008ab00000, 0x000000008ac00000|  0%| F|  |TAMS 0x000000008ab00000, 0x000000008ab00000| Untracked 
| 172|0x000000008ac00000, 0x000000008ac00000, 0x000000008ad00000|  0%| F|  |TAMS 0x000000008ac00000, 0x000000008ac00000| Untracked 
| 173|0x000000008ad00000, 0x000000008ad00000, 0x000000008ae00000|  0%| F|  |TAMS 0x000000008ad00000, 0x000000008ad00000| Untracked 
| 174|0x000000008ae00000, 0x000000008ae00000, 0x000000008af00000|  0%| F|  |TAMS 0x000000008ae00000, 0x000000008ae00000| Untracked 
| 175|0x000000008af00000, 0x000000008af00000, 0x000000008b000000|  0%| F|  |TAMS 0x000000008af00000, 0x000000008af00000| Untracked 
| 176|0x000000008b000000, 0x000000008b000000, 0x000000008b100000|  0%| F|  |TAMS 0x000000008b000000, 0x000000008b000000| Untracked 
| 177|0x000000008b100000, 0x000000008b100000, 0x000000008b200000|  0%| F|  |TAMS 0x000000008b100000, 0x000000008b100000| Untracked 
| 178|0x000000008b200000, 0x000000008b200000, 0x000000008b300000|  0%| F|  |TAMS 0x000000008b200000, 0x000000008b200000| Untracked 
| 179|0x000000008b300000, 0x000000008b300000, 0x000000008b400000|  0%| F|  |TAMS 0x000000008b300000, 0x000000008b300000| Untracked 
| 180|0x000000008b400000, 0x000000008b400000, 0x000000008b500000|  0%| F|  |TAMS 0x000000008b400000, 0x000000008b400000| Untracked 
| 181|0x000000008b500000, 0x000000008b500000, 0x000000008b600000|  0%| F|  |TAMS 0x000000008b500000, 0x000000008b500000| Untracked 
| 182|0x000000008b600000, 0x000000008b600000, 0x000000008b700000|  0%| F|  |TAMS 0x000000008b600000, 0x000000008b600000| Untracked 
| 183|0x000000008b700000, 0x000000008b700000, 0x000000008b800000|  0%| F|  |TAMS 0x000000008b700000, 0x000000008b700000| Untracked 
| 184|0x000000008b800000, 0x000000008b800000, 0x000000008b900000|  0%| F|  |TAMS 0x000000008b800000, 0x000000008b800000| Untracked 
| 185|0x000000008b900000, 0x000000008b900000, 0x000000008ba00000|  0%| F|  |TAMS 0x000000008b900000, 0x000000008b900000| Untracked 
| 186|0x000000008ba00000, 0x000000008ba00000, 0x000000008bb00000|  0%| F|  |TAMS 0x000000008ba00000, 0x000000008ba00000| Untracked 
| 187|0x000000008bb00000, 0x000000008bb00000, 0x000000008bc00000|  0%| F|  |TAMS 0x000000008bb00000, 0x000000008bb00000| Untracked 
| 188|0x000000008bc00000, 0x000000008bc00000, 0x000000008bd00000|  0%| F|  |TAMS 0x000000008bc00000, 0x000000008bc00000| Untracked 
| 189|0x000000008bd00000, 0x000000008bd00000, 0x000000008be00000|  0%| F|  |TAMS 0x000000008bd00000, 0x000000008bd00000| Untracked 
| 190|0x000000008be00000, 0x000000008be00000, 0x000000008bf00000|  0%| F|  |TAMS 0x000000008be00000, 0x000000008be00000| Untracked 
| 191|0x000000008bf00000, 0x000000008bf00000, 0x000000008c000000|  0%| F|  |TAMS 0x000000008bf00000, 0x000000008bf00000| Untracked 
| 192|0x000000008c000000, 0x000000008c000000, 0x000000008c100000|  0%| F|  |TAMS 0x000000008c000000, 0x000000008c000000| Untracked 
| 193|0x000000008c100000, 0x000000008c100000, 0x000000008c200000|  0%| F|  |TAMS 0x000000008c100000, 0x000000008c100000| Untracked 
| 194|0x000000008c200000, 0x000000008c200000, 0x000000008c300000|  0%| F|  |TAMS 0x000000008c200000, 0x000000008c200000| Untracked 
| 195|0x000000008c300000, 0x000000008c300000, 0x000000008c400000|  0%| F|  |TAMS 0x000000008c300000, 0x000000008c300000| Untracked 
| 196|0x000000008c400000, 0x000000008c400000, 0x000000008c500000|  0%| F|  |TAMS 0x000000008c400000, 0x000000008c400000| Untracked 
| 197|0x000000008c500000, 0x000000008c500000, 0x000000008c600000|  0%| F|  |TAMS 0x000000008c500000, 0x000000008c500000| Untracked 
| 198|0x000000008c600000, 0x000000008c600000, 0x000000008c700000|  0%| F|  |TAMS 0x000000008c600000, 0x000000008c600000| Untracked 
| 199|0x000000008c700000, 0x000000008c700000, 0x000000008c800000|  0%| F|  |TAMS 0x000000008c700000, 0x000000008c700000| Untracked 
| 200|0x000000008c800000, 0x000000008c800000, 0x000000008c900000|  0%| F|  |TAMS 0x000000008c800000, 0x000000008c800000| Untracked 
| 201|0x000000008c900000, 0x000000008c900000, 0x000000008ca00000|  0%| F|  |TAMS 0x000000008c900000, 0x000000008c900000| Untracked 
| 202|0x000000008ca00000, 0x000000008ca00000, 0x000000008cb00000|  0%| F|  |TAMS 0x000000008ca00000, 0x000000008ca00000| Untracked 
| 203|0x000000008cb00000, 0x000000008cb00000, 0x000000008cc00000|  0%| F|  |TAMS 0x000000008cb00000, 0x000000008cb00000| Untracked 
| 204|0x000000008cc00000, 0x000000008cc00000, 0x000000008cd00000|  0%| F|  |TAMS 0x000000008cc00000, 0x000000008cc00000| Untracked 
| 205|0x000000008cd00000, 0x000000008cd80800, 0x000000008ce00000| 50%| E|  |TAMS 0x000000008cd00000, 0x000000008cd00000| Complete 
| 206|0x000000008ce00000, 0x000000008cf00000, 0x000000008cf00000|100%| E|CS|TAMS 0x000000008ce00000, 0x000000008ce00000| Complete 
| 207|0x000000008cf00000, 0x000000008d000000, 0x000000008d000000|100%| E|CS|TAMS 0x000000008cf00000, 0x000000008cf00000| Complete 
| 208|0x000000008d000000, 0x000000008d100000, 0x000000008d100000|100%| E|CS|TAMS 0x000000008d000000, 0x000000008d000000| Complete 
| 209|0x000000008d100000, 0x000000008d200000, 0x000000008d200000|100%| E|CS|TAMS 0x000000008d100000, 0x000000008d100000| Complete 
| 210|0x000000008d200000, 0x000000008d300000, 0x000000008d300000|100%| E|CS|TAMS 0x000000008d200000, 0x000000008d200000| Complete 
| 211|0x000000008d300000, 0x000000008d400000, 0x000000008d400000|100%| E|CS|TAMS 0x000000008d300000, 0x000000008d300000| Complete 
| 212|0x000000008d400000, 0x000000008d500000, 0x000000008d500000|100%| E|CS|TAMS 0x000000008d400000, 0x000000008d400000| Complete 
| 213|0x000000008d500000, 0x000000008d600000, 0x000000008d600000|100%| E|CS|TAMS 0x000000008d500000, 0x000000008d500000| Complete 
| 214|0x000000008d600000, 0x000000008d700000, 0x000000008d700000|100%| E|CS|TAMS 0x000000008d600000, 0x000000008d600000| Complete 
| 215|0x000000008d700000, 0x000000008d800000, 0x000000008d800000|100%| E|CS|TAMS 0x000000008d700000, 0x000000008d700000| Complete 
| 216|0x000000008d800000, 0x000000008d900000, 0x000000008d900000|100%| E|CS|TAMS 0x000000008d800000, 0x000000008d800000| Complete 
| 217|0x000000008d900000, 0x000000008da00000, 0x000000008da00000|100%| E|CS|TAMS 0x000000008d900000, 0x000000008d900000| Complete 
| 218|0x000000008da00000, 0x000000008db00000, 0x000000008db00000|100%| E|CS|TAMS 0x000000008da00000, 0x000000008da00000| Complete 
| 219|0x000000008db00000, 0x000000008dc00000, 0x000000008dc00000|100%| E|CS|TAMS 0x000000008db00000, 0x000000008db00000| Complete 
| 220|0x000000008dc00000, 0x000000008dd00000, 0x000000008dd00000|100%| E|CS|TAMS 0x000000008dc00000, 0x000000008dc00000| Complete 
| 221|0x000000008dd00000, 0x000000008de00000, 0x000000008de00000|100%| E|CS|TAMS 0x000000008dd00000, 0x000000008dd00000| Complete 
| 222|0x000000008de00000, 0x000000008df00000, 0x000000008df00000|100%| E|CS|TAMS 0x000000008de00000, 0x000000008de00000| Complete 
| 223|0x000000008df00000, 0x000000008e000000, 0x000000008e000000|100%| E|CS|TAMS 0x000000008df00000, 0x000000008df00000| Complete 
| 224|0x000000008e000000, 0x000000008e100000, 0x000000008e100000|100%| E|CS|TAMS 0x000000008e000000, 0x000000008e000000| Complete 
| 225|0x000000008e100000, 0x000000008e200000, 0x000000008e200000|100%| E|CS|TAMS 0x000000008e100000, 0x000000008e100000| Complete 
| 226|0x000000008e200000, 0x000000008e300000, 0x000000008e300000|100%| E|CS|TAMS 0x000000008e200000, 0x000000008e200000| Complete 
| 227|0x000000008e300000, 0x000000008e400000, 0x000000008e400000|100%| E|CS|TAMS 0x000000008e300000, 0x000000008e300000| Complete 
| 228|0x000000008e400000, 0x000000008e500000, 0x000000008e500000|100%| E|CS|TAMS 0x000000008e400000, 0x000000008e400000| Complete 
| 229|0x000000008e500000, 0x000000008e600000, 0x000000008e600000|100%| E|CS|TAMS 0x000000008e500000, 0x000000008e500000| Complete 
| 230|0x000000008e600000, 0x000000008e700000, 0x000000008e700000|100%| E|CS|TAMS 0x000000008e600000, 0x000000008e600000| Complete 
| 231|0x000000008e700000, 0x000000008e800000, 0x000000008e800000|100%| E|CS|TAMS 0x000000008e700000, 0x000000008e700000| Complete 
| 232|0x000000008e800000, 0x000000008e900000, 0x000000008e900000|100%| E|CS|TAMS 0x000000008e800000, 0x000000008e800000| Complete 
| 233|0x000000008e900000, 0x000000008ea00000, 0x000000008ea00000|100%| E|CS|TAMS 0x000000008e900000, 0x000000008e900000| Complete 
| 234|0x000000008ea00000, 0x000000008eb00000, 0x000000008eb00000|100%| E|CS|TAMS 0x000000008ea00000, 0x000000008ea00000| Complete 
| 235|0x000000008eb00000, 0x000000008ec00000, 0x000000008ec00000|100%| E|CS|TAMS 0x000000008eb00000, 0x000000008eb00000| Complete 
| 236|0x000000008ec00000, 0x000000008ed00000, 0x000000008ed00000|100%| E|CS|TAMS 0x000000008ec00000, 0x000000008ec00000| Complete 
| 237|0x000000008ed00000, 0x000000008ee00000, 0x000000008ee00000|100%| E|CS|TAMS 0x000000008ed00000, 0x000000008ed00000| Complete 
| 238|0x000000008ee00000, 0x000000008ef00000, 0x000000008ef00000|100%| E|CS|TAMS 0x000000008ee00000, 0x000000008ee00000| Complete 
| 239|0x000000008ef00000, 0x000000008efc7740, 0x000000008f000000| 77%| S|CS|TAMS 0x000000008ef00000, 0x000000008ef00000| Complete 
| 240|0x000000008f000000, 0x000000008f100000, 0x000000008f100000|100%| S|CS|TAMS 0x000000008f000000, 0x000000008f000000| Complete 
| 241|0x000000008f100000, 0x000000008f200000, 0x000000008f200000|100%| S|CS|TAMS 0x000000008f100000, 0x000000008f100000| Complete 
| 242|0x000000008f200000, 0x000000008f300000, 0x000000008f300000|100%| S|CS|TAMS 0x000000008f200000, 0x000000008f200000| Complete 
| 243|0x000000008f300000, 0x000000008f400000, 0x000000008f400000|100%| S|CS|TAMS 0x000000008f300000, 0x000000008f300000| Complete 
| 244|0x000000008f400000, 0x000000008f500000, 0x000000008f500000|100%| S|CS|TAMS 0x000000008f400000, 0x000000008f400000| Complete 
| 245|0x000000008f500000, 0x000000008f600000, 0x000000008f600000|100%| E|CS|TAMS 0x000000008f500000, 0x000000008f500000| Complete 
| 246|0x000000008f600000, 0x000000008f700000, 0x000000008f700000|100%| E|CS|TAMS 0x000000008f600000, 0x000000008f600000| Complete 
| 247|0x000000008f700000, 0x000000008f800000, 0x000000008f800000|100%| E|CS|TAMS 0x000000008f700000, 0x000000008f700000| Complete 
| 248|0x000000008f800000, 0x000000008f900000, 0x000000008f900000|100%| E|CS|TAMS 0x000000008f800000, 0x000000008f800000| Complete 
| 249|0x000000008f900000, 0x000000008fa00000, 0x000000008fa00000|100%| E|CS|TAMS 0x000000008f900000, 0x000000008f900000| Complete 
| 250|0x000000008fa00000, 0x000000008fb00000, 0x000000008fb00000|100%| E|CS|TAMS 0x000000008fa00000, 0x000000008fa00000| Complete 
| 251|0x000000008fb00000, 0x000000008fc00000, 0x000000008fc00000|100%| E|CS|TAMS 0x000000008fb00000, 0x000000008fb00000| Complete 

Card table byte_map: [0x000001a473900000,0x000001a473d00000] _byte_map_base: 0x000001a473500000

Marking Bits (Prev, Next): (CMBitMap*) 0x000001a45ce6d6e8, (CMBitMap*) 0x000001a45ce6d720
 Prev Bits: [0x000001a474100000, 0x000001a476100000)
 Next Bits: [0x000001a476100000, 0x000001a478100000)

Polling page: 0x000001a45ae10000

Metaspace:

Usage:
  Non-class:     33.56 MB capacity,    33.01 MB ( 98%) used,   466.16 KB (  1%) free+waste,    98.75 KB ( <1%) overhead. 
      Class:      5.29 MB capacity,     4.92 MB ( 93%) used,   335.23 KB (  6%) free+waste,    49.69 KB ( <1%) overhead. 
       Both:     38.86 MB capacity,    37.93 MB ( 98%) used,   801.39 KB (  2%) free+waste,   148.44 KB ( <1%) overhead. 

Virtual space:
  Non-class space:       34.00 MB reserved,      33.75 MB (>99%) committed 
      Class space:      504.00 MB reserved,       5.38 MB (  1%) committed 
             Both:      538.00 MB reserved,      39.12 MB (  7%) committed 

Chunk freelists:
   Non-Class:  256 bytes
       Class:  2.50 KB
        Both:  2.75 KB

CodeHeap 'non-profiled nmethods': size=120064Kb used=1815Kb max_used=1815Kb free=118248Kb
 bounds [0x000001a46bfc0000, 0x000001a46c230000, 0x000001a473500000]
CodeHeap 'profiled nmethods': size=120000Kb used=7548Kb max_used=7548Kb free=112451Kb
 bounds [0x000001a464a90000, 0x000001a4651f0000, 0x000001a46bfc0000]
CodeHeap 'non-nmethods': size=5696Kb used=1528Kb max_used=1552Kb free=4167Kb
 bounds [0x000001a464500000, 0x000001a464770000, 0x000001a464a90000]
 total_blobs=4193 nmethods=3565 adapters=539
 compilation: enabled
              stopped_count=0, restarted_count=0
 full_count=0

Compilation events (10 events):
Event: 19.744 Thread 0x000001a47aea7800 nmethod 3512 0x000001a46c184410 code [0x000001a46c1845a0, 0x000001a46c184638]
Event: 19.745 Thread 0x000001a47aea7800 3513       3       java.util.ArrayList$ArrayListSpliterator::estimateSize (11 bytes)
Event: 19.745 Thread 0x000001a47aea7800 nmethod 3513 0x000001a4651c3b90 code [0x000001a4651c3d20, 0x000001a4651c3ed8]
Event: 19.745 Thread 0x000001a47aea7800 3514       3       org.gradle.internal.instantiation.generator.AbstractClassGenerator::access$1500 (5 bytes)
Event: 19.745 Thread 0x000001a47aea7800 nmethod 3514 0x000001a4651c3f90 code [0x000001a4651c4120, 0x000001a4651c4228]
Event: 19.745 Thread 0x000001a47aea7800 3515       3       org.gradle.internal.instantiation.generator.AbstractClassGenerator::isLazyAttachProperty (46 bytes)
Event: 19.747 Thread 0x000001a47aea7800 nmethod 3515 0x000001a4651c4310 code [0x000001a4651c46e0, 0x000001a4651c6308]
Event: 19.747 Thread 0x000001a47aea7800 3516       1       org.slf4j.impl.StaticLoggerBinder::getLoggerFactory (5 bytes)
Event: 19.748 Thread 0x000001a47aea7800 nmethod 3516 0x000001a46c184710 code [0x000001a46c1848a0, 0x000001a46c184958]
Event: 19.782 Thread 0x000001a47aea7800 3518       3       groovy.lang.MetaClassImpl::checkIfStdMethod (178 bytes)

GC Heap History (10 events):
Event: 1.501 GC heap before
{Heap before GC invocations=0 (full 0):
 garbage-first heap   total 258048K, used 13312K [0x0000000080000000, 0x0000000100000000)
  region size 1024K, 14 young (14336K), 0 survivors (0K)
 Metaspace       used 6697K, capacity 6872K, committed 7168K, reserved 524288K
  class space    used 579K, capacity 650K, committed 768K, reserved 516096K
}
Event: 1.607 GC heap after
{Heap after GC invocations=1 (full 0):
 garbage-first heap   total 258048K, used 3859K [0x0000000080000000, 0x0000000100000000)
  region size 1024K, 2 young (2048K), 2 survivors (2048K)
 Metaspace       used 6697K, capacity 6872K, committed 7168K, reserved 524288K
  class space    used 579K, capacity 650K, committed 768K, reserved 516096K
}
Event: 11.046 GC heap before
{Heap before GC invocations=1 (full 0):
 garbage-first heap   total 258048K, used 114451K [0x0000000080000000, 0x0000000100000000)
  region size 1024K, 106 young (108544K), 2 survivors (2048K)
 Metaspace       used 20702K, capacity 21241K, committed 21296K, reserved 536576K
  class space    used 2516K, capacity 2688K, committed 2688K, reserved 516096K
}
Event: 11.059 GC heap after
{Heap after GC invocations=2 (full 0):
 garbage-first heap   total 258048K, used 18090K [0x0000000080000000, 0x0000000100000000)
  region size 1024K, 12 young (12288K), 12 survivors (12288K)
 Metaspace       used 20702K, capacity 21241K, committed 21296K, reserved 536576K
  class space    used 2516K, capacity 2688K, committed 2688K, reserved 516096K
}
Event: 13.417 GC heap before
{Heap before GC invocations=3 (full 0):
 garbage-first heap   total 258048K, used 68266K [0x0000000080000000, 0x0000000100000000)
  region size 1024K, 61 young (62464K), 12 survivors (12288K)
 Metaspace       used 25091K, capacity 25666K, committed 25856K, reserved 538624K
  class space    used 3248K, capacity 3487K, committed 3584K, reserved 516096K
}
Event: 13.429 GC heap after
{Heap after GC invocations=4 (full 0):
 garbage-first heap   total 258048K, used 20197K [0x0000000080000000, 0x0000000100000000)
  region size 1024K, 3 young (3072K), 3 survivors (3072K)
 Metaspace       used 25091K, capacity 25666K, committed 25856K, reserved 538624K
  class space    used 3248K, capacity 3487K, committed 3584K, reserved 516096K
}
Event: 17.757 GC heap before
{Heap before GC invocations=4 (full 0):
 garbage-first heap   total 258048K, used 89829K [0x0000000080000000, 0x0000000100000000)
  region size 1024K, 71 young (72704K), 3 survivors (3072K)
 Metaspace       used 32375K, capacity 33173K, committed 33408K, reserved 544768K
  class space    used 4340K, capacity 4662K, committed 4736K, reserved 516096K
}
Event: 17.766 GC heap after
{Heap after GC invocations=5 (full 0):
 garbage-first heap   total 258048K, used 22459K [0x0000000080000000, 0x0000000100000000)
  region size 1024K, 5 young (5120K), 5 survivors (5120K)
 Metaspace       used 32375K, capacity 33173K, committed 33408K, reserved 544768K
  class space    used 4340K, capacity 4662K, committed 4736K, reserved 516096K
}
Event: 18.243 GC heap before
{Heap before GC invocations=5 (full 0):
 garbage-first heap   total 258048K, used 28603K [0x0000000080000000, 0x0000000100000000)
  region size 1024K, 12 young (12288K), 5 survivors (5120K)
 Metaspace       used 34989K, capacity 35833K, committed 35968K, reserved 548864K
  class space    used 4553K, capacity 4910K, committed 4992K, reserved 516096K
}
Event: 18.250 GC heap after
{Heap after GC invocations=6 (full 0):
 garbage-first heap   total 258048K, used 23627K [0x0000000080000000, 0x0000000100000000)
  region size 1024K, 6 young (6144K), 6 survivors (6144K)
 Metaspace       used 34989K, capacity 35833K, committed 35968K, reserved 548864K
  class space    used 4553K, capacity 4910K, committed 4992K, reserved 516096K
}

Deoptimization events (10 events):
Event: 18.759 Thread 0x000001a47bb0f000 Uncommon trap: reason=class_check action=maybe_recompile pc=0x000001a46c129c14 method=java.io.DataInputStream.readInt()I @ 4 c2
Event: 18.759 Thread 0x000001a47bb0f000 Uncommon trap: reason=class_check action=maybe_recompile pc=0x000001a46c129c14 method=java.io.DataInputStream.readInt()I @ 4 c2
Event: 19.342 Thread 0x000001a47bb0f000 Uncommon trap: reason=profile_predicate action=maybe_recompile pc=0x000001a46c14d9c4 method=java.util.AbstractCollection.addAll(Ljava/util/Collection;)Z @ 15 c2
Event: 19.666 Thread 0x000001a47bb0f000 Uncommon trap: reason=bimorphic_or_optimized_type_check action=maybe_recompile pc=0x000001a46c172b34 method=java.util.stream.ReferencePipeline.forEachWithCancel(Ljava/util/Spliterator;Ljava/util/stream/Sink;)Z @ 1 c2
Event: 19.666 Thread 0x000001a47bb0f000 Uncommon trap: reason=bimorphic_or_optimized_type_check action=maybe_recompile pc=0x000001a46c16ffb8 method=java.util.stream.Sink$ChainedReference.cancellationRequested()Z @ 4 c2
Event: 19.667 Thread 0x000001a47bb0f000 Uncommon trap: reason=bimorphic_or_optimized_type_check action=maybe_recompile pc=0x000001a46c16ffb8 method=java.util.stream.Sink$ChainedReference.cancellationRequested()Z @ 4 c2
Event: 19.699 Thread 0x000001a47bfb0800 Uncommon trap: reason=bimorphic_or_optimized_type_check action=maybe_recompile pc=0x000001a46c172b48 method=java.util.stream.Sink$ChainedReference.cancellationRequested()Z @ 4 c2
Event: 19.700 Thread 0x000001a47bfb0800 Uncommon trap: reason=bimorphic_or_optimized_type_check action=maybe_recompile pc=0x000001a46c16ffb8 method=java.util.stream.Sink$ChainedReference.cancellationRequested()Z @ 4 c2
Event: 19.734 Thread 0x000001a47bb0f000 Uncommon trap: reason=unstable_if action=reinterpret pc=0x000001a46c04c808 method=java.util.zip.ZipFile$Source.initCEN(ILjava/util/zip/ZipCoder;)V @ 617 c2
Event: 19.736 Thread 0x000001a47bb0f000 Uncommon trap: reason=unstable_if action=reinterpret pc=0x000001a46c11a258 method=java.lang.Class.getPackageName()Ljava/lang/String; @ 55 c2

Classes redefined (0 events):
No events

Internal exceptions (10 events):
Event: 19.339 Thread 0x000001a47bb0f000 Exception <a 'java/lang/ClassNotFoundException'{0x000000008d9191a8}: groovy/lang/GroovyObjectSupportBeanInfo> (0x000000008d9191a8) thrown at [./open/src/hotspot/share/classfile/systemDictionary.cpp, line 226]
Event: 19.340 Thread 0x000001a47bb0f000 Exception <a 'java/lang/ClassNotFoundException'{0x000000008d93b078}: groovy/lang/GroovyObjectSupportCustomizer> (0x000000008d93b078) thrown at [./open/src/hotspot/share/classfile/systemDictionary.cpp, line 226]
Event: 19.341 Thread 0x000001a47bb0f000 Exception <a 'java/lang/ClassNotFoundException'{0x000000008d963568}: org/gradle/internal/extensibility/DefaultExtraPropertiesExtensionCustomizer> (0x000000008d963568) thrown at [./open/src/hotspot/share/classfile/systemDictionary.cpp, line 226]
Event: 19.493 Thread 0x000001a47bb0f000 Exception <a 'java/lang/NoSuchMethodError'{0x000000008d79ba30}: java.lang.invoke.Invokers$Holder.linkToTargetMethod(Ljava/lang/Object;JLjava/lang/Object;)Ljava/lang/Object;> (0x000000008d79ba30) thrown at [./open/src/hotspot/share/interpreter/linkResolver
Event: 19.510 Thread 0x000001a47bb0f000 Exception <a 'java/lang/NoSuchMethodError'{0x000000008d638ca0}: java.lang.invoke.DirectMethodHandle$Holder.invokeStatic(Ljava/lang/Object;Ljava/lang/Object;Ljava/lang/Object;Ljava/lang/Object;Ljava/lang/Object;)I> (0x000000008d638ca0) thrown at [./open/sr
Event: 19.523 Thread 0x000001a47bb0f000 Exception <a 'java/lang/NoSuchMethodError'{0x000000008d6d98d0}: java.lang.invoke.DirectMethodHandle$Holder.invokeInterface(Ljava/lang/Object;Ljava/lang/Object;)I> (0x000000008d6d98d0) thrown at [./open/src/hotspot/share/interpreter/linkResolver.cpp, line 
Event: 19.527 Thread 0x000001a47bb0f000 Exception <a 'java/lang/NoSuchMethodError'{0x000000008d501590}: java.lang.invoke.DirectMethodHandle$Holder.invokeStatic(Ljava/lang/Object;Ljava/lang/Object;ILjava/lang/Object;)Ljava/lang/Object;> (0x000000008d501590) thrown at [./open/src/hotspot/share/in
Event: 19.527 Thread 0x000001a47bb0f000 Exception <a 'java/lang/NoSuchMethodError'{0x000000008d50b8d0}: java.lang.invoke.Invokers$Holder.linkToTargetMethod(Ljava/lang/Object;ILjava/lang/Object;Ljava/lang/Object;)Ljava/lang/Object;> (0x000000008d50b8d0) thrown at [./open/src/hotspot/share/interp
Event: 19.623 Thread 0x000001a47bb0f000 Exception <a 'java/lang/IncompatibleClassChangeError'{0x000000008d53c870}: Found class java.lang.Object, but interface was expected> (0x000000008d53c870) thrown at [./open/src/hotspot/share/interpreter/linkResolver.cpp, line 838]
Event: 19.734 Thread 0x000001a47bb0f000 Implicit null exception at 0x000001a46c04bbe3 to 0x000001a46c04c7e9

Events (10 events):
Event: 19.770 loading class org/gradle/internal/classpath/Instrumented$ProcessGroovyMethodsExecuteInterceptor
Event: 19.770 loading class org/gradle/internal/classpath/Instrumented$ProcessGroovyMethodsExecuteInterceptor done
Event: 19.770 loading class org/gradle/internal/classpath/Instrumented$ProcessBuilderStartInterceptor
Event: 19.770 loading class org/gradle/internal/classpath/Instrumented$ProcessBuilderStartInterceptor done
Event: 19.771 loading class org/gradle/internal/classpath/Instrumented$ProcessBuilderStartPipelineInterceptor
Event: 19.771 loading class org/gradle/internal/classpath/Instrumented$ProcessBuilderStartPipelineInterceptor done
Event: 19.772 loading class org/gradle/internal/classpath/Instrumented$FileInputStreamConstructorInterceptor
Event: 19.772 loading class org/gradle/internal/classpath/Instrumented$FileInputStreamConstructorInterceptor done
Event: 19.773 loading class groovy/runtime/metaclass/groovy/lang/BindingMetaClass
Event: 19.773 loading class groovy/runtime/metaclass/groovy/lang/BindingMetaClass done


Dynamic libraries:
0x00007ff637f00000 - 0x00007ff637f10000 	C:\Program Files\Java\jdk-11.0.18\bin\java.exe
0x00007ff89a350000 - 0x00007ff89a567000 	C:\WINDOWS\SYSTEM32\ntdll.dll
0x00007ff898590000 - 0x00007ff898654000 	C:\WINDOWS\System32\KERNEL32.DLL
0x00007ff8979d0000 - 0x00007ff897d75000 	C:\WINDOWS\System32\KERNELBASE.dll
0x00007ff897760000 - 0x00007ff897871000 	C:\WINDOWS\System32\ucrtbase.dll
0x00007ff87bfd0000 - 0x00007ff87bfe8000 	C:\Program Files\Java\jdk-11.0.18\bin\jli.dll
0x00007ff8990b0000 - 0x00007ff899161000 	C:\WINDOWS\System32\ADVAPI32.dll
0x00007ff8999a0000 - 0x00007ff899a47000 	C:\WINDOWS\System32\msvcrt.dll
0x00007ff899b50000 - 0x00007ff899bf6000 	C:\WINDOWS\System32\sechost.dll
0x00007ff899cd0000 - 0x00007ff899de7000 	C:\WINDOWS\System32\RPCRT4.dll
0x00007ff89a060000 - 0x00007ff89a20e000 	C:\WINDOWS\System32\USER32.dll
0x00007ff897880000 - 0x00007ff8978a6000 	C:\WINDOWS\System32\win32u.dll
0x00007ff899df0000 - 0x00007ff899e19000 	C:\WINDOWS\System32\GDI32.dll
0x00007ff8978b0000 - 0x00007ff8979c9000 	C:\WINDOWS\System32\gdi32full.dll
0x00007ff8976c0000 - 0x00007ff89775a000 	C:\WINDOWS\System32\msvcp_win.dll
0x00007ff87bff0000 - 0x00007ff87c00b000 	C:\Program Files\Java\jdk-11.0.18\bin\VCRUNTIME140.dll
0x00007ff87aa30000 - 0x00007ff87acc3000 	C:\WINDOWS\WinSxS\amd64_microsoft.windows.common-controls_6595b64144ccf1df_6.0.22621.2506_none_270c5ae97388e100\COMCTL32.dll
0x00007ff884b10000 - 0x00007ff884b1a000 	C:\WINDOWS\SYSTEM32\VERSION.dll
0x00007ff898760000 - 0x00007ff898791000 	C:\WINDOWS\System32\IMM32.DLL
0x00007ff87c9c0000 - 0x00007ff87c9cc000 	C:\Program Files\Java\jdk-11.0.18\bin\vcruntime140_1.dll
0x00007ff854500000 - 0x00007ff85458e000 	C:\Program Files\Java\jdk-11.0.18\bin\msvcp140.dll
0x00007ff848fd0000 - 0x00007ff849b38000 	C:\Program Files\Java\jdk-11.0.18\bin\server\jvm.dll
0x00007ff899170000 - 0x00007ff899178000 	C:\WINDOWS\System32\PSAPI.DLL
0x00007ff86f440000 - 0x00007ff86f449000 	C:\WINDOWS\SYSTEM32\WSOCK32.dll
0x00007ff8980a0000 - 0x00007ff898111000 	C:\WINDOWS\System32\WS2_32.dll
0x00007ff88a660000 - 0x00007ff88a694000 	C:\WINDOWS\SYSTEM32\WINMM.dll
0x00007ff896620000 - 0x00007ff896638000 	C:\WINDOWS\SYSTEM32\kernel.appcore.dll
0x00007ff87bf80000 - 0x00007ff87bf90000 	C:\Program Files\Java\jdk-11.0.18\bin\verify.dll
0x00007ff895110000 - 0x00007ff895343000 	C:\WINDOWS\SYSTEM32\DBGHELP.DLL
0x00007ff899600000 - 0x00007ff899989000 	C:\WINDOWS\System32\combase.dll
0x00007ff899a70000 - 0x00007ff899b47000 	C:\WINDOWS\System32\OLEAUT32.dll
0x00007ff8708e0000 - 0x00007ff870912000 	C:\WINDOWS\SYSTEM32\dbgcore.DLL
0x00007ff898020000 - 0x00007ff89809a000 	C:\WINDOWS\System32\bcryptPrimitives.dll
0x00007ff873e60000 - 0x00007ff873e88000 	C:\Program Files\Java\jdk-11.0.18\bin\java.dll
0x00007ff87bee0000 - 0x00007ff87beea000 	C:\Program Files\Java\jdk-11.0.18\bin\jimage.dll
0x00007ff879960000 - 0x00007ff879977000 	C:\Program Files\Java\jdk-11.0.18\bin\zip.dll
0x00007ff898850000 - 0x00007ff8990a9000 	C:\WINDOWS\System32\SHELL32.dll
0x00007ff895590000 - 0x00007ff895e84000 	C:\WINDOWS\SYSTEM32\windows.storage.dll
0x00007ff895450000 - 0x00007ff89558e000 	C:\WINDOWS\SYSTEM32\wintypes.dll
0x00007ff89a210000 - 0x00007ff89a303000 	C:\WINDOWS\System32\SHCORE.dll
0x00007ff898210000 - 0x00007ff89826e000 	C:\WINDOWS\System32\shlwapi.dll
0x00007ff8975f0000 - 0x00007ff897616000 	C:\WINDOWS\SYSTEM32\profapi.dll
0x00007ff875e00000 - 0x00007ff875e19000 	C:\Program Files\Java\jdk-11.0.18\bin\net.dll
0x00007ff88c4b0000 - 0x00007ff88c5e7000 	C:\WINDOWS\SYSTEM32\WINHTTP.dll
0x00007ff896af0000 - 0x00007ff896b59000 	C:\WINDOWS\system32\mswsock.dll
0x00007ff874700000 - 0x00007ff874712000 	C:\Program Files\Java\jdk-11.0.18\bin\nio.dll
0x00007ff864770000 - 0x00007ff864797000 	C:\Users\Kishore Gurti\.gradle\native\68d5fa5c4cc2d200863cafc0d521ce42e7d3e7ee720ec0a83991735586a16f82\windows-amd64\native-platform.dll
0x00007ff8545b0000 - 0x00007ff8546f4000 	C:\Users\Kishore Gurti\.gradle\native\e376f236ea51e6404a007f0833ffe2c6e607c4080706a723a18a27aeea778392\windows-amd64\native-platform-file-events.dll
0x00007ff87b7e0000 - 0x00007ff87b7e9000 	C:\Program Files\Java\jdk-11.0.18\bin\management.dll
0x00007ff87b6c0000 - 0x00007ff87b6cb000 	C:\Program Files\Java\jdk-11.0.18\bin\management_ext.dll
0x00007ff896e40000 - 0x00007ff896e5b000 	C:\WINDOWS\SYSTEM32\CRYPTSP.dll
0x00007ff8965e0000 - 0x00007ff896615000 	C:\WINDOWS\system32\rsaenh.dll
0x00007ff896b90000 - 0x00007ff896bbc000 	C:\WINDOWS\SYSTEM32\USERENV.dll
0x00007ff896f80000 - 0x00007ff896fa8000 	C:\WINDOWS\SYSTEM32\bcrypt.dll
0x00007ff896e20000 - 0x00007ff896e2c000 	C:\WINDOWS\SYSTEM32\CRYPTBASE.dll
0x00007ff8960f0000 - 0x00007ff89611d000 	C:\WINDOWS\SYSTEM32\IPHLPAPI.DLL
0x00007ff899990000 - 0x00007ff899999000 	C:\WINDOWS\System32\NSI.dll
0x00007ff88cf90000 - 0x00007ff88cfa9000 	C:\WINDOWS\SYSTEM32\dhcpcsvc6.DLL
0x00007ff88c3e0000 - 0x00007ff88c3ff000 	C:\WINDOWS\SYSTEM32\dhcpcsvc.DLL
0x00007ff896120000 - 0x00007ff896219000 	C:\WINDOWS\SYSTEM32\DNSAPI.dll

dbghelp: loaded successfully - version: 4.0.5 - missing functions: none
symbol engine: initialized successfully - sym options: 0x614 - pdb path: .;C:\Program Files\Java\jdk-11.0.18\bin;C:\WINDOWS\SYSTEM32;C:\WINDOWS\WinSxS\amd64_microsoft.windows.common-controls_6595b64144ccf1df_6.0.22621.2506_none_270c5ae97388e100;C:\Program Files\Java\jdk-11.0.18\bin\server;C:\Users\Kishore Gurti\.gradle\native\68d5fa5c4cc2d200863cafc0d521ce42e7d3e7ee720ec0a83991735586a16f82\windows-amd64;C:\Users\Kishore Gurti\.gradle\native\e376f236ea51e6404a007f0833ffe2c6e607c4080706a723a18a27aeea778392\windows-amd64

VM Arguments:
jvm_args: -XX:MaxMetaspaceSize=512m --add-opens=java.base/java.util=ALL-UNNAMED --add-opens=java.base/java.lang=ALL-UNNAMED --add-opens=java.base/java.lang.invoke=ALL-UNNAMED --add-opens=java.prefs/java.util.prefs=ALL-UNNAMED --add-opens=java.base/java.nio.charset=ALL-UNNAMED --add-opens=java.base/java.net=ALL-UNNAMED --add-opens=java.base/java.util.concurrent.atomic=ALL-UNNAMED -Xmx2048m -Dfile.encoding=windows-1252 -Duser.country=IN -Duser.language=en -Duser.variant 
java_command: org.gradle.launcher.daemon.bootstrap.GradleDaemon 8.0.1
java_class_path (initial): C:\Users\Kishore Gurti\.gradle\wrapper\dists\gradle-8.0.1-all\aro4hu1c3oeioove7l0i4i14o\gradle-8.0.1\lib\gradle-launcher-8.0.1.jar
Launcher Type: SUN_STANDARD

[Global flags]
     intx CICompilerCount                          = 3                                         {product} {ergonomic}
   size_t CompressedClassSpaceSize                 = 528482304                                 {product} {ergonomic}
     uint ConcGCThreads                            = 1                                         {product} {ergonomic}
     uint G1ConcRefinementThreads                  = 4                                         {product} {ergonomic}
   size_t G1HeapRegionSize                         = 1048576                                   {product} {ergonomic}
    uintx GCDrainStackTargetSize                   = 64                                        {product} {ergonomic}
   size_t InitialHeapSize                          = 264241152                                 {product} {ergonomic}
   size_t MarkStackSize                            = 4194304                                   {product} {ergonomic}
   size_t MaxHeapSize                              = 2147483648                                {product} {command line}
   size_t MaxMetaspaceSize                         = 536870912                                 {product} {command line}
   size_t MaxNewSize                               = 1287651328                                {product} {ergonomic}
   size_t MinHeapDeltaBytes                        = 1048576                                   {product} {ergonomic}
    uintx NonNMethodCodeHeapSize                   = 5830732                                {pd product} {ergonomic}
    uintx NonProfiledCodeHeapSize                  = 122913754                              {pd product} {ergonomic}
    uintx ProfiledCodeHeapSize                     = 122913754                              {pd product} {ergonomic}
    uintx ReservedCodeCacheSize                    = 251658240                              {pd product} {ergonomic}
     bool SegmentedCodeCache                       = true                                      {product} {ergonomic}
     bool UseCompressedClassPointers               = true                                 {lp64_product} {ergonomic}
     bool UseCompressedOops                        = true                                 {lp64_product} {ergonomic}
     bool UseG1GC                                  = true                                      {product} {ergonomic}
     bool UseLargePagesIndividualAllocation        = false                                  {pd product} {ergonomic}

Logging:
Log output configuration:
 #0: stdout all=warning uptime,level,tags
 #1: stderr all=off uptime,level,tags

Environment Variables:
JAVA_HOME=C:\Program Files\Java\jdk-11.0.18
CLASSPATH=C:\Users\Kishore Gurti\Desktop\my-fda\FoodDeliveryApp\android\\gradle\wrapper\gradle-wrapper.jar
PATH=C:\Users\Kishore Gurti\Desktop\my-fda\FoodDeliveryApp\node_modules\.bin;C:\Users\Kishore Gurti\Desktop\my-fda\FoodDeliveryApp\node_modules\.bin;C:\Users\Kishore Gurti\Desktop\my-fda\node_modules\.bin;C:\Users\Kishore Gurti\Desktop\node_modules\.bin;C:\Users\Kishore Gurti\node_modules\.bin;C:\Users\node_modules\.bin;C:\node_modules\.bin;C:\Users\Kishore Gurti\AppData\Roaming\npm\node_modules\npm\node_modules\@npmcli\run-script\lib\node-gyp-bin;C:\Program Files\Common Files\Oracle\Java\javapath;C:\WINDOWS\system32;C:\WINDOWS;C:\WINDOWS\System32\Wbem;C:\WINDOWS\System32\WindowsPowerShell\v1.0\;C:\WINDOWS\System32\OpenSSH\;C:\Program Files\Git\cmd;C:\ProgramData\chocolatey\bin;C:\Program Files\Java\jdk-11\bin;C:\Program Files\PuTTY\;C:\Program Files\nodejs\;C:\Program Files\Java\jdk-17\bin;C:\Program Files\Java\javaPaths;C:\Program Files\Java\jdk-11.0.18\bin;;C:\Program Files\Docker\Docker\resources\bin;C:\Users\Kishore Gurti\AppData\Local\Microsoft\WindowsApps;C:\Users\Kishore Gurti\AppData\Local\Programs\Microsoft VS Code\bin;C:\Users\Kishore Gurti\AppData\Local\GitHubDesktop\bin;C:\Users\Kishore Gurti\AppData\Local\Android\Sdk\platform-tools;C:\Program Files\Java\jdk-11\bin;C:\Users\Kishore Gurti\AppData\Roaming\npm;C:\Software\apache-maven-3.6.3\bin;
USERNAME=Kishor Guriti
OS=Windows_NT
PROCESSOR_IDENTIFIER=Intel64 Family 6 Model 140 Stepping 1, GenuineIntel



---------------  S Y S T E M  ---------------

OS: Windows 11 , 64 bit Build 22621 (10.0.22621.2506)
Hyper-V role detected

CPU:total 4 (initial active 4) (2 cores per cpu, 2 threads per core) family 6 model 140 stepping 1 microcode 0xac, cmov, cx8, fxsr, mmx, sse, sse2, sse3, ssse3, sse4.1, sse4.2, popcnt, avx, avx2, aes, clmul, erms, 3dnowpref, lzcnt, ht, tsc, tscinvbit, bmi1, bmi2, adx, evex, sha, fma

Memory: 4k page, system-wide physical 16124M (240M free)
TotalPageFile size 65276M (AvailPageFile size 12M)
current process WorkingSet (physical memory assigned to process): 260M, peak: 260M
current process commit charge ("private bytes"): 416M, peak: 417M

vm_info: Java HotSpot(TM) 64-Bit Server VM (11.0.18+9-LTS-195) for windows-amd64 JRE (11.0.18+9-LTS-195), built on Dec  6 2022 15:50:58 by "mach5one" with MS VC++ 17.1 (VS2022)

END.
