#
# There is insufficient memory for the Java Runtime Environment to continue.
# Native memory allocation (malloc) failed to allocate 1174736 bytes for Chunk::new
# Possible reasons:
#   The system is out of physical RAM or swap space
#   The process is running with CompressedOops enabled, and the Java Heap may be blocking the growth of the native heap
# Possible solutions:
#   Reduce memory load on the system
#   Increase physical memory or swap space
#   Check if swap backing store is full
#   Decrease Java heap size (-Xmx/-Xms)
#   Decrease number of Java threads
#   Decrease Java thread stack sizes (-Xss)
#   Set larger code cache with -XX:ReservedCodeCacheSize=
#   JVM is running with Unscaled Compressed Oops mode in which the Java heap is
#     placed in the first 4GB address space. The Java Heap base address is the
#     maximum limit for the native heap growth. Please use -XX:HeapBaseMinAddress
#     to set the Java Heap base and to place the Java Heap above 4GB virtual address.
# This output file may be truncated or incomplete.
#
#  Out of Memory Error (./open/src/hotspot/share/memory/arena.cpp:197), pid=23340, tid=103212
#
# JRE version: Java(TM) SE Runtime Environment 18.9 (11.0.18+9) (build 11.0.18+9-LTS-195)
# Java VM: Java HotSpot(TM) 64-Bit Server VM 18.9 (11.0.18+9-LTS-195, mixed mode, tiered, compressed oops, g1 gc, windows-amd64)
# No core dump will be written. Minidumps are not enabled by default on client versions of Windows
#

---------------  S U M M A R Y ------------

Command Line: -XX:MaxMetaspaceSize=512m --add-opens=java.base/java.util=ALL-UNNAMED --add-opens=java.base/java.lang=ALL-UNNAMED --add-opens=java.base/java.lang.invoke=ALL-UNNAMED --add-opens=java.prefs/java.util.prefs=ALL-UNNAMED --add-opens=java.base/java.nio.charset=ALL-UNNAMED --add-opens=java.base/java.net=ALL-UNNAMED --add-opens=java.base/java.util.concurrent.atomic=ALL-UNNAMED -Xmx2048m -Dfile.encoding=windows-1252 -Duser.country=IN -Duser.language=en -Duser.variant org.gradle.launcher.daemon.bootstrap.GradleDaemon 8.0.1

Host: 11th Gen Intel(R) Core(TM) i3-1115G4 @ 3.00GHz, 4 cores, 15G,  Windows 11 , 64 bit Build 22621 (10.0.22621.2506)
Time: Wed Nov 29 12:53:34 2023 India Standard Time elapsed time: 88.702803 seconds (0d 0h 1m 28s)

---------------  T H R E A D  ---------------

Current thread (0x000001f09e757800):  JavaThread "C2 CompilerThread0" daemon [_thread_in_native, id=103212, stack(0x000000ce7ab00000,0x000000ce7ac00000)]


Current CompileTask:
C2:  88702 6172 % !   4       java.util.jar.Attributes::read @ 11 (354 bytes)

Stack: [0x000000ce7ab00000,0x000000ce7ac00000]
Native frames: (J=compiled Java code, j=interpreted, Vv=VM code, C=native code)
V  [jvm.dll+0x65d8aa]
V  [jvm.dll+0x79fc1f]
V  [jvm.dll+0x7a12e9]
V  [jvm.dll+0x7a1983]
V  [jvm.dll+0x2585b5]
V  [jvm.dll+0xb284c]
V  [jvm.dll+0xb2e0c]
V  [jvm.dll+0x365e21]
V  [jvm.dll+0x32eb15]
V  [jvm.dll+0x32defa]
V  [jvm.dll+0x2113ad]
V  [jvm.dll+0x210378]
V  [jvm.dll+0x18c641]
V  [jvm.dll+0x220609]
V  [jvm.dll+0x21e92c]
V  [jvm.dll+0x763f61]
V  [jvm.dll+0x75c924]
V  [jvm.dll+0x65c755]
C  [ucrtbase.dll+0x29363]
C  [KERNEL32.DLL+0x1257d]
C  [ntdll.dll+0x5aa58]


---------------  P R O C E S S  ---------------

Threads class SMR info:
_java_thread_list=0x000001f0a12f85b0, length=65, elements={
0x000001f0faf10000, 0x000001f09deca800, 0x000001f09ded5000, 0x000001f09e707800,
0x000001f09e750800, 0x000001f09e751800, 0x000001f09e757800, 0x000001f09e7b6800,
0x000001f09e7b8000, 0x000001f09e8c6000, 0x000001f09f4f8800, 0x000001f09eadb000,
0x000001f09fbca800, 0x000001f09fc22800, 0x000001f09f56d000, 0x000001f09f56d800,
0x000001f09ee1b800, 0x000001f09f744000, 0x000001f0a0326800, 0x000001f0a0328800,
0x000001f0a0329000, 0x000001f0a0327800, 0x000001f0a032a000, 0x000001f0a0324800,
0x000001f0a032b000, 0x000001f0a0325000, 0x000001f0a0326000, 0x000001f0a2bb9000,
0x000001f0a2bb5800, 0x000001f0a2bb9800, 0x000001f0a2bb8000, 0x000001f0a2bb6800,
0x000001f0a2bba800, 0x000001f0a2bb4800, 0x000001f0a2bbd800, 0x000001f0a2bc1000,
0x000001f0a2bbe800, 0x000001f0a2bbb000, 0x000001f0a2bc2000, 0x000001f0a2bbc000,
0x000001f0a2bc2800, 0x000001f0a2bbd000, 0x000001f0a2bbf800, 0x000001f0a2bc0000,
0x000001f0a0e18800, 0x000001f0a0e1c000, 0x000001f0a0e1d000, 0x000001f0a0e17000,
0x000001f0a0e19800, 0x000001f0a0e18000, 0x000001f0a0e1d800, 0x000001f0a0e1e800,
0x000001f0a0e20000, 0x000001f0a0e1f000, 0x000001f0a0e1a800, 0x000001f0a0e21000,
0x000001f0a0e1b000, 0x000001f0a0e25000, 0x000001f0a0e24000, 0x000001f0a0e23800,
0x000001f0a0e25800, 0x000001f0a0e21800, 0x000001f0a0e22800, 0x000001f0a3339800,
0x000001f0a333b000
}

Java Threads: ( => current thread )
  0x000001f0faf10000 JavaThread "main" [_thread_blocked, id=103484, stack(0x000000ce79f00000,0x000000ce7a000000)]
  0x000001f09deca800 JavaThread "Reference Handler" daemon [_thread_blocked, id=102252, stack(0x000000ce7a600000,0x000000ce7a700000)]
  0x000001f09ded5000 JavaThread "Finalizer" daemon [_thread_blocked, id=97448, stack(0x000000ce7a700000,0x000000ce7a800000)]
  0x000001f09e707800 JavaThread "Signal Dispatcher" daemon [_thread_blocked, id=103492, stack(0x000000ce7a800000,0x000000ce7a900000)]
  0x000001f09e750800 JavaThread "Attach Listener" daemon [_thread_blocked, id=100368, stack(0x000000ce7a900000,0x000000ce7aa00000)]
  0x000001f09e751800 JavaThread "Service Thread" daemon [_thread_blocked, id=84364, stack(0x000000ce7aa00000,0x000000ce7ab00000)]
=>0x000001f09e757800 JavaThread "C2 CompilerThread0" daemon [_thread_in_native, id=103212, stack(0x000000ce7ab00000,0x000000ce7ac00000)]
  0x000001f09e7b6800 JavaThread "C1 CompilerThread0" daemon [_thread_blocked, id=70908, stack(0x000000ce7ac00000,0x000000ce7ad00000)]
  0x000001f09e7b8000 JavaThread "Sweeper thread" daemon [_thread_blocked, id=90696, stack(0x000000ce7ad00000,0x000000ce7ae00000)]
  0x000001f09e8c6000 JavaThread "Common-Cleaner" daemon [_thread_blocked, id=31988, stack(0x000000ce7ae00000,0x000000ce7af00000)]
  0x000001f09f4f8800 JavaThread "Daemon health stats" [_thread_blocked, id=94572, stack(0x000000ce7b300000,0x000000ce7b400000)]
  0x000001f09eadb000 JavaThread "Incoming local TCP Connector on port 55484" [_thread_in_native, id=88356, stack(0x000000ce7b400000,0x000000ce7b500000)]
  0x000001f09fbca800 JavaThread "Daemon" [_thread_blocked, id=83136, stack(0x000000ce7b500000,0x000000ce7b600000)]
  0x000001f09fc22800 JavaThread "Handler for socket connection from /127.0.0.1:55484 to /127.0.0.1:55485" [_thread_in_native, id=92584, stack(0x000000ce7b600000,0x000000ce7b700000)]
  0x000001f09f56d000 JavaThread "Cancel handler" [_thread_blocked, id=88696, stack(0x000000ce7b700000,0x000000ce7b800000)]
  0x000001f09f56d800 JavaThread "Daemon worker" [_thread_in_native, id=89420, stack(0x000000ce7b800000,0x000000ce7b900000)]
  0x000001f09ee1b800 JavaThread "Daemon periodic checks" [_thread_blocked, id=102996, stack(0x000000ce7b900000,0x000000ce7ba00000)]
  0x000001f09f744000 JavaThread "Asynchronous log dispatcher for DefaultDaemonConnection: socket connection from /127.0.0.1:55484 to /127.0.0.1:55485" [_thread_blocked, id=90188, stack(0x000000ce7ba00000,0x000000ce7bb00000)]
  0x000001f0a0326800 JavaThread "Daemon client event forwarder" [_thread_blocked, id=88280, stack(0x000000ce7bc00000,0x000000ce7bd00000)]
  0x000001f0a0328800 JavaThread "Cache worker for journal cache (C:\Users\Kishore Gurti\.gradle\caches\journal-1)" [_thread_blocked, id=100560, stack(0x000000ce7bd00000,0x000000ce7be00000)]
  0x000001f0a0329000 JavaThread "File lock request listener" [_thread_in_native, id=94556, stack(0x000000ce7be00000,0x000000ce7bf00000)]
  0x000001f0a0327800 JavaThread "Cache worker for file hash cache (C:\Users\Kishore Gurti\.gradle\caches\8.0.1\fileHashes)" [_thread_blocked, id=19880, stack(0x000000ce7bf00000,0x000000ce7c000000)]
  0x000001f0a032a000 JavaThread "File watcher server" daemon [_thread_in_native, id=86128, stack(0x000000ce7c000000,0x000000ce7c100000)]
  0x000001f0a0324800 JavaThread "File watcher consumer" daemon [_thread_blocked, id=15604, stack(0x000000ce7c100000,0x000000ce7c200000)]
  0x000001f0a032b000 JavaThread "Cache worker for checksums cache (C:\Users\Kishore Gurti\Desktop\my-fda\FoodDeliveryApp\android\.gradle\8.0.1\checksums)" [_thread_blocked, id=4552, stack(0x000000ce7c200000,0x000000ce7c300000)]
  0x000001f0a0325000 JavaThread "Cache worker for cache directory md-rule (C:\Users\Kishore Gurti\.gradle\caches\8.0.1\md-rule)" [_thread_blocked, id=2296, stack(0x000000ce7c300000,0x000000ce7c400000)]
  0x000001f0a0326000 JavaThread "Cache worker for file content cache (C:\Users\Kishore Gurti\.gradle\caches\8.0.1\fileContent)" [_thread_blocked, id=27684, stack(0x000000ce7c400000,0x000000ce7c500000)]
  0x000001f0a2bb9000 JavaThread "Cache worker for file hash cache (C:\Users\Kishore Gurti\Desktop\my-fda\FoodDeliveryApp\android\.gradle\8.0.1\fileHashes)" [_thread_blocked, id=70640, stack(0x000000ce7c500000,0x000000ce7c600000)]
  0x000001f0a2bb5800 JavaThread "Cache worker for cache directory md-supplier (C:\Users\Kishore Gurti\.gradle\caches\8.0.1\md-supplier)" [_thread_blocked, id=90760, stack(0x000000ce7c600000,0x000000ce7c700000)]
  0x000001f0a2bb9800 JavaThread "Cache worker for execution history cache (C:\Users\Kishore Gurti\.gradle\caches\8.0.1\executionHistory)" [_thread_blocked, id=91448, stack(0x000000ce7c700000,0x000000ce7c800000)]
  0x000001f0a2bb8000 JavaThread "jar transforms" [_thread_blocked, id=96424, stack(0x000000ce79c00000,0x000000ce79d00000)]
  0x000001f0a2bb6800 JavaThread "jar transforms Thread 2" [_thread_blocked, id=96248, stack(0x000000ce7c800000,0x000000ce7c900000)]
  0x000001f0a2bba800 JavaThread "jar transforms Thread 3" [_thread_blocked, id=71388, stack(0x000000ce7c900000,0x000000ce7ca00000)]
  0x000001f0a2bb4800 JavaThread "jar transforms Thread 4" [_thread_blocked, id=11764, stack(0x000000ce7ca00000,0x000000ce7cb00000)]
  0x000001f0a2bbd800 JavaThread "Cache worker for kotlin-dsl (C:\Users\Kishore Gurti\.gradle\caches\8.0.1\kotlin-dsl)" [_thread_blocked, id=94928, stack(0x000000ce7cd00000,0x000000ce7ce00000)]
  0x000001f0a2bc1000 JavaThread "Cache worker for dependencies-accessors (C:\Users\Kishore Gurti\Desktop\my-fda\FoodDeliveryApp\android\.gradle\8.0.1\dependencies-accessors)" [_thread_blocked, id=72484, stack(0x000000ce7ce00000,0x000000ce7cf00000)]
  0x000001f0a2bbe800 JavaThread "Cache worker for Build Output Cleanup Cache (C:\Users\Kishore Gurti\Desktop\my-fda\FoodDeliveryApp\node_modules\@react-native\gradle-plugin\.gradle\buildOutputCleanup)" [_thread_blocked, id=101132, stack(0x000000ce7cf00000,0x000000ce7d000000)]
  0x000001f0a2bbb000 JavaThread "File lock release action executor" [_thread_blocked, id=97748, stack(0x000000ce79d00000,0x000000ce79e00000)]
  0x000001f0a2bc2000 JavaThread "Unconstrained build operations" [_thread_blocked, id=102032, stack(0x000000ce7d200000,0x000000ce7d300000)]
  0x000001f0a2bbc000 JavaThread "Unconstrained build operations Thread 2" [_thread_blocked, id=100036, stack(0x000000ce7d300000,0x000000ce7d400000)]
  0x000001f0a2bc2800 JavaThread "Unconstrained build operations Thread 3" [_thread_blocked, id=87204, stack(0x000000ce7d400000,0x000000ce7d500000)]
  0x000001f0a2bbd000 JavaThread "Unconstrained build operations Thread 4" [_thread_blocked, id=98332, stack(0x000000ce7d500000,0x000000ce7d600000)]
  0x000001f0a2bbf800 JavaThread "Unconstrained build operations Thread 5" [_thread_blocked, id=85444, stack(0x000000ce7d600000,0x000000ce7d700000)]
  0x000001f0a2bc0000 JavaThread "Unconstrained build operations Thread 6" [_thread_blocked, id=92268, stack(0x000000ce7d700000,0x000000ce7d800000)]
  0x000001f0a0e18800 JavaThread "Unconstrained build operations Thread 7" [_thread_blocked, id=86920, stack(0x000000ce7d800000,0x000000ce7d900000)]
  0x000001f0a0e1c000 JavaThread "Unconstrained build operations Thread 8" [_thread_blocked, id=102224, stack(0x000000ce7d900000,0x000000ce7da00000)]
  0x000001f0a0e1d000 JavaThread "Unconstrained build operations Thread 9" [_thread_blocked, id=102872, stack(0x000000ce7da00000,0x000000ce7db00000)]
  0x000001f0a0e17000 JavaThread "Unconstrained build operations Thread 10" [_thread_blocked, id=85056, stack(0x000000ce7db00000,0x000000ce7dc00000)]
  0x000001f0a0e19800 JavaThread "Unconstrained build operations Thread 11" [_thread_blocked, id=99908, stack(0x000000ce7dc00000,0x000000ce7dd00000)]
  0x000001f0a0e18000 JavaThread "Unconstrained build operations Thread 12" [_thread_blocked, id=90436, stack(0x000000ce7dd00000,0x000000ce7de00000)]
  0x000001f0a0e1d800 JavaThread "Unconstrained build operations Thread 13" [_thread_blocked, id=98360, stack(0x000000ce7de00000,0x000000ce7df00000)]
  0x000001f0a0e1e800 JavaThread "Unconstrained build operations Thread 14" [_thread_blocked, id=90324, stack(0x000000ce7df00000,0x000000ce7e000000)]
  0x000001f0a0e20000 JavaThread "Unconstrained build operations Thread 15" [_thread_blocked, id=86776, stack(0x000000ce7e000000,0x000000ce7e100000)]
  0x000001f0a0e1f000 JavaThread "Unconstrained build operations Thread 16" [_thread_blocked, id=93320, stack(0x000000ce7e100000,0x000000ce7e200000)]
  0x000001f0a0e1a800 JavaThread "Unconstrained build operations Thread 17" [_thread_blocked, id=87948, stack(0x000000ce7e200000,0x000000ce7e300000)]
  0x000001f0a0e21000 JavaThread "Unconstrained build operations Thread 18" [_thread_blocked, id=18712, stack(0x000000ce7e300000,0x000000ce7e400000)]
  0x000001f0a0e1b000 JavaThread "Unconstrained build operations Thread 19" [_thread_blocked, id=94332, stack(0x000000ce7e400000,0x000000ce7e500000)]
  0x000001f0a0e25000 JavaThread "Unconstrained build operations Thread 20" [_thread_blocked, id=88172, stack(0x000000ce7e500000,0x000000ce7e600000)]
  0x000001f0a0e24000 JavaThread "Unconstrained build operations Thread 21" [_thread_blocked, id=96260, stack(0x000000ce7e600000,0x000000ce7e700000)]
  0x000001f0a0e23800 JavaThread "Unconstrained build operations Thread 22" [_thread_blocked, id=95724, stack(0x000000ce7e700000,0x000000ce7e800000)]
  0x000001f0a0e25800 JavaThread "Unconstrained build operations Thread 23" [_thread_blocked, id=101048, stack(0x000000ce7e800000,0x000000ce7e900000)]
  0x000001f0a0e21800 JavaThread "Unconstrained build operations Thread 24" [_thread_blocked, id=101912, stack(0x000000ce7e900000,0x000000ce7ea00000)]
  0x000001f0a0e22800 JavaThread "Unconstrained build operations Thread 25" [_thread_blocked, id=32744, stack(0x000000ce7ea00000,0x000000ce7eb00000)]
  0x000001f0a3339800 JavaThread "Unconstrained build operations Thread 26" [_thread_blocked, id=96964, stack(0x000000ce7eb00000,0x000000ce7ec00000)]
  0x000001f0a333b000 JavaThread "Memory manager" [_thread_blocked, id=91628, stack(0x000000ce7ec00000,0x000000ce7ed00000)]

Other Threads:
  0x000001f09dec4800 VMThread "VM Thread" [stack: 0x000000ce7a500000,0x000000ce7a600000] [id=15092]
  0x000001f09e8e9000 WatcherThread [stack: 0x000000ce7af00000,0x000000ce7b000000] [id=90584]
  0x000001f0faf27000 GCTaskThread "GC Thread#0" [stack: 0x000000ce7a000000,0x000000ce7a100000] [id=99176]
  0x000001f09e9a6800 GCTaskThread "GC Thread#1" [stack: 0x000000ce7b000000,0x000000ce7b100000] [id=99476]
  0x000001f09f152000 GCTaskThread "GC Thread#2" [stack: 0x000000ce7b100000,0x000000ce7b200000] [id=89464]
  0x000001f09f153000 GCTaskThread "GC Thread#3" [stack: 0x000000ce7b200000,0x000000ce7b300000] [id=87196]
  0x000001f0faf56800 ConcurrentGCThread "G1 Main Marker" [stack: 0x000000ce7a100000,0x000000ce7a200000] [id=102216]
  0x000001f0faf59000 ConcurrentGCThread "G1 Conc#0" [stack: 0x000000ce7a200000,0x000000ce7a300000] [id=103496]
  0x000001f09dd56800 ConcurrentGCThread "G1 Refine#0" [stack: 0x000000ce7a300000,0x000000ce7a400000] [id=102220]
  0x000001f09dd57800 ConcurrentGCThread "G1 Young RemSet Sampling" [stack: 0x000000ce7a400000,0x000000ce7a500000] [id=89852]

Threads with active compile tasks:
C2 CompilerThread0    88749 6172 % !   4       java.util.jar.Attributes::read @ 11 (354 bytes)

VM state:not at safepoint (normal execution)

VM Mutex/Monitor currently owned by a thread: None

Heap address: 0x0000000080000000, size: 2048 MB, Compressed Oops mode: 32-bit
Narrow klass base: 0x0000000000000000, Narrow klass shift: 3
Compressed class space size: 528482304 Address: 0x0000000100000000

Heap:
 garbage-first heap   total 258048K, used 156124K [0x0000000080000000, 0x0000000100000000)
  region size 1024K, 118 young (120832K), 10 survivors (10240K)
 Metaspace       used 68244K, capacity 70026K, committed 70144K, reserved 577536K
  class space    used 8958K, capacity 9712K, committed 9728K, reserved 516096K
Heap Regions: E=young(eden), S=young(survivor), O=old, HS=humongous(starts), HC=humongous(continues), CS=collection set, F=free, A=archive, TAMS=top-at-mark-start (previous, next)
|   0|0x0000000080000000, 0x0000000080100000, 0x0000000080100000|100%| O|  |TAMS 0x0000000080100000, 0x0000000080000000| Untracked 
|   1|0x0000000080100000, 0x0000000080200000, 0x0000000080200000|100%| O|  |TAMS 0x0000000080200000, 0x0000000080100000| Untracked 
|   2|0x0000000080200000, 0x0000000080300000, 0x0000000080300000|100%|HS|  |TAMS 0x0000000080300000, 0x0000000080200000| Complete 
|   3|0x0000000080300000, 0x0000000080400000, 0x0000000080400000|100%|HC|  |TAMS 0x0000000080400000, 0x0000000080300000| Complete 
|   4|0x0000000080400000, 0x0000000080500000, 0x0000000080500000|100%|HC|  |TAMS 0x0000000080500000, 0x0000000080400000| Complete 
|   5|0x0000000080500000, 0x0000000080600000, 0x0000000080600000|100%|HC|  |TAMS 0x0000000080600000, 0x0000000080500000| Complete 
|   6|0x0000000080600000, 0x0000000080700000, 0x0000000080700000|100%| O|  |TAMS 0x0000000080700000, 0x0000000080600000| Untracked 
|   7|0x0000000080700000, 0x0000000080800000, 0x0000000080800000|100%| O|  |TAMS 0x0000000080800000, 0x0000000080700000| Untracked 
|   8|0x0000000080800000, 0x0000000080900000, 0x0000000080900000|100%| O|  |TAMS 0x0000000080900000, 0x0000000080800000| Untracked 
|   9|0x0000000080900000, 0x0000000080a00000, 0x0000000080a00000|100%| O|  |TAMS 0x0000000080a00000, 0x0000000080900000| Untracked 
|  10|0x0000000080a00000, 0x0000000080b00000, 0x0000000080b00000|100%| O|  |TAMS 0x0000000080b00000, 0x0000000080a00000| Untracked 
|  11|0x0000000080b00000, 0x0000000080c00000, 0x0000000080c00000|100%| O|  |TAMS 0x0000000080c00000, 0x0000000080b00000| Untracked 
|  12|0x0000000080c00000, 0x0000000080d00000, 0x0000000080d00000|100%| O|  |TAMS 0x0000000080d00000, 0x0000000080c00000| Untracked 
|  13|0x0000000080d00000, 0x0000000080e00000, 0x0000000080e00000|100%| O|  |TAMS 0x0000000080e00000, 0x0000000080d00000| Untracked 
|  14|0x0000000080e00000, 0x0000000080f00000, 0x0000000080f00000|100%| O|  |TAMS 0x0000000080f00000, 0x0000000080e00000| Untracked 
|  15|0x0000000080f00000, 0x0000000081000000, 0x0000000081000000|100%| O|  |TAMS 0x0000000081000000, 0x0000000080f00000| Untracked 
|  16|0x0000000081000000, 0x0000000081100000, 0x0000000081100000|100%| O|  |TAMS 0x0000000081100000, 0x0000000081000000| Untracked 
|  17|0x0000000081100000, 0x0000000081200000, 0x0000000081200000|100%| O|  |TAMS 0x0000000081200000, 0x0000000081100000| Untracked 
|  18|0x0000000081200000, 0x0000000081300000, 0x0000000081300000|100%| O|  |TAMS 0x0000000081300000, 0x0000000081200000| Untracked 
|  19|0x0000000081300000, 0x0000000081400000, 0x0000000081400000|100%| O|  |TAMS 0x0000000081400000, 0x0000000081300000| Untracked 
|  20|0x0000000081400000, 0x0000000081500000, 0x0000000081500000|100%| O|  |TAMS 0x0000000081500000, 0x0000000081400000| Untracked 
|  21|0x0000000081500000, 0x0000000081600000, 0x0000000081600000|100%| O|  |TAMS 0x0000000081600000, 0x0000000081500000| Untracked 
|  22|0x0000000081600000, 0x0000000081700000, 0x0000000081700000|100%| O|  |TAMS 0x0000000081700000, 0x0000000081600000| Untracked 
|  23|0x0000000081700000, 0x0000000081800000, 0x0000000081800000|100%| O|  |TAMS 0x0000000081800000, 0x0000000081700000| Untracked 
|  24|0x0000000081800000, 0x0000000081900000, 0x0000000081900000|100%| O|  |TAMS 0x0000000081900000, 0x0000000081800000| Untracked 
|  25|0x0000000081900000, 0x0000000081a00000, 0x0000000081a00000|100%|HS|  |TAMS 0x0000000081a00000, 0x0000000081900000| Complete 
|  26|0x0000000081a00000, 0x0000000081b00000, 0x0000000081b00000|100%|HC|  |TAMS 0x0000000081b00000, 0x0000000081a00000| Complete 
|  27|0x0000000081b00000, 0x0000000081c00000, 0x0000000081c00000|100%|HS|  |TAMS 0x0000000081c00000, 0x0000000081b00000| Complete 
|  28|0x0000000081c00000, 0x0000000081d00000, 0x0000000081d00000|100%|HC|  |TAMS 0x0000000081d00000, 0x0000000081c00000| Complete 
|  29|0x0000000081d00000, 0x0000000081e00000, 0x0000000081e00000|100%|HC|  |TAMS 0x0000000081e00000, 0x0000000081d00000| Complete 
|  30|0x0000000081e00000, 0x0000000081f00000, 0x0000000081f00000|100%|HC|  |TAMS 0x0000000081f00000, 0x0000000081e00000| Complete 
|  31|0x0000000081f00000, 0x0000000082000000, 0x0000000082000000|100%| O|  |TAMS 0x0000000082000000, 0x0000000081f00000| Untracked 
|  32|0x0000000082000000, 0x0000000082100000, 0x0000000082100000|100%| O|  |TAMS 0x0000000082100000, 0x0000000082000000| Untracked 
|  33|0x0000000082100000, 0x0000000082200000, 0x0000000082200000|100%| O|  |TAMS 0x0000000082200000, 0x0000000082100000| Untracked 
|  34|0x0000000082200000, 0x0000000082300000, 0x0000000082300000|100%| O|  |TAMS 0x0000000082300000, 0x0000000082200000| Untracked 
|  35|0x0000000082300000, 0x0000000082377200, 0x0000000082400000| 46%| O|  |TAMS 0x0000000082377200, 0x0000000082300000| Untracked 
|  36|0x0000000082400000, 0x0000000082400000, 0x0000000082500000|  0%| F|  |TAMS 0x0000000082400000, 0x0000000082400000| Untracked 
|  37|0x0000000082500000, 0x0000000082500000, 0x0000000082600000|  0%| F|  |TAMS 0x0000000082500000, 0x0000000082500000| Untracked 
|  38|0x0000000082600000, 0x0000000082600000, 0x0000000082700000|  0%| F|  |TAMS 0x0000000082600000, 0x0000000082600000| Untracked 
|  39|0x0000000082700000, 0x0000000082700000, 0x0000000082800000|  0%| F|  |TAMS 0x0000000082700000, 0x0000000082700000| Untracked 
|  40|0x0000000082800000, 0x0000000082800000, 0x0000000082900000|  0%| F|  |TAMS 0x0000000082800000, 0x0000000082800000| Untracked 
|  41|0x0000000082900000, 0x0000000082900000, 0x0000000082a00000|  0%| F|  |TAMS 0x0000000082900000, 0x0000000082900000| Untracked 
|  42|0x0000000082a00000, 0x0000000082a00000, 0x0000000082b00000|  0%| F|  |TAMS 0x0000000082a00000, 0x0000000082a00000| Untracked 
|  43|0x0000000082b00000, 0x0000000082b00000, 0x0000000082c00000|  0%| F|  |TAMS 0x0000000082b00000, 0x0000000082b00000| Untracked 
|  44|0x0000000082c00000, 0x0000000082c00000, 0x0000000082d00000|  0%| F|  |TAMS 0x0000000082c00000, 0x0000000082c00000| Untracked 
|  45|0x0000000082d00000, 0x0000000082d00000, 0x0000000082e00000|  0%| F|  |TAMS 0x0000000082d00000, 0x0000000082d00000| Untracked 
|  46|0x0000000082e00000, 0x0000000082e00000, 0x0000000082f00000|  0%| F|  |TAMS 0x0000000082e00000, 0x0000000082e00000| Untracked 
|  47|0x0000000082f00000, 0x0000000082f00000, 0x0000000083000000|  0%| F|  |TAMS 0x0000000082f00000, 0x0000000082f00000| Untracked 
|  48|0x0000000083000000, 0x0000000083000000, 0x0000000083100000|  0%| F|  |TAMS 0x0000000083000000, 0x0000000083000000| Untracked 
|  49|0x0000000083100000, 0x0000000083100000, 0x0000000083200000|  0%| F|  |TAMS 0x0000000083100000, 0x0000000083100000| Untracked 
|  50|0x0000000083200000, 0x0000000083200000, 0x0000000083300000|  0%| F|  |TAMS 0x0000000083200000, 0x0000000083200000| Untracked 
|  51|0x0000000083300000, 0x0000000083300000, 0x0000000083400000|  0%| F|  |TAMS 0x0000000083300000, 0x0000000083300000| Untracked 
|  52|0x0000000083400000, 0x0000000083400000, 0x0000000083500000|  0%| F|  |TAMS 0x0000000083400000, 0x0000000083400000| Untracked 
|  53|0x0000000083500000, 0x0000000083500000, 0x0000000083600000|  0%| F|  |TAMS 0x0000000083500000, 0x0000000083500000| Untracked 
|  54|0x0000000083600000, 0x0000000083600000, 0x0000000083700000|  0%| F|  |TAMS 0x0000000083600000, 0x0000000083600000| Untracked 
|  55|0x0000000083700000, 0x0000000083700000, 0x0000000083800000|  0%| F|  |TAMS 0x0000000083700000, 0x0000000083700000| Untracked 
|  56|0x0000000083800000, 0x0000000083800000, 0x0000000083900000|  0%| F|  |TAMS 0x0000000083800000, 0x0000000083800000| Untracked 
|  57|0x0000000083900000, 0x0000000083900000, 0x0000000083a00000|  0%| F|  |TAMS 0x0000000083900000, 0x0000000083900000| Untracked 
|  58|0x0000000083a00000, 0x0000000083a00000, 0x0000000083b00000|  0%| F|  |TAMS 0x0000000083a00000, 0x0000000083a00000| Untracked 
|  59|0x0000000083b00000, 0x0000000083b00000, 0x0000000083c00000|  0%| F|  |TAMS 0x0000000083b00000, 0x0000000083b00000| Untracked 
|  60|0x0000000083c00000, 0x0000000083c00000, 0x0000000083d00000|  0%| F|  |TAMS 0x0000000083c00000, 0x0000000083c00000| Untracked 
|  61|0x0000000083d00000, 0x0000000083d00000, 0x0000000083e00000|  0%| F|  |TAMS 0x0000000083d00000, 0x0000000083d00000| Untracked 
|  62|0x0000000083e00000, 0x0000000083e00000, 0x0000000083f00000|  0%| F|  |TAMS 0x0000000083e00000, 0x0000000083e00000| Untracked 
|  63|0x0000000083f00000, 0x0000000083f00000, 0x0000000084000000|  0%| F|  |TAMS 0x0000000083f00000, 0x0000000083f00000| Untracked 
|  64|0x0000000084000000, 0x0000000084000000, 0x0000000084100000|  0%| F|  |TAMS 0x0000000084000000, 0x0000000084000000| Untracked 
|  65|0x0000000084100000, 0x0000000084100000, 0x0000000084200000|  0%| F|  |TAMS 0x0000000084100000, 0x0000000084100000| Untracked 
|  66|0x0000000084200000, 0x0000000084200000, 0x0000000084300000|  0%| F|  |TAMS 0x0000000084200000, 0x0000000084200000| Untracked 
|  67|0x0000000084300000, 0x0000000084300000, 0x0000000084400000|  0%| F|  |TAMS 0x0000000084300000, 0x0000000084300000| Untracked 
|  68|0x0000000084400000, 0x0000000084400000, 0x0000000084500000|  0%| F|  |TAMS 0x0000000084400000, 0x0000000084400000| Untracked 
|  69|0x0000000084500000, 0x0000000084500000, 0x0000000084600000|  0%| F|  |TAMS 0x0000000084500000, 0x0000000084500000| Untracked 
|  70|0x0000000084600000, 0x0000000084600000, 0x0000000084700000|  0%| F|  |TAMS 0x0000000084600000, 0x0000000084600000| Untracked 
|  71|0x0000000084700000, 0x0000000084700000, 0x0000000084800000|  0%| F|  |TAMS 0x0000000084700000, 0x0000000084700000| Untracked 
|  72|0x0000000084800000, 0x0000000084800000, 0x0000000084900000|  0%| F|  |TAMS 0x0000000084800000, 0x0000000084800000| Untracked 
|  73|0x0000000084900000, 0x0000000084900000, 0x0000000084a00000|  0%| F|  |TAMS 0x0000000084900000, 0x0000000084900000| Untracked 
|  74|0x0000000084a00000, 0x0000000084a00000, 0x0000000084b00000|  0%| F|  |TAMS 0x0000000084a00000, 0x0000000084a00000| Untracked 
|  75|0x0000000084b00000, 0x0000000084b00000, 0x0000000084c00000|  0%| F|  |TAMS 0x0000000084b00000, 0x0000000084b00000| Untracked 
|  76|0x0000000084c00000, 0x0000000084c00000, 0x0000000084d00000|  0%| F|  |TAMS 0x0000000084c00000, 0x0000000084c00000| Untracked 
|  77|0x0000000084d00000, 0x0000000084d00000, 0x0000000084e00000|  0%| F|  |TAMS 0x0000000084d00000, 0x0000000084d00000| Untracked 
|  78|0x0000000084e00000, 0x0000000084e00000, 0x0000000084f00000|  0%| F|  |TAMS 0x0000000084e00000, 0x0000000084e00000| Untracked 
|  79|0x0000000084f00000, 0x0000000084f00000, 0x0000000085000000|  0%| F|  |TAMS 0x0000000084f00000, 0x0000000084f00000| Untracked 
|  80|0x0000000085000000, 0x0000000085000000, 0x0000000085100000|  0%| F|  |TAMS 0x0000000085000000, 0x0000000085000000| Untracked 
|  81|0x0000000085100000, 0x0000000085100000, 0x0000000085200000|  0%| F|  |TAMS 0x0000000085100000, 0x0000000085100000| Untracked 
|  82|0x0000000085200000, 0x0000000085200000, 0x0000000085300000|  0%| F|  |TAMS 0x0000000085200000, 0x0000000085200000| Untracked 
|  83|0x0000000085300000, 0x0000000085300000, 0x0000000085400000|  0%| F|  |TAMS 0x0000000085300000, 0x0000000085300000| Untracked 
|  84|0x0000000085400000, 0x0000000085400000, 0x0000000085500000|  0%| F|  |TAMS 0x0000000085400000, 0x0000000085400000| Untracked 
|  85|0x0000000085500000, 0x0000000085500000, 0x0000000085600000|  0%| F|  |TAMS 0x0000000085500000, 0x0000000085500000| Untracked 
|  86|0x0000000085600000, 0x0000000085600000, 0x0000000085700000|  0%| F|  |TAMS 0x0000000085600000, 0x0000000085600000| Untracked 
|  87|0x0000000085700000, 0x0000000085700000, 0x0000000085800000|  0%| F|  |TAMS 0x0000000085700000, 0x0000000085700000| Untracked 
|  88|0x0000000085800000, 0x0000000085800000, 0x0000000085900000|  0%| F|  |TAMS 0x0000000085800000, 0x0000000085800000| Untracked 
|  89|0x0000000085900000, 0x0000000085900000, 0x0000000085a00000|  0%| F|  |TAMS 0x0000000085900000, 0x0000000085900000| Untracked 
|  90|0x0000000085a00000, 0x0000000085a00000, 0x0000000085b00000|  0%| F|  |TAMS 0x0000000085a00000, 0x0000000085a00000| Untracked 
|  91|0x0000000085b00000, 0x0000000085b00000, 0x0000000085c00000|  0%| F|  |TAMS 0x0000000085b00000, 0x0000000085b00000| Untracked 
|  92|0x0000000085c00000, 0x0000000085c00000, 0x0000000085d00000|  0%| F|  |TAMS 0x0000000085c00000, 0x0000000085c00000| Untracked 
|  93|0x0000000085d00000, 0x0000000085d00000, 0x0000000085e00000|  0%| F|  |TAMS 0x0000000085d00000, 0x0000000085d00000| Untracked 
|  94|0x0000000085e00000, 0x0000000085e00000, 0x0000000085f00000|  0%| F|  |TAMS 0x0000000085e00000, 0x0000000085e00000| Untracked 
|  95|0x0000000085f00000, 0x0000000085f00000, 0x0000000086000000|  0%| F|  |TAMS 0x0000000085f00000, 0x0000000085f00000| Untracked 
|  96|0x0000000086000000, 0x0000000086000000, 0x0000000086100000|  0%| F|  |TAMS 0x0000000086000000, 0x0000000086000000| Untracked 
|  97|0x0000000086100000, 0x0000000086100000, 0x0000000086200000|  0%| F|  |TAMS 0x0000000086100000, 0x0000000086100000| Untracked 
|  98|0x0000000086200000, 0x0000000086200000, 0x0000000086300000|  0%| F|  |TAMS 0x0000000086200000, 0x0000000086200000| Untracked 
|  99|0x0000000086300000, 0x0000000086300000, 0x0000000086400000|  0%| F|  |TAMS 0x0000000086300000, 0x0000000086300000| Untracked 
| 100|0x0000000086400000, 0x0000000086400000, 0x0000000086500000|  0%| F|  |TAMS 0x0000000086400000, 0x0000000086400000| Untracked 
| 101|0x0000000086500000, 0x0000000086500000, 0x0000000086600000|  0%| F|  |TAMS 0x0000000086500000, 0x0000000086500000| Untracked 
| 102|0x0000000086600000, 0x0000000086600000, 0x0000000086700000|  0%| F|  |TAMS 0x0000000086600000, 0x0000000086600000| Untracked 
| 103|0x0000000086700000, 0x0000000086700000, 0x0000000086800000|  0%| F|  |TAMS 0x0000000086700000, 0x0000000086700000| Untracked 
| 104|0x0000000086800000, 0x0000000086800000, 0x0000000086900000|  0%| F|  |TAMS 0x0000000086800000, 0x0000000086800000| Untracked 
| 105|0x0000000086900000, 0x0000000086900000, 0x0000000086a00000|  0%| F|  |TAMS 0x0000000086900000, 0x0000000086900000| Untracked 
| 106|0x0000000086a00000, 0x0000000086a00000, 0x0000000086b00000|  0%| F|  |TAMS 0x0000000086a00000, 0x0000000086a00000| Untracked 
| 107|0x0000000086b00000, 0x0000000086b00000, 0x0000000086c00000|  0%| F|  |TAMS 0x0000000086b00000, 0x0000000086b00000| Untracked 
| 108|0x0000000086c00000, 0x0000000086c00000, 0x0000000086d00000|  0%| F|  |TAMS 0x0000000086c00000, 0x0000000086c00000| Untracked 
| 109|0x0000000086d00000, 0x0000000086d00000, 0x0000000086e00000|  0%| F|  |TAMS 0x0000000086d00000, 0x0000000086d00000| Untracked 
| 110|0x0000000086e00000, 0x0000000086e00000, 0x0000000086f00000|  0%| F|  |TAMS 0x0000000086e00000, 0x0000000086e00000| Untracked 
| 111|0x0000000086f00000, 0x0000000086f00000, 0x0000000087000000|  0%| F|  |TAMS 0x0000000086f00000, 0x0000000086f00000| Untracked 
| 112|0x0000000087000000, 0x0000000087000000, 0x0000000087100000|  0%| F|  |TAMS 0x0000000087000000, 0x0000000087000000| Untracked 
| 113|0x0000000087100000, 0x0000000087100000, 0x0000000087200000|  0%| F|  |TAMS 0x0000000087100000, 0x0000000087100000| Untracked 
| 114|0x0000000087200000, 0x0000000087200000, 0x0000000087300000|  0%| F|  |TAMS 0x0000000087200000, 0x0000000087200000| Untracked 
| 115|0x0000000087300000, 0x0000000087300000, 0x0000000087400000|  0%| F|  |TAMS 0x0000000087300000, 0x0000000087300000| Untracked 
| 116|0x0000000087400000, 0x0000000087400000, 0x0000000087500000|  0%| F|  |TAMS 0x0000000087400000, 0x0000000087400000| Untracked 
| 117|0x0000000087500000, 0x0000000087500000, 0x0000000087600000|  0%| F|  |TAMS 0x0000000087500000, 0x0000000087500000| Untracked 
| 118|0x0000000087600000, 0x0000000087600000, 0x0000000087700000|  0%| F|  |TAMS 0x0000000087600000, 0x0000000087600000| Untracked 
| 119|0x0000000087700000, 0x0000000087700000, 0x0000000087800000|  0%| F|  |TAMS 0x0000000087700000, 0x0000000087700000| Untracked 
| 120|0x0000000087800000, 0x0000000087800000, 0x0000000087900000|  0%| F|  |TAMS 0x0000000087800000, 0x0000000087800000| Untracked 
| 121|0x0000000087900000, 0x0000000087900000, 0x0000000087a00000|  0%| F|  |TAMS 0x0000000087900000, 0x0000000087900000| Untracked 
| 122|0x0000000087a00000, 0x0000000087a00000, 0x0000000087b00000|  0%| F|  |TAMS 0x0000000087a00000, 0x0000000087a00000| Untracked 
| 123|0x0000000087b00000, 0x0000000087b00000, 0x0000000087c00000|  0%| F|  |TAMS 0x0000000087b00000, 0x0000000087b00000| Untracked 
| 124|0x0000000087c00000, 0x0000000087c00000, 0x0000000087d00000|  0%| F|  |TAMS 0x0000000087c00000, 0x0000000087c00000| Untracked 
| 125|0x0000000087d00000, 0x0000000087d00000, 0x0000000087e00000|  0%| F|  |TAMS 0x0000000087d00000, 0x0000000087d00000| Untracked 
| 126|0x0000000087e00000, 0x0000000087e00000, 0x0000000087f00000|  0%| F|  |TAMS 0x0000000087e00000, 0x0000000087e00000| Untracked 
| 127|0x0000000087f00000, 0x0000000087f00000, 0x0000000088000000|  0%| F|  |TAMS 0x0000000087f00000, 0x0000000087f00000| Untracked 
| 128|0x0000000088000000, 0x0000000088000000, 0x0000000088100000|  0%| F|  |TAMS 0x0000000088000000, 0x0000000088000000| Untracked 
| 129|0x0000000088100000, 0x0000000088100000, 0x0000000088200000|  0%| F|  |TAMS 0x0000000088100000, 0x0000000088100000| Untracked 
| 130|0x0000000088200000, 0x0000000088200000, 0x0000000088300000|  0%| F|  |TAMS 0x0000000088200000, 0x0000000088200000| Untracked 
| 131|0x0000000088300000, 0x0000000088300000, 0x0000000088400000|  0%| F|  |TAMS 0x0000000088300000, 0x0000000088300000| Untracked 
| 132|0x0000000088400000, 0x0000000088400000, 0x0000000088500000|  0%| F|  |TAMS 0x0000000088400000, 0x0000000088400000| Untracked 
| 133|0x0000000088500000, 0x0000000088500000, 0x0000000088600000|  0%| F|  |TAMS 0x0000000088500000, 0x0000000088500000| Untracked 
| 134|0x0000000088600000, 0x0000000088684078, 0x0000000088700000| 51%| E|  |TAMS 0x0000000088600000, 0x0000000088600000| Complete 
| 135|0x0000000088700000, 0x0000000088800000, 0x0000000088800000|100%| E|CS|TAMS 0x0000000088700000, 0x0000000088700000| Complete 
| 136|0x0000000088800000, 0x0000000088900000, 0x0000000088900000|100%| E|CS|TAMS 0x0000000088800000, 0x0000000088800000| Complete 
| 137|0x0000000088900000, 0x0000000088a00000, 0x0000000088a00000|100%| E|CS|TAMS 0x0000000088900000, 0x0000000088900000| Complete 
| 138|0x0000000088a00000, 0x0000000088b00000, 0x0000000088b00000|100%| E|CS|TAMS 0x0000000088a00000, 0x0000000088a00000| Complete 
| 139|0x0000000088b00000, 0x0000000088c00000, 0x0000000088c00000|100%| E|CS|TAMS 0x0000000088b00000, 0x0000000088b00000| Complete 
| 140|0x0000000088c00000, 0x0000000088d00000, 0x0000000088d00000|100%| E|CS|TAMS 0x0000000088c00000, 0x0000000088c00000| Complete 
| 141|0x0000000088d00000, 0x0000000088e00000, 0x0000000088e00000|100%| E|CS|TAMS 0x0000000088d00000, 0x0000000088d00000| Complete 
| 142|0x0000000088e00000, 0x0000000088f00000, 0x0000000088f00000|100%| E|CS|TAMS 0x0000000088e00000, 0x0000000088e00000| Complete 
| 143|0x0000000088f00000, 0x0000000089000000, 0x0000000089000000|100%| E|CS|TAMS 0x0000000088f00000, 0x0000000088f00000| Complete 
| 144|0x0000000089000000, 0x0000000089100000, 0x0000000089100000|100%| E|CS|TAMS 0x0000000089000000, 0x0000000089000000| Complete 
| 145|0x0000000089100000, 0x0000000089200000, 0x0000000089200000|100%| E|CS|TAMS 0x0000000089100000, 0x0000000089100000| Complete 
| 146|0x0000000089200000, 0x0000000089300000, 0x0000000089300000|100%| E|CS|TAMS 0x0000000089200000, 0x0000000089200000| Complete 
| 147|0x0000000089300000, 0x0000000089400000, 0x0000000089400000|100%| E|CS|TAMS 0x0000000089300000, 0x0000000089300000| Complete 
| 148|0x0000000089400000, 0x0000000089500000, 0x0000000089500000|100%| E|CS|TAMS 0x0000000089400000, 0x0000000089400000| Complete 
| 149|0x0000000089500000, 0x0000000089600000, 0x0000000089600000|100%| E|CS|TAMS 0x0000000089500000, 0x0000000089500000| Complete 
| 150|0x0000000089600000, 0x0000000089700000, 0x0000000089700000|100%| E|CS|TAMS 0x0000000089600000, 0x0000000089600000| Complete 
| 151|0x0000000089700000, 0x0000000089800000, 0x0000000089800000|100%| E|CS|TAMS 0x0000000089700000, 0x0000000089700000| Complete 
| 152|0x0000000089800000, 0x0000000089900000, 0x0000000089900000|100%| E|CS|TAMS 0x0000000089800000, 0x0000000089800000| Complete 
| 153|0x0000000089900000, 0x0000000089a00000, 0x0000000089a00000|100%| E|CS|TAMS 0x0000000089900000, 0x0000000089900000| Complete 
| 154|0x0000000089a00000, 0x0000000089b00000, 0x0000000089b00000|100%| E|CS|TAMS 0x0000000089a00000, 0x0000000089a00000| Complete 
| 155|0x0000000089b00000, 0x0000000089c00000, 0x0000000089c00000|100%| E|CS|TAMS 0x0000000089b00000, 0x0000000089b00000| Complete 
| 156|0x0000000089c00000, 0x0000000089d00000, 0x0000000089d00000|100%| E|CS|TAMS 0x0000000089c00000, 0x0000000089c00000| Complete 
| 157|0x0000000089d00000, 0x0000000089e00000, 0x0000000089e00000|100%| E|CS|TAMS 0x0000000089d00000, 0x0000000089d00000| Complete 
| 158|0x0000000089e00000, 0x0000000089f00000, 0x0000000089f00000|100%| E|CS|TAMS 0x0000000089e00000, 0x0000000089e00000| Complete 
| 159|0x0000000089f00000, 0x000000008a000000, 0x000000008a000000|100%| E|CS|TAMS 0x0000000089f00000, 0x0000000089f00000| Complete 
| 160|0x000000008a000000, 0x000000008a100000, 0x000000008a100000|100%| E|CS|TAMS 0x000000008a000000, 0x000000008a000000| Complete 
| 161|0x000000008a100000, 0x000000008a200000, 0x000000008a200000|100%| E|CS|TAMS 0x000000008a100000, 0x000000008a100000| Complete 
| 162|0x000000008a200000, 0x000000008a300000, 0x000000008a300000|100%| E|CS|TAMS 0x000000008a200000, 0x000000008a200000| Complete 
| 163|0x000000008a300000, 0x000000008a400000, 0x000000008a400000|100%| E|CS|TAMS 0x000000008a300000, 0x000000008a300000| Complete 
| 164|0x000000008a400000, 0x000000008a500000, 0x000000008a500000|100%| E|CS|TAMS 0x000000008a400000, 0x000000008a400000| Complete 
| 165|0x000000008a500000, 0x000000008a600000, 0x000000008a600000|100%| E|CS|TAMS 0x000000008a500000, 0x000000008a500000| Complete 
| 166|0x000000008a600000, 0x000000008a700000, 0x000000008a700000|100%| E|CS|TAMS 0x000000008a600000, 0x000000008a600000| Complete 
| 167|0x000000008a700000, 0x000000008a800000, 0x000000008a800000|100%| E|CS|TAMS 0x000000008a700000, 0x000000008a700000| Complete 
| 168|0x000000008a800000, 0x000000008a900000, 0x000000008a900000|100%| E|CS|TAMS 0x000000008a800000, 0x000000008a800000| Complete 
| 169|0x000000008a900000, 0x000000008aa00000, 0x000000008aa00000|100%| E|CS|TAMS 0x000000008a900000, 0x000000008a900000| Complete 
| 170|0x000000008aa00000, 0x000000008ab00000, 0x000000008ab00000|100%| E|CS|TAMS 0x000000008aa00000, 0x000000008aa00000| Complete 
| 171|0x000000008ab00000, 0x000000008ac00000, 0x000000008ac00000|100%| E|CS|TAMS 0x000000008ab00000, 0x000000008ab00000| Complete 
| 172|0x000000008ac00000, 0x000000008ad00000, 0x000000008ad00000|100%| E|CS|TAMS 0x000000008ac00000, 0x000000008ac00000| Complete 
| 173|0x000000008ad00000, 0x000000008ae00000, 0x000000008ae00000|100%| E|CS|TAMS 0x000000008ad00000, 0x000000008ad00000| Complete 
| 174|0x000000008ae00000, 0x000000008af00000, 0x000000008af00000|100%| E|CS|TAMS 0x000000008ae00000, 0x000000008ae00000| Complete 
| 175|0x000000008af00000, 0x000000008b000000, 0x000000008b000000|100%| E|CS|TAMS 0x000000008af00000, 0x000000008af00000| Complete 
| 176|0x000000008b000000, 0x000000008b100000, 0x000000008b100000|100%| E|CS|TAMS 0x000000008b000000, 0x000000008b000000| Complete 
| 177|0x000000008b100000, 0x000000008b200000, 0x000000008b200000|100%| E|CS|TAMS 0x000000008b100000, 0x000000008b100000| Complete 
| 178|0x000000008b200000, 0x000000008b300000, 0x000000008b300000|100%| E|CS|TAMS 0x000000008b200000, 0x000000008b200000| Complete 
| 179|0x000000008b300000, 0x000000008b400000, 0x000000008b400000|100%| E|CS|TAMS 0x000000008b300000, 0x000000008b300000| Complete 
| 180|0x000000008b400000, 0x000000008b500000, 0x000000008b500000|100%| E|CS|TAMS 0x000000008b400000, 0x000000008b400000| Complete 
| 181|0x000000008b500000, 0x000000008b600000, 0x000000008b600000|100%| E|CS|TAMS 0x000000008b500000, 0x000000008b500000| Complete 
| 182|0x000000008b600000, 0x000000008b700000, 0x000000008b700000|100%| E|CS|TAMS 0x000000008b600000, 0x000000008b600000| Complete 
| 183|0x000000008b700000, 0x000000008b800000, 0x000000008b800000|100%| E|CS|TAMS 0x000000008b700000, 0x000000008b700000| Complete 
| 184|0x000000008b800000, 0x000000008b900000, 0x000000008b900000|100%| E|CS|TAMS 0x000000008b800000, 0x000000008b800000| Complete 
| 185|0x000000008b900000, 0x000000008ba00000, 0x000000008ba00000|100%| E|CS|TAMS 0x000000008b900000, 0x000000008b900000| Complete 
| 186|0x000000008ba00000, 0x000000008bb00000, 0x000000008bb00000|100%| E|CS|TAMS 0x000000008ba00000, 0x000000008ba00000| Complete 
| 187|0x000000008bb00000, 0x000000008bc00000, 0x000000008bc00000|100%| E|CS|TAMS 0x000000008bb00000, 0x000000008bb00000| Complete 
| 188|0x000000008bc00000, 0x000000008bd00000, 0x000000008bd00000|100%| E|CS|TAMS 0x000000008bc00000, 0x000000008bc00000| Complete 
| 189|0x000000008bd00000, 0x000000008be00000, 0x000000008be00000|100%| E|CS|TAMS 0x000000008bd00000, 0x000000008bd00000| Complete 
| 190|0x000000008be00000, 0x000000008bf00000, 0x000000008bf00000|100%| E|CS|TAMS 0x000000008be00000, 0x000000008be00000| Complete 
| 191|0x000000008bf00000, 0x000000008c000000, 0x000000008c000000|100%| E|CS|TAMS 0x000000008bf00000, 0x000000008bf00000| Complete 
| 192|0x000000008c000000, 0x000000008c100000, 0x000000008c100000|100%| E|CS|TAMS 0x000000008c000000, 0x000000008c000000| Complete 
| 193|0x000000008c100000, 0x000000008c200000, 0x000000008c200000|100%| S|CS|TAMS 0x000000008c100000, 0x000000008c100000| Complete 
| 194|0x000000008c200000, 0x000000008c300000, 0x000000008c300000|100%| S|CS|TAMS 0x000000008c200000, 0x000000008c200000| Complete 
| 195|0x000000008c300000, 0x000000008c400000, 0x000000008c400000|100%| S|CS|TAMS 0x000000008c300000, 0x000000008c300000| Complete 
| 196|0x000000008c400000, 0x000000008c500000, 0x000000008c500000|100%| S|CS|TAMS 0x000000008c400000, 0x000000008c400000| Complete 
| 197|0x000000008c500000, 0x000000008c600000, 0x000000008c600000|100%| S|CS|TAMS 0x000000008c500000, 0x000000008c500000| Complete 
| 198|0x000000008c600000, 0x000000008c700000, 0x000000008c700000|100%| S|CS|TAMS 0x000000008c600000, 0x000000008c600000| Complete 
| 199|0x000000008c700000, 0x000000008c800000, 0x000000008c800000|100%| S|CS|TAMS 0x000000008c700000, 0x000000008c700000| Complete 
| 200|0x000000008c800000, 0x000000008c900000, 0x000000008c900000|100%| S|CS|TAMS 0x000000008c800000, 0x000000008c800000| Complete 
| 201|0x000000008c900000, 0x000000008ca00000, 0x000000008ca00000|100%| S|CS|TAMS 0x000000008c900000, 0x000000008c900000| Complete 
| 202|0x000000008ca00000, 0x000000008cb00000, 0x000000008cb00000|100%| S|CS|TAMS 0x000000008ca00000, 0x000000008ca00000| Complete 
| 203|0x000000008cb00000, 0x000000008cc00000, 0x000000008cc00000|100%| E|CS|TAMS 0x000000008cb00000, 0x000000008cb00000| Complete 
| 204|0x000000008cc00000, 0x000000008cd00000, 0x000000008cd00000|100%| E|CS|TAMS 0x000000008cc00000, 0x000000008cc00000| Complete 
| 205|0x000000008cd00000, 0x000000008ce00000, 0x000000008ce00000|100%| E|CS|TAMS 0x000000008cd00000, 0x000000008cd00000| Complete 
| 206|0x000000008ce00000, 0x000000008cf00000, 0x000000008cf00000|100%| E|CS|TAMS 0x000000008ce00000, 0x000000008ce00000| Complete 
| 207|0x000000008cf00000, 0x000000008d000000, 0x000000008d000000|100%| E|CS|TAMS 0x000000008cf00000, 0x000000008cf00000| Complete 
| 208|0x000000008d000000, 0x000000008d100000, 0x000000008d100000|100%| E|CS|TAMS 0x000000008d000000, 0x000000008d000000| Complete 
| 209|0x000000008d100000, 0x000000008d200000, 0x000000008d200000|100%| E|CS|TAMS 0x000000008d100000, 0x000000008d100000| Complete 
| 210|0x000000008d200000, 0x000000008d300000, 0x000000008d300000|100%| E|CS|TAMS 0x000000008d200000, 0x000000008d200000| Complete 
| 211|0x000000008d300000, 0x000000008d400000, 0x000000008d400000|100%| E|CS|TAMS 0x000000008d300000, 0x000000008d300000| Complete 
| 212|0x000000008d400000, 0x000000008d500000, 0x000000008d500000|100%| E|CS|TAMS 0x000000008d400000, 0x000000008d400000| Complete 
| 213|0x000000008d500000, 0x000000008d600000, 0x000000008d600000|100%| E|CS|TAMS 0x000000008d500000, 0x000000008d500000| Complete 
| 214|0x000000008d600000, 0x000000008d700000, 0x000000008d700000|100%| E|CS|TAMS 0x000000008d600000, 0x000000008d600000| Complete 
| 215|0x000000008d700000, 0x000000008d800000, 0x000000008d800000|100%| E|CS|TAMS 0x000000008d700000, 0x000000008d700000| Complete 
| 216|0x000000008d800000, 0x000000008d900000, 0x000000008d900000|100%| E|CS|TAMS 0x000000008d800000, 0x000000008d800000| Complete 
| 217|0x000000008d900000, 0x000000008da00000, 0x000000008da00000|100%| E|CS|TAMS 0x000000008d900000, 0x000000008d900000| Complete 
| 218|0x000000008da00000, 0x000000008db00000, 0x000000008db00000|100%| E|CS|TAMS 0x000000008da00000, 0x000000008da00000| Complete 
| 219|0x000000008db00000, 0x000000008dc00000, 0x000000008dc00000|100%| E|CS|TAMS 0x000000008db00000, 0x000000008db00000| Complete 
| 220|0x000000008dc00000, 0x000000008dd00000, 0x000000008dd00000|100%| E|CS|TAMS 0x000000008dc00000, 0x000000008dc00000| Complete 
| 221|0x000000008dd00000, 0x000000008de00000, 0x000000008de00000|100%| E|CS|TAMS 0x000000008dd00000, 0x000000008dd00000| Complete 
| 222|0x000000008de00000, 0x000000008df00000, 0x000000008df00000|100%| E|CS|TAMS 0x000000008de00000, 0x000000008de00000| Complete 
| 223|0x000000008df00000, 0x000000008e000000, 0x000000008e000000|100%| E|CS|TAMS 0x000000008df00000, 0x000000008df00000| Complete 
| 224|0x000000008e000000, 0x000000008e100000, 0x000000008e100000|100%| E|CS|TAMS 0x000000008e000000, 0x000000008e000000| Complete 
| 225|0x000000008e100000, 0x000000008e200000, 0x000000008e200000|100%| E|CS|TAMS 0x000000008e100000, 0x000000008e100000| Complete 
| 226|0x000000008e200000, 0x000000008e300000, 0x000000008e300000|100%| E|CS|TAMS 0x000000008e200000, 0x000000008e200000| Complete 
| 227|0x000000008e300000, 0x000000008e400000, 0x000000008e400000|100%| E|CS|TAMS 0x000000008e300000, 0x000000008e300000| Complete 
| 228|0x000000008e400000, 0x000000008e500000, 0x000000008e500000|100%| E|CS|TAMS 0x000000008e400000, 0x000000008e400000| Complete 
| 229|0x000000008e500000, 0x000000008e600000, 0x000000008e600000|100%| E|CS|TAMS 0x000000008e500000, 0x000000008e500000| Complete 
| 230|0x000000008e600000, 0x000000008e700000, 0x000000008e700000|100%| E|CS|TAMS 0x000000008e600000, 0x000000008e600000| Complete 
| 231|0x000000008e700000, 0x000000008e800000, 0x000000008e800000|100%| E|CS|TAMS 0x000000008e700000, 0x000000008e700000| Complete 
| 232|0x000000008e800000, 0x000000008e900000, 0x000000008e900000|100%| E|CS|TAMS 0x000000008e800000, 0x000000008e800000| Complete 
| 233|0x000000008e900000, 0x000000008ea00000, 0x000000008ea00000|100%| E|CS|TAMS 0x000000008e900000, 0x000000008e900000| Complete 
| 234|0x000000008ea00000, 0x000000008eb00000, 0x000000008eb00000|100%| E|CS|TAMS 0x000000008ea00000, 0x000000008ea00000| Complete 
| 235|0x000000008eb00000, 0x000000008ec00000, 0x000000008ec00000|100%| E|CS|TAMS 0x000000008eb00000, 0x000000008eb00000| Complete 
| 236|0x000000008ec00000, 0x000000008ed00000, 0x000000008ed00000|100%| E|CS|TAMS 0x000000008ec00000, 0x000000008ec00000| Complete 
| 237|0x000000008ed00000, 0x000000008ee00000, 0x000000008ee00000|100%| E|CS|TAMS 0x000000008ed00000, 0x000000008ed00000| Complete 
| 238|0x000000008ee00000, 0x000000008ef00000, 0x000000008ef00000|100%| E|CS|TAMS 0x000000008ee00000, 0x000000008ee00000| Complete 
| 239|0x000000008ef00000, 0x000000008f000000, 0x000000008f000000|100%| E|CS|TAMS 0x000000008ef00000, 0x000000008ef00000| Complete 
| 240|0x000000008f000000, 0x000000008f100000, 0x000000008f100000|100%| E|CS|TAMS 0x000000008f000000, 0x000000008f000000| Complete 
| 241|0x000000008f100000, 0x000000008f200000, 0x000000008f200000|100%| E|CS|TAMS 0x000000008f100000, 0x000000008f100000| Complete 
| 242|0x000000008f200000, 0x000000008f300000, 0x000000008f300000|100%| E|CS|TAMS 0x000000008f200000, 0x000000008f200000| Complete 
| 243|0x000000008f300000, 0x000000008f400000, 0x000000008f400000|100%| E|CS|TAMS 0x000000008f300000, 0x000000008f300000| Complete 
| 244|0x000000008f400000, 0x000000008f500000, 0x000000008f500000|100%| E|CS|TAMS 0x000000008f400000, 0x000000008f400000| Complete 
| 245|0x000000008f500000, 0x000000008f600000, 0x000000008f600000|100%| E|CS|TAMS 0x000000008f500000, 0x000000008f500000| Complete 
| 246|0x000000008f600000, 0x000000008f700000, 0x000000008f700000|100%| E|CS|TAMS 0x000000008f600000, 0x000000008f600000| Complete 
| 247|0x000000008f700000, 0x000000008f800000, 0x000000008f800000|100%| E|CS|TAMS 0x000000008f700000, 0x000000008f700000| Complete 
| 248|0x000000008f800000, 0x000000008f900000, 0x000000008f900000|100%| E|CS|TAMS 0x000000008f800000, 0x000000008f800000| Complete 
| 249|0x000000008f900000, 0x000000008fa00000, 0x000000008fa00000|100%| E|CS|TAMS 0x000000008f900000, 0x000000008f900000| Complete 
| 250|0x000000008fa00000, 0x000000008fb00000, 0x000000008fb00000|100%| E|CS|TAMS 0x000000008fa00000, 0x000000008fa00000| Complete 
| 251|0x000000008fb00000, 0x000000008fc00000, 0x000000008fc00000|100%| E|CS|TAMS 0x000000008fb00000, 0x000000008fb00000| Complete 

Card table byte_map: [0x000001f097050000,0x000001f097450000] _byte_map_base: 0x000001f096c50000

Marking Bits (Prev, Next): (CMBitMap*) 0x000001f0faf4da40, (CMBitMap*) 0x000001f0faf4da08
 Prev Bits: [0x000001f099850000, 0x000001f09b850000)
 Next Bits: [0x000001f097850000, 0x000001f099850000)

Polling page: 0x000001f080000000

Metaspace:

Usage:
  Non-class:     58.90 MB capacity,    57.90 MB ( 98%) used,   830.21 KB (  1%) free+waste,   197.94 KB ( <1%) overhead. 
      Class:      9.48 MB capacity,     8.75 MB ( 92%) used,   654.37 KB (  7%) free+waste,    99.25 KB (  1%) overhead. 
       Both:     68.38 MB capacity,    66.64 MB ( 97%) used,     1.45 MB (  2%) free+waste,   297.19 KB ( <1%) overhead. 

Virtual space:
  Non-class space:       60.00 MB reserved,      59.00 MB ( 98%) committed 
      Class space:      504.00 MB reserved,       9.50 MB (  2%) committed 
             Both:      564.00 MB reserved,      68.50 MB ( 12%) committed 

Chunk freelists:
   Non-Class:  4.75 KB
       Class:  2.00 KB
        Both:  6.75 KB

CodeHeap 'non-profiled nmethods': size=120064Kb used=3788Kb max_used=3788Kb free=116275Kb
 bounds [0x000001f08f0e0000, 0x000001f08f4a0000, 0x000001f096620000]
CodeHeap 'profiled nmethods': size=120000Kb used=13209Kb max_used=13209Kb free=106791Kb
 bounds [0x000001f087bb0000, 0x000001f0888a0000, 0x000001f08f0e0000]
CodeHeap 'non-nmethods': size=5696Kb used=2303Kb max_used=2334Kb free=3392Kb
 bounds [0x000001f087620000, 0x000001f087890000, 0x000001f087bb0000]
 total_blobs=7037 nmethods=6141 adapters=807
 compilation: enabled
              stopped_count=0, restarted_count=0
 full_count=0

Compilation events (10 events):
Event: 87.438 Thread 0x000001f09e7b6800 nmethod 6168 0x000001f088892110 code [0x000001f0888922c0, 0x000001f088892538]
Event: 88.258 Thread 0x000001f09e7b6800 6169   !   3       sun.nio.cs.StreamDecoder::readBytes (289 bytes)
Event: 88.259 Thread 0x000001f09e7b6800 nmethod 6169 0x000001f088892610 code [0x000001f088892920, 0x000001f0888938c8]
Event: 88.259 Thread 0x000001f09e7b6800 6170       3       java.nio.HeapByteBuffer::compact (85 bytes)
Event: 88.260 Thread 0x000001f09e7b6800 nmethod 6170 0x000001f088894110 code [0x000001f088894300, 0x000001f088894908]
Event: 88.626 Thread 0x000001f09e7b6800 6171       3       java.util.jar.Manifest$FastInputStream::readLine (296 bytes)
Event: 88.626 Thread 0x000001f09e757800 6172 % !   4       java.util.jar.Attributes::read @ 11 (354 bytes)
Event: 88.627 Thread 0x000001f09e7b6800 nmethod 6171 0x000001f088894b10 code [0x000001f088894d20, 0x000001f088895608]
Event: 88.679 Thread 0x000001f09e7b6800 6173       3       kotlin.reflect.jvm.internal.impl.protobuf.CodedInputStream::readRawVarint32 (233 bytes)
Event: 88.680 Thread 0x000001f09e7b6800 nmethod 6173 0x000001f088895990 code [0x000001f088895b80, 0x000001f088896228]

GC Heap History (10 events):
Event: 26.607 GC heap before
{Heap before GC invocations=6 (full 0):
 garbage-first heap   total 258048K, used 83336K [0x0000000080000000, 0x0000000100000000)
  region size 1024K, 68 young (69632K), 4 survivors (4096K)
 Metaspace       used 26996K, capacity 27626K, committed 27904K, reserved 540672K
  class space    used 3532K, capacity 3808K, committed 3840K, reserved 516096K
}
Event: 26.617 GC heap after
{Heap after GC invocations=7 (full 0):
 garbage-first heap   total 258048K, used 20964K [0x0000000080000000, 0x0000000100000000)
  region size 1024K, 6 young (6144K), 6 survivors (6144K)
 Metaspace       used 26996K, capacity 27626K, committed 27904K, reserved 540672K
  class space    used 3532K, capacity 3808K, committed 3840K, reserved 516096K
}
Event: 28.508 GC heap before
{Heap before GC invocations=7 (full 0):
 garbage-first heap   total 258048K, used 81380K [0x0000000080000000, 0x0000000100000000)
  region size 1024K, 66 young (67584K), 6 survivors (6144K)
 Metaspace       used 35026K, capacity 35799K, committed 35968K, reserved 548864K
  class space    used 4552K, capacity 4878K, committed 4992K, reserved 516096K
}
Event: 28.520 GC heap after
{Heap after GC invocations=8 (full 0):
 garbage-first heap   total 258048K, used 23993K [0x0000000080000000, 0x0000000100000000)
  region size 1024K, 9 young (9216K), 9 survivors (9216K)
 Metaspace       used 35026K, capacity 35799K, committed 35968K, reserved 548864K
  class space    used 4552K, capacity 4878K, committed 4992K, reserved 516096K
}
Event: 55.435 GC heap before
{Heap before GC invocations=9 (full 0):
 garbage-first heap   total 258048K, used 127417K [0x0000000080000000, 0x0000000100000000)
  region size 1024K, 107 young (109568K), 9 survivors (9216K)
 Metaspace       used 42927K, capacity 44081K, committed 44160K, reserved 555008K
  class space    used 5494K, capacity 5988K, committed 6016K, reserved 516096K
}
Event: 55.464 GC heap after
{Heap after GC invocations=10 (full 0):
 garbage-first heap   total 258048K, used 31444K [0x0000000080000000, 0x0000000100000000)
  region size 1024K, 14 young (14336K), 14 survivors (14336K)
 Metaspace       used 42927K, capacity 44081K, committed 44160K, reserved 555008K
  class space    used 5494K, capacity 5988K, committed 6016K, reserved 516096K
}
Event: 60.551 GC heap before
{Heap before GC invocations=10 (full 0):
 garbage-first heap   total 258048K, used 151252K [0x0000000080000000, 0x0000000100000000)
  region size 1024K, 131 young (134144K), 14 survivors (14336K)
 Metaspace       used 51691K, capacity 53109K, committed 53248K, reserved 563200K
  class space    used 6738K, capacity 7333K, committed 7424K, reserved 516096K
}
Event: 60.574 GC heap after
{Heap after GC invocations=11 (full 0):
 garbage-first heap   total 258048K, used 35927K [0x0000000080000000, 0x0000000100000000)
  region size 1024K, 12 young (12288K), 12 survivors (12288K)
 Metaspace       used 51691K, capacity 53109K, committed 53248K, reserved 563200K
  class space    used 6738K, capacity 7333K, committed 7424K, reserved 516096K
}
Event: 69.026 GC heap before
{Heap before GC invocations=11 (full 0):
 garbage-first heap   total 258048K, used 91223K [0x0000000080000000, 0x0000000100000000)
  region size 1024K, 61 young (62464K), 12 survivors (12288K)
 Metaspace       used 58599K, capacity 60161K, committed 60288K, reserved 569344K
  class space    used 7585K, capacity 8232K, committed 8320K, reserved 516096K
}
Event: 69.044 GC heap after
{Heap after GC invocations=12 (full 0):
 garbage-first heap   total 258048K, used 46556K [0x0000000080000000, 0x0000000100000000)
  region size 1024K, 10 young (10240K), 10 survivors (10240K)
 Metaspace       used 58599K, capacity 60161K, committed 60288K, reserved 569344K
  class space    used 7585K, capacity 8232K, committed 8320K, reserved 516096K
}

Deoptimization events (10 events):
Event: 80.422 Thread 0x000001f09f56d800 Uncommon trap: reason=profile_predicate action=maybe_recompile pc=0x000001f08f40e6a8 method=java.util.TreeMap.getEntryUsingComparator(Ljava/lang/Object;)Ljava/util/TreeMap$Entry; @ 19 c2
Event: 80.427 Thread 0x000001f09f56d800 Uncommon trap: reason=profile_predicate action=maybe_recompile pc=0x000001f08f40e6a8 method=java.util.TreeMap.getEntryUsingComparator(Ljava/lang/Object;)Ljava/util/TreeMap$Entry; @ 19 c2
Event: 80.437 Thread 0x000001f09f56d800 Uncommon trap: reason=profile_predicate action=maybe_recompile pc=0x000001f08f40e6a8 method=java.util.TreeMap.getEntryUsingComparator(Ljava/lang/Object;)Ljava/util/TreeMap$Entry; @ 19 c2
Event: 80.437 Thread 0x000001f09f56d800 Uncommon trap: reason=profile_predicate action=maybe_recompile pc=0x000001f08f40e6a8 method=java.util.TreeMap.getEntryUsingComparator(Ljava/lang/Object;)Ljava/util/TreeMap$Entry; @ 19 c2
Event: 80.538 Thread 0x000001f09f56d800 Uncommon trap: reason=unstable_if action=reinterpret pc=0x000001f08f37c564 method=org.gradle.internal.instantiation.generator.AbstractClassGenerator$InjectionAnnotationValidator.validateMethod(Ljava/lang/reflect/Method;Lorg/gradle/internal/reflect/Propert
Event: 80.539 Thread 0x000001f09f56d800 Uncommon trap: reason=class_check action=maybe_recompile pc=0x000001f08f420c24 method=org.gradle.internal.instantiation.generator.AbstractClassGenerator$InjectionAnnotationValidator.validateMethod(Ljava/lang/reflect/Method;Lorg/gradle/internal/reflect/Pro
Event: 80.539 Thread 0x000001f09f56d800 Uncommon trap: reason=class_check action=maybe_recompile pc=0x000001f08f450180 method=com.google.common.reflect.TypeVisitor.visit([Ljava/lang/reflect/Type;)V @ 99 c2
Event: 80.539 Thread 0x000001f09f56d800 Uncommon trap: reason=class_check action=maybe_recompile pc=0x000001f08f4520a0 method=com.google.common.reflect.TypeVisitor.visit([Ljava/lang/reflect/Type;)V @ 96 c2
Event: 80.539 Thread 0x000001f09f56d800 Uncommon trap: reason=class_check action=maybe_recompile pc=0x000001f08f4520a0 method=com.google.common.reflect.TypeVisitor.visit([Ljava/lang/reflect/Type;)V @ 96 c2
Event: 85.224 Thread 0x000001f09f56d800 Uncommon trap: reason=unstable_if action=reinterpret pc=0x000001f08f2310e4 method=java.util.jar.JarFile.getVersionedEntry(Ljava/lang/String;Ljava/util/jar/JarEntry;)Ljava/util/jar/JarEntry; @ 67 c2

Classes redefined (0 events):
No events

Internal exceptions (10 events):
Event: 81.137 Thread 0x000001f09f56d800 Exception <a 'java/lang/ClassNotFoundException'{0x000000008aac8e48}: org/jetbrains/kotlin/gradle/targets/js/npm/NpmDependencyExtensionKt$defaultNpmDependencyDelegate$1BeanInfo> (0x000000008aac8e48) thrown at [./open/src/hotspot/share/classfile/systemDicti
Event: 81.137 Thread 0x000001f09f56d800 Exception <a 'java/lang/ClassNotFoundException'{0x000000008aad6d98}: org/jetbrains/kotlin/gradle/targets/js/npm/NpmDependencyExtensionDelegateBeanInfo> (0x000000008aad6d98) thrown at [./open/src/hotspot/share/classfile/systemDictionary.cpp, line 226]
Event: 81.138 Thread 0x000001f09f56d800 Exception <a 'java/lang/ClassNotFoundException'{0x000000008aae4fd0}: org/jetbrains/kotlin/gradle/targets/js/npm/NpmDependencyExtensionDelegateCustomizer> (0x000000008aae4fd0) thrown at [./open/src/hotspot/share/classfile/systemDictionary.cpp, line 226]
Event: 81.139 Thread 0x000001f09f56d800 Exception <a 'java/lang/ClassNotFoundException'{0x000000008a90cd48}: org/jetbrains/kotlin/gradle/targets/js/npm/NpmDependencyExtensionKt$defaultNpmDependencyDelegate$1Customizer> (0x000000008a90cd48) thrown at [./open/src/hotspot/share/classfile/systemDic
Event: 81.143 Thread 0x000001f09f56d800 Exception <a 'java/lang/ClassNotFoundException'{0x000000008a951f00}: org/jetbrains/kotlin/gradle/targets/js/npm/DefaultDevNpmDependencyExtensionBeanInfo> (0x000000008a951f00) thrown at [./open/src/hotspot/share/classfile/systemDictionary.cpp, line 226]
Event: 81.143 Thread 0x000001f09f56d800 Exception <a 'java/lang/ClassNotFoundException'{0x000000008a960140}: org/jetbrains/kotlin/gradle/targets/js/npm/DefaultDevNpmDependencyExtensionCustomizer> (0x000000008a960140) thrown at [./open/src/hotspot/share/classfile/systemDictionary.cpp, line 226]
Event: 81.146 Thread 0x000001f09f56d800 Exception <a 'java/lang/ClassNotFoundException'{0x000000008a9a85e8}: org/jetbrains/kotlin/gradle/targets/js/npm/DefaultPeerNpmDependencyExtensionBeanInfo> (0x000000008a9a85e8) thrown at [./open/src/hotspot/share/classfile/systemDictionary.cpp, line 226]
Event: 81.147 Thread 0x000001f09f56d800 Exception <a 'java/lang/ClassNotFoundException'{0x000000008a9b6838}: org/jetbrains/kotlin/gradle/targets/js/npm/DefaultPeerNpmDependencyExtensionCustomizer> (0x000000008a9b6838) thrown at [./open/src/hotspot/share/classfile/systemDictionary.cpp, line 226]
Event: 81.151 Thread 0x000001f09f56d800 Exception <a 'java/lang/ClassNotFoundException'{0x000000008a805ea8}: org/jetbrains/kotlin/gradle/targets/js/npm/DefaultPeerNpmDependencyExtension$delegate$1BeanInfo> (0x000000008a805ea8) thrown at [./open/src/hotspot/share/classfile/systemDictionary.cpp, 
Event: 81.151 Thread 0x000001f09f56d800 Exception <a 'java/lang/ClassNotFoundException'{0x000000008a814520}: org/jetbrains/kotlin/gradle/targets/js/npm/DefaultPeerNpmDependencyExtension$delegate$1Customizer> (0x000000008a814520) thrown at [./open/src/hotspot/share/classfile/systemDictionary.cpp

Events (10 events):
Event: 88.642 loading class kotlin/reflect/jvm/internal/impl/protobuf/BoundedByteString
Event: 88.642 loading class kotlin/reflect/jvm/internal/impl/protobuf/BoundedByteString done
Event: 88.642 loading class kotlin/reflect/jvm/internal/impl/protobuf/CodedOutputStream
Event: 88.642 loading class kotlin/reflect/jvm/internal/impl/protobuf/CodedOutputStream done
Event: 88.678 loading class kotlin/reflect/jvm/internal/impl/protobuf/CodedOutputStream$OutOfSpaceException
Event: 88.678 loading class kotlin/reflect/jvm/internal/impl/protobuf/CodedOutputStream$OutOfSpaceException done
Event: 88.678 loading class kotlin/reflect/jvm/internal/impl/protobuf/WireFormat
Event: 88.678 loading class kotlin/reflect/jvm/internal/impl/protobuf/WireFormat done
Event: 88.679 loading class kotlin/reflect/jvm/internal/impl/metadata/ProtoBuf$QualifiedNameTable$QualifiedName
Event: 88.679 loading class kotlin/reflect/jvm/internal/impl/metadata/ProtoBuf$QualifiedNameTable$QualifiedName done


Dynamic libraries:
0x00007ff7ea230000 - 0x00007ff7ea240000 	C:\Program Files\Java\jdk-11.0.18\bin\java.exe
0x00007ff89a350000 - 0x00007ff89a567000 	C:\WINDOWS\SYSTEM32\ntdll.dll
0x00007ff898590000 - 0x00007ff898654000 	C:\WINDOWS\System32\KERNEL32.DLL
0x00007ff8979d0000 - 0x00007ff897d75000 	C:\WINDOWS\System32\KERNELBASE.dll
0x00007ff897760000 - 0x00007ff897871000 	C:\WINDOWS\System32\ucrtbase.dll
0x00007ff866a40000 - 0x00007ff866a58000 	C:\Program Files\Java\jdk-11.0.18\bin\jli.dll
0x00007ff8990b0000 - 0x00007ff899161000 	C:\WINDOWS\System32\ADVAPI32.dll
0x00007ff8999a0000 - 0x00007ff899a47000 	C:\WINDOWS\System32\msvcrt.dll
0x00007ff899b50000 - 0x00007ff899bf6000 	C:\WINDOWS\System32\sechost.dll
0x00007ff899cd0000 - 0x00007ff899de7000 	C:\WINDOWS\System32\RPCRT4.dll
0x00007ff89a060000 - 0x00007ff89a20e000 	C:\WINDOWS\System32\USER32.dll
0x00007ff897880000 - 0x00007ff8978a6000 	C:\WINDOWS\System32\win32u.dll
0x00007ff899df0000 - 0x00007ff899e19000 	C:\WINDOWS\System32\GDI32.dll
0x00007ff8978b0000 - 0x00007ff8979c9000 	C:\WINDOWS\System32\gdi32full.dll
0x00007ff8976c0000 - 0x00007ff89775a000 	C:\WINDOWS\System32\msvcp_win.dll
0x00007ff87aa30000 - 0x00007ff87acc3000 	C:\WINDOWS\WinSxS\amd64_microsoft.windows.common-controls_6595b64144ccf1df_6.0.22621.2506_none_270c5ae97388e100\COMCTL32.dll
0x00007ff884b10000 - 0x00007ff884b1a000 	C:\WINDOWS\SYSTEM32\VERSION.dll
0x00007ff8643d0000 - 0x00007ff8643eb000 	C:\Program Files\Java\jdk-11.0.18\bin\VCRUNTIME140.dll
0x00007ff898760000 - 0x00007ff898791000 	C:\WINDOWS\System32\IMM32.DLL
0x00007ff87a960000 - 0x00007ff87a96c000 	C:\Program Files\Java\jdk-11.0.18\bin\vcruntime140_1.dll
0x00007ff8394b0000 - 0x00007ff83953e000 	C:\Program Files\Java\jdk-11.0.18\bin\msvcp140.dll
0x00007fffdf6a0000 - 0x00007fffe0208000 	C:\Program Files\Java\jdk-11.0.18\bin\server\jvm.dll
0x00007ff899170000 - 0x00007ff899178000 	C:\WINDOWS\System32\PSAPI.DLL
0x00007ff86f440000 - 0x00007ff86f449000 	C:\WINDOWS\SYSTEM32\WSOCK32.dll
0x00007ff8980a0000 - 0x00007ff898111000 	C:\WINDOWS\System32\WS2_32.dll
0x00007ff88a660000 - 0x00007ff88a694000 	C:\WINDOWS\SYSTEM32\WINMM.dll
0x00007ff896620000 - 0x00007ff896638000 	C:\WINDOWS\SYSTEM32\kernel.appcore.dll
0x00007ff87a670000 - 0x00007ff87a680000 	C:\Program Files\Java\jdk-11.0.18\bin\verify.dll
0x00007ff895110000 - 0x00007ff895343000 	C:\WINDOWS\SYSTEM32\DBGHELP.DLL
0x00007ff899600000 - 0x00007ff899989000 	C:\WINDOWS\System32\combase.dll
0x00007ff899a70000 - 0x00007ff899b47000 	C:\WINDOWS\System32\OLEAUT32.dll
0x00007ff8708e0000 - 0x00007ff870912000 	C:\WINDOWS\SYSTEM32\dbgcore.DLL
0x00007ff898020000 - 0x00007ff89809a000 	C:\WINDOWS\System32\bcryptPrimitives.dll
0x00007ff85b7e0000 - 0x00007ff85b808000 	C:\Program Files\Java\jdk-11.0.18\bin\java.dll
0x00007ff879df0000 - 0x00007ff879dfa000 	C:\Program Files\Java\jdk-11.0.18\bin\jimage.dll
0x00007ff860390000 - 0x00007ff8603a7000 	C:\Program Files\Java\jdk-11.0.18\bin\zip.dll
0x00007ff898850000 - 0x00007ff8990a9000 	C:\WINDOWS\System32\SHELL32.dll
0x00007ff895590000 - 0x00007ff895e84000 	C:\WINDOWS\SYSTEM32\windows.storage.dll
0x00007ff895450000 - 0x00007ff89558e000 	C:\WINDOWS\SYSTEM32\wintypes.dll
0x00007ff89a210000 - 0x00007ff89a303000 	C:\WINDOWS\System32\SHCORE.dll
0x00007ff898210000 - 0x00007ff89826e000 	C:\WINDOWS\System32\shlwapi.dll
0x00007ff8975f0000 - 0x00007ff897616000 	C:\WINDOWS\SYSTEM32\profapi.dll
0x00007ff85c7b0000 - 0x00007ff85c7c9000 	C:\Program Files\Java\jdk-11.0.18\bin\net.dll
0x00007ff88c4b0000 - 0x00007ff88c5e7000 	C:\WINDOWS\SYSTEM32\WINHTTP.dll
0x00007ff896af0000 - 0x00007ff896b59000 	C:\WINDOWS\system32\mswsock.dll
0x00007ff858160000 - 0x00007ff858172000 	C:\Program Files\Java\jdk-11.0.18\bin\nio.dll
0x00007ff853e60000 - 0x00007ff853e87000 	C:\Users\Kishore Gurti\.gradle\native\68d5fa5c4cc2d200863cafc0d521ce42e7d3e7ee720ec0a83991735586a16f82\windows-amd64\native-platform.dll
0x00007ff8268d0000 - 0x00007ff826a14000 	C:\Users\Kishore Gurti\.gradle\native\e376f236ea51e6404a007f0833ffe2c6e607c4080706a723a18a27aeea778392\windows-amd64\native-platform-file-events.dll
0x00007ff8798a0000 - 0x00007ff8798a9000 	C:\Program Files\Java\jdk-11.0.18\bin\management.dll
0x00007ff879670000 - 0x00007ff87967b000 	C:\Program Files\Java\jdk-11.0.18\bin\management_ext.dll
0x00007ff896e40000 - 0x00007ff896e5b000 	C:\WINDOWS\SYSTEM32\CRYPTSP.dll
0x00007ff8965e0000 - 0x00007ff896615000 	C:\WINDOWS\system32\rsaenh.dll
0x00007ff896b90000 - 0x00007ff896bbc000 	C:\WINDOWS\SYSTEM32\USERENV.dll
0x00007ff896f80000 - 0x00007ff896fa8000 	C:\WINDOWS\SYSTEM32\bcrypt.dll
0x00007ff896e20000 - 0x00007ff896e2c000 	C:\WINDOWS\SYSTEM32\CRYPTBASE.dll
0x00007ff8960f0000 - 0x00007ff89611d000 	C:\WINDOWS\SYSTEM32\IPHLPAPI.DLL
0x00007ff899990000 - 0x00007ff899999000 	C:\WINDOWS\System32\NSI.dll
0x00007ff88cf90000 - 0x00007ff88cfa9000 	C:\WINDOWS\SYSTEM32\dhcpcsvc6.DLL
0x00007ff88c3e0000 - 0x00007ff88c3ff000 	C:\WINDOWS\SYSTEM32\dhcpcsvc.DLL
0x00007ff896120000 - 0x00007ff896219000 	C:\WINDOWS\SYSTEM32\DNSAPI.dll
0x00007ff853d80000 - 0x00007ff853da7000 	C:\Program Files\Java\jdk-11.0.18\bin\sunec.dll
0x00007ff884980000 - 0x00007ff88498a000 	C:\Windows\System32\rasadhlp.dll
0x00007ff884cb0000 - 0x00007ff884d33000 	C:\WINDOWS\System32\fwpuclnt.dll
0x00007ff86f450000 - 0x00007ff86f45d000 	C:\Program Files\Java\jdk-11.0.18\bin\sunmscapi.dll
0x00007ff897df0000 - 0x00007ff897f56000 	C:\WINDOWS\System32\CRYPT32.dll
0x00007ff896f50000 - 0x00007ff896f7d000 	C:\WINDOWS\SYSTEM32\ncrypt.dll
0x00007ff896f10000 - 0x00007ff896f47000 	C:\WINDOWS\SYSTEM32\NTASN1.dll

dbghelp: loaded successfully - version: 4.0.5 - missing functions: none
symbol engine: initialized successfully - sym options: 0x614 - pdb path: .;C:\Program Files\Java\jdk-11.0.18\bin;C:\WINDOWS\SYSTEM32;C:\WINDOWS\WinSxS\amd64_microsoft.windows.common-controls_6595b64144ccf1df_6.0.22621.2506_none_270c5ae97388e100;C:\Program Files\Java\jdk-11.0.18\bin\server;C:\Users\Kishore Gurti\.gradle\native\68d5fa5c4cc2d200863cafc0d521ce42e7d3e7ee720ec0a83991735586a16f82\windows-amd64;C:\Users\Kishore Gurti\.gradle\native\e376f236ea51e6404a007f0833ffe2c6e607c4080706a723a18a27aeea778392\windows-amd64

VM Arguments:
jvm_args: -XX:MaxMetaspaceSize=512m --add-opens=java.base/java.util=ALL-UNNAMED --add-opens=java.base/java.lang=ALL-UNNAMED --add-opens=java.base/java.lang.invoke=ALL-UNNAMED --add-opens=java.prefs/java.util.prefs=ALL-UNNAMED --add-opens=java.base/java.nio.charset=ALL-UNNAMED --add-opens=java.base/java.net=ALL-UNNAMED --add-opens=java.base/java.util.concurrent.atomic=ALL-UNNAMED -Xmx2048m -Dfile.encoding=windows-1252 -Duser.country=IN -Duser.language=en -Duser.variant 
java_command: org.gradle.launcher.daemon.bootstrap.GradleDaemon 8.0.1
java_class_path (initial): C:\Users\Kishore Gurti\.gradle\wrapper\dists\gradle-8.0.1-all\aro4hu1c3oeioove7l0i4i14o\gradle-8.0.1\lib\gradle-launcher-8.0.1.jar
Launcher Type: SUN_STANDARD

[Global flags]
     intx CICompilerCount                          = 3                                         {product} {ergonomic}
   size_t CompressedClassSpaceSize                 = 528482304                                 {product} {ergonomic}
     uint ConcGCThreads                            = 1                                         {product} {ergonomic}
     uint G1ConcRefinementThreads                  = 4                                         {product} {ergonomic}
   size_t G1HeapRegionSize                         = 1048576                                   {product} {ergonomic}
    uintx GCDrainStackTargetSize                   = 64                                        {product} {ergonomic}
   size_t InitialHeapSize                          = 264241152                                 {product} {ergonomic}
   size_t MarkStackSize                            = 4194304                                   {product} {ergonomic}
   size_t MaxHeapSize                              = 2147483648                                {product} {command line}
   size_t MaxMetaspaceSize                         = 536870912                                 {product} {command line}
   size_t MaxNewSize                               = 1287651328                                {product} {ergonomic}
   size_t MinHeapDeltaBytes                        = 1048576                                   {product} {ergonomic}
    uintx NonNMethodCodeHeapSize                   = 5830732                                {pd product} {ergonomic}
    uintx NonProfiledCodeHeapSize                  = 122913754                              {pd product} {ergonomic}
    uintx ProfiledCodeHeapSize                     = 122913754                              {pd product} {ergonomic}
    uintx ReservedCodeCacheSize                    = 251658240                              {pd product} {ergonomic}
     bool SegmentedCodeCache                       = true                                      {product} {ergonomic}
     bool UseCompressedClassPointers               = true                                 {lp64_product} {ergonomic}
     bool UseCompressedOops                        = true                                 {lp64_product} {ergonomic}
     bool UseG1GC                                  = true                                      {product} {ergonomic}
     bool UseLargePagesIndividualAllocation        = false                                  {pd product} {ergonomic}

Logging:
Log output configuration:
 #0: stdout all=warning uptime,level,tags
 #1: stderr all=off uptime,level,tags

Environment Variables:
JAVA_HOME=C:\Program Files\Java\jdk-11.0.18
CLASSPATH=C:\Users\Kishore Gurti\Desktop\my-fda\FoodDeliveryApp\android\\gradle\wrapper\gradle-wrapper.jar
PATH=C:\Users\Kishore Gurti\Desktop\my-fda\FoodDeliveryApp\node_modules\.bin;C:\Users\Kishore Gurti\Desktop\my-fda\FoodDeliveryApp\node_modules\.bin;C:\Users\Kishore Gurti\Desktop\my-fda\node_modules\.bin;C:\Users\Kishore Gurti\Desktop\node_modules\.bin;C:\Users\Kishore Gurti\node_modules\.bin;C:\Users\node_modules\.bin;C:\node_modules\.bin;C:\Users\Kishore Gurti\AppData\Roaming\npm\node_modules\npm\node_modules\@npmcli\run-script\lib\node-gyp-bin;C:\Program Files\Common Files\Oracle\Java\javapath;C:\WINDOWS\system32;C:\WINDOWS;C:\WINDOWS\System32\Wbem;C:\WINDOWS\System32\WindowsPowerShell\v1.0\;C:\WINDOWS\System32\OpenSSH\;C:\Program Files\Git\cmd;C:\ProgramData\chocolatey\bin;C:\Program Files\Java\jdk-11\bin;C:\Program Files\PuTTY\;C:\Program Files\nodejs\;C:\Program Files\Java\jdk-17\bin;C:\Program Files\Java\javaPaths;C:\Program Files\Java\jdk-11.0.18\bin;;C:\Program Files\Docker\Docker\resources\bin;C:\Users\Kishore Gurti\AppData\Local\Microsoft\WindowsApps;C:\Users\Kishore Gurti\AppData\Local\Programs\Microsoft VS Code\bin;C:\Users\Kishore Gurti\AppData\Local\GitHubDesktop\bin;C:\Users\Kishore Gurti\AppData\Local\Android\Sdk\platform-tools;C:\Program Files\Java\jdk-11\bin;C:\Users\Kishore Gurti\AppData\Roaming\npm;C:\Software\apache-maven-3.6.3\bin;
USERNAME=Kishor Guriti
OS=Windows_NT
PROCESSOR_IDENTIFIER=Intel64 Family 6 Model 140 Stepping 1, GenuineIntel



---------------  S Y S T E M  ---------------

OS: Windows 11 , 64 bit Build 22621 (10.0.22621.2506)
Hyper-V role detected

CPU:total 4 (initial active 4) (2 cores per cpu, 2 threads per core) family 6 model 140 stepping 1 microcode 0xac, cmov, cx8, fxsr, mmx, sse, sse2, sse3, ssse3, sse4.1, sse4.2, popcnt, avx, avx2, aes, clmul, erms, 3dnowpref, lzcnt, ht, tsc, tscinvbit, bmi1, bmi2, adx, evex, sha, fma

Memory: 4k page, system-wide physical 16124M (96M free)
TotalPageFile size 65276M (AvailPageFile size 5M)
current process WorkingSet (physical memory assigned to process): 332M, peak: 360M
current process commit charge ("private bytes"): 465M, peak: 472M

vm_info: Java HotSpot(TM) 64-Bit Server VM (11.0.18+9-LTS-195) for windows-amd64 JRE (11.0.18+9-LTS-195), built on Dec  6 2022 15:50:58 by "mach5one" with MS VC++ 17.1 (VS2022)

END.
